mode: set
github.com/22Fariz22/shorturl/internal/worker/worker.go:23.51,31.2 1 0
github.com/22Fariz22/shorturl/internal/worker/worker.go:40.80,41.9 1 0
github.com/22Fariz22/shorturl/internal/worker/worker.go:42.20,43.47 1 0
github.com/22Fariz22/shorturl/internal/worker/worker.go:47.4,48.13 1 0
github.com/22Fariz22/shorturl/internal/worker/worker.go:53.38,54.29 1 0
github.com/22Fariz22/shorturl/internal/worker/worker.go:54.29,56.13 2 0
github.com/22Fariz22/shorturl/internal/worker/worker.go:56.13,58.8 2 0
github.com/22Fariz22/shorturl/internal/worker/worker.go:58.8,59.12 1 0
github.com/22Fariz22/shorturl/internal/worker/worker.go:60.23,61.12 1 0
github.com/22Fariz22/shorturl/internal/worker/worker.go:62.33,63.13 1 0
github.com/22Fariz22/shorturl/internal/worker/worker.go:67.6,68.20 2 0
github.com/22Fariz22/shorturl/internal/worker/worker.go:63.13,65.7 1 0
github.com/22Fariz22/shorturl/internal/worker/worker.go:68.20,70.7 1 0
github.com/22Fariz22/shorturl/internal/worker/worker.go:78.23,79.19 1 0
github.com/22Fariz22/shorturl/internal/worker/worker.go:83.2,83.13 1 0
github.com/22Fariz22/shorturl/internal/worker/worker.go:79.19,82.3 2 0
github.com/22Fariz22/shorturl/internal/usecase/file/file.go:27.71,30.2 2 0
github.com/22Fariz22/shorturl/internal/usecase/file/file.go:33.106,35.27 1 0
github.com/22Fariz22/shorturl/internal/usecase/file/file.go:50.2,50.12 1 0
github.com/22Fariz22/shorturl/internal/usecase/file/file.go:35.27,42.17 3 0
github.com/22Fariz22/shorturl/internal/usecase/file/file.go:46.3,48.59 3 0
github.com/22Fariz22/shorturl/internal/usecase/file/file.go:42.17,45.4 2 0
github.com/22Fariz22/shorturl/internal/usecase/file/file.go:60.56,62.16 2 0
github.com/22Fariz22/shorturl/internal/usecase/file/file.go:65.2,68.8 1 0
github.com/22Fariz22/shorturl/internal/usecase/file/file.go:62.16,64.3 1 0
github.com/22Fariz22/shorturl/internal/usecase/file/file.go:72.49,76.16 3 0
github.com/22Fariz22/shorturl/internal/usecase/file/file.go:80.2,84.3 1 0
github.com/22Fariz22/shorturl/internal/usecase/file/file.go:76.16,78.3 1 0
github.com/22Fariz22/shorturl/internal/usecase/file/file.go:88.41,91.21 2 0
github.com/22Fariz22/shorturl/internal/usecase/file/file.go:100.2,100.38 1 0
github.com/22Fariz22/shorturl/internal/usecase/file/file.go:103.2,103.12 1 0
github.com/22Fariz22/shorturl/internal/usecase/file/file.go:91.21,95.17 4 0
github.com/22Fariz22/shorturl/internal/usecase/file/file.go:98.3,98.64 1 0
github.com/22Fariz22/shorturl/internal/usecase/file/file.go:95.17,97.4 1 0
github.com/22Fariz22/shorturl/internal/usecase/file/file.go:100.38,102.3 1 0
github.com/22Fariz22/shorturl/internal/usecase/file/file.go:107.118,115.16 3 0
github.com/22Fariz22/shorturl/internal/usecase/file/file.go:119.2,122.16 4 0
github.com/22Fariz22/shorturl/internal/usecase/file/file.go:115.16,118.3 2 0
github.com/22Fariz22/shorturl/internal/usecase/file/file.go:126.91,129.2 2 0
github.com/22Fariz22/shorturl/internal/usecase/file/file.go:132.98,134.2 1 0
github.com/22Fariz22/shorturl/internal/usecase/file/file.go:137.60,139.2 1 0
github.com/22Fariz22/shorturl/internal/usecase/memory/memory.go:21.43,23.2 1 0
github.com/22Fariz22/shorturl/internal/usecase/memory/memory.go:26.31,31.2 2 0
github.com/22Fariz22/shorturl/internal/usecase/memory/memory.go:34.120,38.2 3 0
github.com/22Fariz22/shorturl/internal/usecase/memory/memory.go:41.93,46.2 4 0
github.com/22Fariz22/shorturl/internal/usecase/memory/memory.go:49.100,51.2 1 0
github.com/22Fariz22/shorturl/internal/usecase/memory/memory.go:54.62,56.2 1 0
github.com/22Fariz22/shorturl/internal/usecase/memory/memory.go:59.108,60.27 1 0
github.com/22Fariz22/shorturl/internal/usecase/memory/memory.go:67.2,67.12 1 0
github.com/22Fariz22/shorturl/internal/usecase/memory/memory.go:60.27,66.3 2 0
github.com/22Fariz22/shorturl/internal/usecase/memory/memory.go:71.73,75.2 3 0
github.com/22Fariz22/shorturl/cmd/shortener/main.go:10.13,16.2 2 0
github.com/22Fariz22/shorturl/internal/usecase/mocks/mock_interfaces.go:27.65,31.2 3 0
github.com/22Fariz22/shorturl/internal/usecase/mocks/mock_interfaces.go:34.63,36.2 1 0
github.com/22Fariz22/shorturl/internal/usecase/mocks/mock_interfaces.go:39.67,44.2 4 0
github.com/22Fariz22/shorturl/internal/usecase/mocks/mock_interfaces.go:47.83,50.2 2 0
github.com/22Fariz22/shorturl/internal/usecase/mocks/mock_interfaces.go:53.97,59.2 5 0
github.com/22Fariz22/shorturl/internal/usecase/mocks/mock_interfaces.go:62.83,65.2 2 0
github.com/22Fariz22/shorturl/internal/usecase/mocks/mock_interfaces.go:68.87,74.2 5 0
github.com/22Fariz22/shorturl/internal/usecase/mocks/mock_interfaces.go:77.83,80.2 2 0
github.com/22Fariz22/shorturl/internal/usecase/mocks/mock_interfaces.go:83.39,88.2 4 0
github.com/22Fariz22/shorturl/internal/usecase/mocks/mock_interfaces.go:91.59,94.2 2 0
github.com/22Fariz22/shorturl/internal/usecase/mocks/mock_interfaces.go:97.59,102.2 4 0
github.com/22Fariz22/shorturl/internal/usecase/mocks/mock_interfaces.go:105.75,108.2 2 0
github.com/22Fariz22/shorturl/internal/usecase/mocks/mock_interfaces.go:111.100,116.2 4 0
github.com/22Fariz22/shorturl/internal/usecase/mocks/mock_interfaces.go:119.92,122.2 2 0
github.com/22Fariz22/shorturl/internal/usecase/mocks/mock_interfaces.go:125.97,131.2 5 0
github.com/22Fariz22/shorturl/internal/usecase/mocks/mock_interfaces.go:134.96,137.2 2 0
github.com/22Fariz22/shorturl/internal/usecase/db/db.go:26.49,30.2 1 0
github.com/22Fariz22/shorturl/internal/usecase/db/db.go:33.39,38.16 4 0
github.com/22Fariz22/shorturl/internal/usecase/db/db.go:42.2,47.16 3 0
github.com/22Fariz22/shorturl/internal/usecase/db/db.go:51.2,51.12 1 0
github.com/22Fariz22/shorturl/internal/usecase/db/db.go:38.16,41.3 2 0
github.com/22Fariz22/shorturl/internal/usecase/db/db.go:47.16,50.3 2 0
github.com/22Fariz22/shorturl/internal/usecase/db/db.go:55.69,63.16 6 0
github.com/22Fariz22/shorturl/internal/usecase/db/db.go:67.2,72.16 4 0
github.com/22Fariz22/shorturl/internal/usecase/db/db.go:77.2,77.22 1 0
github.com/22Fariz22/shorturl/internal/usecase/db/db.go:89.2,91.16 3 0
github.com/22Fariz22/shorturl/internal/usecase/db/db.go:95.2,95.12 1 0
github.com/22Fariz22/shorturl/internal/usecase/db/db.go:63.16,66.3 2 0
github.com/22Fariz22/shorturl/internal/usecase/db/db.go:72.16,75.3 2 0
github.com/22Fariz22/shorturl/internal/usecase/db/db.go:77.22,83.17 4 0
github.com/22Fariz22/shorturl/internal/usecase/db/db.go:83.17,86.4 2 0
github.com/22Fariz22/shorturl/internal/usecase/db/db.go:91.16,94.3 2 0
github.com/22Fariz22/shorturl/internal/usecase/db/db.go:99.117,109.16 7 0
github.com/22Fariz22/shorturl/internal/usecase/db/db.go:112.2,112.13 1 0
github.com/22Fariz22/shorturl/internal/usecase/db/db.go:124.2,128.16 3 0
github.com/22Fariz22/shorturl/internal/usecase/db/db.go:132.2,134.29 3 0
github.com/22Fariz22/shorturl/internal/usecase/db/db.go:109.16,111.3 1 0
github.com/22Fariz22/shorturl/internal/usecase/db/db.go:112.13,116.17 2 0
github.com/22Fariz22/shorturl/internal/usecase/db/db.go:120.3,120.17 1 0
github.com/22Fariz22/shorturl/internal/usecase/db/db.go:116.17,119.4 2 0
github.com/22Fariz22/shorturl/internal/usecase/db/db.go:128.16,131.3 2 0
github.com/22Fariz22/shorturl/internal/usecase/db/db.go:138.104,139.27 1 0
github.com/22Fariz22/shorturl/internal/usecase/db/db.go:147.2,147.12 1 0
github.com/22Fariz22/shorturl/internal/usecase/db/db.go:139.27,142.17 2 0
github.com/22Fariz22/shorturl/internal/usecase/db/db.go:142.17,145.4 2 0
github.com/22Fariz22/shorturl/internal/usecase/db/db.go:151.89,153.16 2 0
github.com/22Fariz22/shorturl/internal/usecase/db/db.go:159.2,163.17 3 0
github.com/22Fariz22/shorturl/internal/usecase/db/db.go:172.2,172.20 1 0
github.com/22Fariz22/shorturl/internal/usecase/db/db.go:175.2,175.22 1 0
github.com/22Fariz22/shorturl/internal/usecase/db/db.go:153.16,158.3 2 0
github.com/22Fariz22/shorturl/internal/usecase/db/db.go:163.17,166.17 3 0
github.com/22Fariz22/shorturl/internal/usecase/db/db.go:169.3,169.25 1 0
github.com/22Fariz22/shorturl/internal/usecase/db/db.go:166.17,168.4 1 0
github.com/22Fariz22/shorturl/internal/usecase/db/db.go:172.20,174.3 1 0
github.com/22Fariz22/shorturl/internal/usecase/db/db.go:179.96,181.16 2 0
github.com/22Fariz22/shorturl/internal/usecase/db/db.go:185.2,189.18 3 0
github.com/22Fariz22/shorturl/internal/usecase/db/db.go:202.2,202.18 1 0
github.com/22Fariz22/shorturl/internal/usecase/db/db.go:181.16,184.3 2 0
github.com/22Fariz22/shorturl/internal/usecase/db/db.go:189.18,193.17 4 0
github.com/22Fariz22/shorturl/internal/usecase/db/db.go:198.3,200.28 2 0
github.com/22Fariz22/shorturl/internal/usecase/db/db.go:193.17,196.4 2 0
github.com/22Fariz22/shorturl/internal/usecase/db/db.go:206.58,208.2 1 0
github.com/22Fariz22/shorturl/internal/app/app.go:21.30,24.27 2 0
github.com/22Fariz22/shorturl/internal/app/app.go:32.2,57.12 19 0
github.com/22Fariz22/shorturl/internal/app/app.go:68.2,68.83 1 0
github.com/22Fariz22/shorturl/internal/app/app.go:24.27,26.3 1 0
github.com/22Fariz22/shorturl/internal/app/app.go:26.8,26.38 1 0
github.com/22Fariz22/shorturl/internal/app/app.go:26.38,28.3 1 0
github.com/22Fariz22/shorturl/internal/app/app.go:28.8,30.3 1 0
github.com/22Fariz22/shorturl/internal/app/app.go:57.12,58.35 1 0
github.com/22Fariz22/shorturl/internal/app/app.go:62.3,63.17 2 0
github.com/22Fariz22/shorturl/internal/app/app.go:58.35,61.4 2 0
github.com/22Fariz22/shorturl/internal/app/app.go:63.17,65.4 1 0
github.com/22Fariz22/shorturl/internal/app/app.go:68.83,70.3 1 0
github.com/22Fariz22/shorturl/internal/config/config.go:33.26,41.39 7 0
github.com/22Fariz22/shorturl/internal/config/config.go:45.2,48.16 3 0
github.com/22Fariz22/shorturl/internal/config/config.go:52.2,59.3 1 0
github.com/22Fariz22/shorturl/internal/config/config.go:41.39,43.3 1 0
github.com/22Fariz22/shorturl/internal/config/config.go:48.16,50.3 1 0
github.com/22Fariz22/shorturl/internal/storage/storage.go:28.82,31.31 2 1
github.com/22Fariz22/shorturl/internal/storage/storage.go:45.2,45.12 1 1
github.com/22Fariz22/shorturl/internal/storage/storage.go:31.31,33.28 2 1
github.com/22Fariz22/shorturl/internal/storage/storage.go:33.28,34.63 1 1
github.com/22Fariz22/shorturl/internal/storage/storage.go:34.63,42.5 1 1
github.com/22Fariz22/shorturl/internal/storage/storage.go:49.75,54.31 4 1
github.com/22Fariz22/shorturl/internal/storage/storage.go:61.2,61.13 1 1
github.com/22Fariz22/shorturl/internal/storage/storage.go:54.31,55.25 1 1
github.com/22Fariz22/shorturl/internal/storage/storage.go:55.25,59.4 3 1
github.com/22Fariz22/shorturl/internal/storage/storage.go:65.60,69.30 3 1
github.com/22Fariz22/shorturl/internal/storage/storage.go:75.2,75.28 1 1
github.com/22Fariz22/shorturl/internal/storage/storage.go:69.30,70.18 1 1
github.com/22Fariz22/shorturl/internal/storage/storage.go:70.18,73.4 2 1
github.com/22Fariz22/shorturl/internal/storage/storage.go:79.101,92.9 6 1
github.com/22Fariz22/shorturl/internal/storage/storage.go:96.2,98.31 3 1
github.com/22Fariz22/shorturl/internal/storage/storage.go:92.9,95.3 2 1
github.com/22Fariz22/shorturl/internal/storage/storage.go:102.26,106.2 1 0
github.com/22Fariz22/shorturl/internal/cookies/cookies.go:24.81,36.16 3 0
github.com/22Fariz22/shorturl/internal/cookies/cookies.go:36.16,40.3 3 0
github.com/22Fariz22/shorturl/internal/cookies/cookies.go:46.81,48.16 2 0
github.com/22Fariz22/shorturl/internal/cookies/cookies.go:60.2,60.20 1 0
github.com/22Fariz22/shorturl/internal/cookies/cookies.go:48.16,49.10 1 0
github.com/22Fariz22/shorturl/internal/cookies/cookies.go:58.3,58.9 1 0
github.com/22Fariz22/shorturl/internal/cookies/cookies.go:50.41,51.60 1 0
github.com/22Fariz22/shorturl/internal/cookies/cookies.go:52.40,53.58 1 0
github.com/22Fariz22/shorturl/internal/cookies/cookies.go:54.11,56.65 2 0
github.com/22Fariz22/shorturl/internal/cookies/cookies.go:66.78,72.33 2 0
github.com/22Fariz22/shorturl/internal/cookies/cookies.go:77.2,79.12 3 0
github.com/22Fariz22/shorturl/internal/cookies/cookies.go:72.33,74.3 1 0
github.com/22Fariz22/shorturl/internal/cookies/cookies.go:83.57,86.16 2 0
github.com/22Fariz22/shorturl/internal/cookies/cookies.go:93.2,94.16 2 0
github.com/22Fariz22/shorturl/internal/cookies/cookies.go:99.2,99.27 1 0
github.com/22Fariz22/shorturl/internal/cookies/cookies.go:86.16,88.3 1 0
github.com/22Fariz22/shorturl/internal/cookies/cookies.go:94.16,96.3 1 0
github.com/22Fariz22/shorturl/internal/cookies/cookies.go:103.105,106.16 2 0
github.com/22Fariz22/shorturl/internal/cookies/cookies.go:111.2,112.16 2 0
github.com/22Fariz22/shorturl/internal/cookies/cookies.go:117.2,119.16 3 0
github.com/22Fariz22/shorturl/internal/cookies/cookies.go:128.2,140.28 4 0
github.com/22Fariz22/shorturl/internal/cookies/cookies.go:106.16,108.3 1 0
github.com/22Fariz22/shorturl/internal/cookies/cookies.go:112.16,114.3 1 0
github.com/22Fariz22/shorturl/internal/cookies/cookies.go:119.16,121.3 1 0
github.com/22Fariz22/shorturl/internal/cookies/cookies.go:144.84,147.16 2 0
github.com/22Fariz22/shorturl/internal/cookies/cookies.go:152.2,153.16 2 0
github.com/22Fariz22/shorturl/internal/cookies/cookies.go:158.2,159.16 2 0
github.com/22Fariz22/shorturl/internal/cookies/cookies.go:164.2,169.37 2 0
github.com/22Fariz22/shorturl/internal/cookies/cookies.go:174.2,180.16 4 0
github.com/22Fariz22/shorturl/internal/cookies/cookies.go:186.2,187.9 2 0
github.com/22Fariz22/shorturl/internal/cookies/cookies.go:192.2,192.26 1 0
github.com/22Fariz22/shorturl/internal/cookies/cookies.go:197.2,197.19 1 0
github.com/22Fariz22/shorturl/internal/cookies/cookies.go:147.16,149.3 1 0
github.com/22Fariz22/shorturl/internal/cookies/cookies.go:153.16,155.3 1 0
github.com/22Fariz22/shorturl/internal/cookies/cookies.go:159.16,161.3 1 0
github.com/22Fariz22/shorturl/internal/cookies/cookies.go:169.37,171.3 1 0
github.com/22Fariz22/shorturl/internal/cookies/cookies.go:180.16,182.3 1 0
github.com/22Fariz22/shorturl/internal/cookies/cookies.go:187.9,189.3 1 0
github.com/22Fariz22/shorturl/internal/cookies/cookies.go:192.26,194.3 1 0
github.com/22Fariz22/shorturl/internal/handler/handler.go:42.93,48.2 1 0
github.com/22Fariz22/shorturl/internal/handler/handler.go:51.73,52.27 1 0
github.com/22Fariz22/shorturl/internal/handler/handler.go:56.2,58.62 2 0
github.com/22Fariz22/shorturl/internal/handler/handler.go:64.2,69.36 4 0
github.com/22Fariz22/shorturl/internal/handler/handler.go:52.27,54.3 1 0
github.com/22Fariz22/shorturl/internal/handler/handler.go:58.62,62.3 3 0
github.com/22Fariz22/shorturl/internal/handler/handler.go:73.69,74.27 1 0
github.com/22Fariz22/shorturl/internal/handler/handler.go:78.2,88.16 6 0
github.com/22Fariz22/shorturl/internal/handler/handler.go:93.2,93.22 1 0
github.com/22Fariz22/shorturl/internal/handler/handler.go:101.2,102.16 2 0
github.com/22Fariz22/shorturl/internal/handler/handler.go:106.2,108.19 2 0
github.com/22Fariz22/shorturl/internal/handler/handler.go:114.2,114.15 1 0
github.com/22Fariz22/shorturl/internal/handler/handler.go:74.27,76.3 1 0
github.com/22Fariz22/shorturl/internal/handler/handler.go:88.16,91.3 2 0
github.com/22Fariz22/shorturl/internal/handler/handler.go:93.22,94.29 1 0
github.com/22Fariz22/shorturl/internal/handler/handler.go:94.29,99.4 1 0
github.com/22Fariz22/shorturl/internal/handler/handler.go:102.16,104.3 1 0
github.com/22Fariz22/shorturl/internal/handler/handler.go:108.19,110.3 1 0
github.com/22Fariz22/shorturl/internal/handler/handler.go:110.8,112.3 1 0
github.com/22Fariz22/shorturl/internal/handler/handler.go:118.81,119.27 1 0
github.com/22Fariz22/shorturl/internal/handler/handler.go:123.2,124.16 2 0
github.com/22Fariz22/shorturl/internal/handler/handler.go:129.2,137.16 6 0
github.com/22Fariz22/shorturl/internal/handler/handler.go:143.2,144.46 2 0
github.com/22Fariz22/shorturl/internal/handler/handler.go:119.27,121.3 1 0
github.com/22Fariz22/shorturl/internal/handler/handler.go:124.16,126.3 1 0
github.com/22Fariz22/shorturl/internal/handler/handler.go:137.16,142.3 4 0
github.com/22Fariz22/shorturl/internal/handler/handler.go:148.82,149.27 1 0
github.com/22Fariz22/shorturl/internal/handler/handler.go:153.2,160.9 6 0
github.com/22Fariz22/shorturl/internal/handler/handler.go:164.2,164.17 1 0
github.com/22Fariz22/shorturl/internal/handler/handler.go:168.2,169.64 2 0
github.com/22Fariz22/shorturl/internal/handler/handler.go:149.27,151.3 1 0
github.com/22Fariz22/shorturl/internal/handler/handler.go:160.9,163.3 2 0
github.com/22Fariz22/shorturl/internal/handler/handler.go:164.17,167.3 2 0
github.com/22Fariz22/shorturl/internal/handler/handler.go:173.65,174.27 1 0
github.com/22Fariz22/shorturl/internal/handler/handler.go:178.2,184.16 5 0
github.com/22Fariz22/shorturl/internal/handler/handler.go:189.2,189.60 1 0
github.com/22Fariz22/shorturl/internal/handler/handler.go:194.2,198.33 3 0
github.com/22Fariz22/shorturl/internal/handler/handler.go:217.2,218.16 2 0
github.com/22Fariz22/shorturl/internal/handler/handler.go:223.2,224.16 2 0
github.com/22Fariz22/shorturl/internal/handler/handler.go:227.2,229.14 3 0
github.com/22Fariz22/shorturl/internal/handler/handler.go:174.27,176.3 1 0
github.com/22Fariz22/shorturl/internal/handler/handler.go:184.16,188.3 3 0
github.com/22Fariz22/shorturl/internal/handler/handler.go:189.60,192.3 2 0
github.com/22Fariz22/shorturl/internal/handler/handler.go:198.33,215.3 5 0
github.com/22Fariz22/shorturl/internal/handler/handler.go:218.16,221.3 2 0
github.com/22Fariz22/shorturl/internal/handler/handler.go:224.16,226.3 1 0
github.com/22Fariz22/shorturl/internal/handler/handler.go:233.78,234.27 1 0
github.com/22Fariz22/shorturl/internal/handler/handler.go:238.2,239.16 2 0
github.com/22Fariz22/shorturl/internal/handler/handler.go:244.2,244.55 1 0
github.com/22Fariz22/shorturl/internal/handler/handler.go:249.2,260.16 5 0
github.com/22Fariz22/shorturl/internal/handler/handler.go:264.2,270.16 5 0
github.com/22Fariz22/shorturl/internal/handler/handler.go:285.2,287.14 3 0
github.com/22Fariz22/shorturl/internal/handler/handler.go:234.27,236.3 1 0
github.com/22Fariz22/shorturl/internal/handler/handler.go:239.16,242.3 2 0
github.com/22Fariz22/shorturl/internal/handler/handler.go:244.55,247.3 2 0
github.com/22Fariz22/shorturl/internal/handler/handler.go:260.16,262.3 1 0
github.com/22Fariz22/shorturl/internal/handler/handler.go:270.16,277.17 4 0
github.com/22Fariz22/shorturl/internal/handler/handler.go:280.3,283.9 4 0
github.com/22Fariz22/shorturl/internal/handler/handler.go:277.17,279.4 1 0
github.com/22Fariz22/shorturl/internal/handler/handler.go:291.35,292.41 1 0
github.com/22Fariz22/shorturl/internal/handler/handler.go:296.2,296.12 1 0
github.com/22Fariz22/shorturl/internal/handler/handler.go:292.41,295.3 2 0
github.com/22Fariz22/shorturl/internal/handler/handler.go:300.49,302.82 1 0
github.com/22Fariz22/shorturl/internal/handler/handler.go:302.82,303.72 1 0
github.com/22Fariz22/shorturl/internal/handler/handler.go:307.3,309.17 3 0
github.com/22Fariz22/shorturl/internal/handler/handler.go:313.3,320.34 3 0
github.com/22Fariz22/shorturl/internal/handler/handler.go:303.72,306.4 2 0
github.com/22Fariz22/shorturl/internal/handler/handler.go:309.17,312.4 2 0
github.com/22Fariz22/shorturl/internal/handler/handler.go:331.64,336.16 4 0
github.com/22Fariz22/shorturl/internal/handler/handler.go:340.2,340.30 1 0
github.com/22Fariz22/shorturl/internal/handler/handler.go:336.16,339.3 2 0
github.com/22Fariz22/shorturl/internal/handler/handler.go:344.23,351.2 5 0
github.com/22Fariz22/shorturl/internal/cookies/cookies.go:24.81,36.16 3 0
github.com/22Fariz22/shorturl/internal/cookies/cookies.go:36.16,40.3 3 0
github.com/22Fariz22/shorturl/internal/cookies/cookies.go:46.81,48.16 2 0
github.com/22Fariz22/shorturl/internal/cookies/cookies.go:60.2,60.20 1 0
github.com/22Fariz22/shorturl/internal/cookies/cookies.go:48.16,49.10 1 0
github.com/22Fariz22/shorturl/internal/cookies/cookies.go:58.3,58.9 1 0
github.com/22Fariz22/shorturl/internal/cookies/cookies.go:50.41,51.60 1 0
github.com/22Fariz22/shorturl/internal/cookies/cookies.go:52.40,53.58 1 0
github.com/22Fariz22/shorturl/internal/cookies/cookies.go:54.11,56.65 2 0
github.com/22Fariz22/shorturl/internal/cookies/cookies.go:66.78,72.33 2 0
github.com/22Fariz22/shorturl/internal/cookies/cookies.go:77.2,79.12 3 0
github.com/22Fariz22/shorturl/internal/cookies/cookies.go:72.33,74.3 1 0
github.com/22Fariz22/shorturl/internal/cookies/cookies.go:83.57,86.16 2 0
github.com/22Fariz22/shorturl/internal/cookies/cookies.go:93.2,94.16 2 0
github.com/22Fariz22/shorturl/internal/cookies/cookies.go:99.2,99.27 1 0
github.com/22Fariz22/shorturl/internal/cookies/cookies.go:86.16,88.3 1 0
github.com/22Fariz22/shorturl/internal/cookies/cookies.go:94.16,96.3 1 0
github.com/22Fariz22/shorturl/internal/cookies/cookies.go:103.105,106.16 2 0
github.com/22Fariz22/shorturl/internal/cookies/cookies.go:111.2,112.16 2 0
github.com/22Fariz22/shorturl/internal/cookies/cookies.go:117.2,119.16 3 0
github.com/22Fariz22/shorturl/internal/cookies/cookies.go:128.2,140.28 4 0
github.com/22Fariz22/shorturl/internal/cookies/cookies.go:106.16,108.3 1 0
github.com/22Fariz22/shorturl/internal/cookies/cookies.go:112.16,114.3 1 0
github.com/22Fariz22/shorturl/internal/cookies/cookies.go:119.16,121.3 1 0
github.com/22Fariz22/shorturl/internal/cookies/cookies.go:144.84,147.16 2 0
github.com/22Fariz22/shorturl/internal/cookies/cookies.go:152.2,153.16 2 0
github.com/22Fariz22/shorturl/internal/cookies/cookies.go:158.2,159.16 2 0
github.com/22Fariz22/shorturl/internal/cookies/cookies.go:164.2,169.37 2 0
github.com/22Fariz22/shorturl/internal/cookies/cookies.go:174.2,180.16 4 0
github.com/22Fariz22/shorturl/internal/cookies/cookies.go:186.2,187.9 2 0
github.com/22Fariz22/shorturl/internal/cookies/cookies.go:192.2,192.26 1 0
github.com/22Fariz22/shorturl/internal/cookies/cookies.go:197.2,197.19 1 0
github.com/22Fariz22/shorturl/internal/cookies/cookies.go:147.16,149.3 1 0
github.com/22Fariz22/shorturl/internal/cookies/cookies.go:153.16,155.3 1 0
github.com/22Fariz22/shorturl/internal/cookies/cookies.go:159.16,161.3 1 0
github.com/22Fariz22/shorturl/internal/cookies/cookies.go:169.37,171.3 1 0
github.com/22Fariz22/shorturl/internal/cookies/cookies.go:180.16,182.3 1 0
github.com/22Fariz22/shorturl/internal/cookies/cookies.go:187.9,189.3 1 0
github.com/22Fariz22/shorturl/internal/cookies/cookies.go:192.26,194.3 1 0
github.com/22Fariz22/shorturl/internal/usecase/memory/memory.go:21.43,23.2 1 0
github.com/22Fariz22/shorturl/internal/usecase/memory/memory.go:26.31,31.2 2 0
github.com/22Fariz22/shorturl/internal/usecase/memory/memory.go:34.120,38.2 3 0
github.com/22Fariz22/shorturl/internal/usecase/memory/memory.go:41.93,46.2 4 0
github.com/22Fariz22/shorturl/internal/usecase/memory/memory.go:49.100,51.2 1 0
github.com/22Fariz22/shorturl/internal/usecase/memory/memory.go:54.62,56.2 1 0
github.com/22Fariz22/shorturl/internal/usecase/memory/memory.go:59.108,60.27 1 0
github.com/22Fariz22/shorturl/internal/usecase/memory/memory.go:67.2,67.12 1 0
github.com/22Fariz22/shorturl/internal/usecase/memory/memory.go:60.27,66.3 2 0
github.com/22Fariz22/shorturl/internal/usecase/memory/memory.go:71.73,75.2 3 0
github.com/22Fariz22/shorturl/internal/usecase/mocks/mock_interfaces.go:27.65,31.2 3 0
github.com/22Fariz22/shorturl/internal/usecase/mocks/mock_interfaces.go:34.63,36.2 1 0
github.com/22Fariz22/shorturl/internal/usecase/mocks/mock_interfaces.go:39.67,44.2 4 0
github.com/22Fariz22/shorturl/internal/usecase/mocks/mock_interfaces.go:47.83,50.2 2 0
github.com/22Fariz22/shorturl/internal/usecase/mocks/mock_interfaces.go:53.97,59.2 5 0
github.com/22Fariz22/shorturl/internal/usecase/mocks/mock_interfaces.go:62.83,65.2 2 0
github.com/22Fariz22/shorturl/internal/usecase/mocks/mock_interfaces.go:68.87,74.2 5 0
github.com/22Fariz22/shorturl/internal/usecase/mocks/mock_interfaces.go:77.83,80.2 2 0
github.com/22Fariz22/shorturl/internal/usecase/mocks/mock_interfaces.go:83.39,88.2 4 0
github.com/22Fariz22/shorturl/internal/usecase/mocks/mock_interfaces.go:91.59,94.2 2 0
github.com/22Fariz22/shorturl/internal/usecase/mocks/mock_interfaces.go:97.59,102.2 4 0
github.com/22Fariz22/shorturl/internal/usecase/mocks/mock_interfaces.go:105.75,108.2 2 0
github.com/22Fariz22/shorturl/internal/usecase/mocks/mock_interfaces.go:111.100,116.2 4 0
github.com/22Fariz22/shorturl/internal/usecase/mocks/mock_interfaces.go:119.92,122.2 2 0
github.com/22Fariz22/shorturl/internal/usecase/mocks/mock_interfaces.go:125.97,131.2 5 0
github.com/22Fariz22/shorturl/internal/usecase/mocks/mock_interfaces.go:134.96,137.2 2 0
github.com/22Fariz22/shorturl/internal/usecase/db/db.go:26.49,30.2 1 0
github.com/22Fariz22/shorturl/internal/usecase/db/db.go:33.39,38.16 4 0
github.com/22Fariz22/shorturl/internal/usecase/db/db.go:42.2,47.16 3 0
github.com/22Fariz22/shorturl/internal/usecase/db/db.go:51.2,51.12 1 0
github.com/22Fariz22/shorturl/internal/usecase/db/db.go:38.16,41.3 2 0
github.com/22Fariz22/shorturl/internal/usecase/db/db.go:47.16,50.3 2 0
github.com/22Fariz22/shorturl/internal/usecase/db/db.go:55.69,63.16 6 0
github.com/22Fariz22/shorturl/internal/usecase/db/db.go:67.2,72.16 4 0
github.com/22Fariz22/shorturl/internal/usecase/db/db.go:77.2,77.22 1 0
github.com/22Fariz22/shorturl/internal/usecase/db/db.go:89.2,91.16 3 0
github.com/22Fariz22/shorturl/internal/usecase/db/db.go:95.2,95.12 1 0
github.com/22Fariz22/shorturl/internal/usecase/db/db.go:63.16,66.3 2 0
github.com/22Fariz22/shorturl/internal/usecase/db/db.go:72.16,75.3 2 0
github.com/22Fariz22/shorturl/internal/usecase/db/db.go:77.22,83.17 4 0
github.com/22Fariz22/shorturl/internal/usecase/db/db.go:83.17,86.4 2 0
github.com/22Fariz22/shorturl/internal/usecase/db/db.go:91.16,94.3 2 0
github.com/22Fariz22/shorturl/internal/usecase/db/db.go:99.117,109.16 7 0
github.com/22Fariz22/shorturl/internal/usecase/db/db.go:112.2,112.13 1 0
github.com/22Fariz22/shorturl/internal/usecase/db/db.go:124.2,128.16 3 0
github.com/22Fariz22/shorturl/internal/usecase/db/db.go:132.2,134.29 3 0
github.com/22Fariz22/shorturl/internal/usecase/db/db.go:109.16,111.3 1 0
github.com/22Fariz22/shorturl/internal/usecase/db/db.go:112.13,116.17 2 0
github.com/22Fariz22/shorturl/internal/usecase/db/db.go:120.3,120.17 1 0
github.com/22Fariz22/shorturl/internal/usecase/db/db.go:116.17,119.4 2 0
github.com/22Fariz22/shorturl/internal/usecase/db/db.go:128.16,131.3 2 0
github.com/22Fariz22/shorturl/internal/usecase/db/db.go:138.104,139.27 1 0
github.com/22Fariz22/shorturl/internal/usecase/db/db.go:147.2,147.12 1 0
github.com/22Fariz22/shorturl/internal/usecase/db/db.go:139.27,142.17 2 0
github.com/22Fariz22/shorturl/internal/usecase/db/db.go:142.17,145.4 2 0
github.com/22Fariz22/shorturl/internal/usecase/db/db.go:151.89,153.16 2 0
github.com/22Fariz22/shorturl/internal/usecase/db/db.go:159.2,163.17 3 0
github.com/22Fariz22/shorturl/internal/usecase/db/db.go:172.2,172.20 1 0
github.com/22Fariz22/shorturl/internal/usecase/db/db.go:175.2,175.22 1 0
github.com/22Fariz22/shorturl/internal/usecase/db/db.go:153.16,158.3 2 0
github.com/22Fariz22/shorturl/internal/usecase/db/db.go:163.17,166.17 3 0
github.com/22Fariz22/shorturl/internal/usecase/db/db.go:169.3,169.25 1 0
github.com/22Fariz22/shorturl/internal/usecase/db/db.go:166.17,168.4 1 0
github.com/22Fariz22/shorturl/internal/usecase/db/db.go:172.20,174.3 1 0
github.com/22Fariz22/shorturl/internal/usecase/db/db.go:179.96,181.16 2 0
github.com/22Fariz22/shorturl/internal/usecase/db/db.go:185.2,189.18 3 0
github.com/22Fariz22/shorturl/internal/usecase/db/db.go:202.2,202.18 1 0
github.com/22Fariz22/shorturl/internal/usecase/db/db.go:181.16,184.3 2 0
github.com/22Fariz22/shorturl/internal/usecase/db/db.go:189.18,193.17 4 0
github.com/22Fariz22/shorturl/internal/usecase/db/db.go:198.3,200.28 2 0
github.com/22Fariz22/shorturl/internal/usecase/db/db.go:193.17,196.4 2 0
github.com/22Fariz22/shorturl/internal/usecase/db/db.go:206.58,208.2 1 0
github.com/22Fariz22/shorturl/cmd/shortener/main.go:10.13,16.2 2 0
github.com/22Fariz22/shorturl/internal/config/config.go:33.26,41.39 7 0
github.com/22Fariz22/shorturl/internal/config/config.go:45.2,48.16 3 0
github.com/22Fariz22/shorturl/internal/config/config.go:52.2,59.3 1 0
github.com/22Fariz22/shorturl/internal/config/config.go:41.39,43.3 1 0
github.com/22Fariz22/shorturl/internal/config/config.go:48.16,50.3 1 0
github.com/22Fariz22/shorturl/internal/worker/worker.go:23.51,31.2 1 0
github.com/22Fariz22/shorturl/internal/worker/worker.go:40.80,41.9 1 0
github.com/22Fariz22/shorturl/internal/worker/worker.go:42.20,43.47 1 0
github.com/22Fariz22/shorturl/internal/worker/worker.go:47.4,48.13 1 0
github.com/22Fariz22/shorturl/internal/worker/worker.go:53.38,54.29 1 0
github.com/22Fariz22/shorturl/internal/worker/worker.go:54.29,56.13 2 0
github.com/22Fariz22/shorturl/internal/worker/worker.go:56.13,58.8 2 0
github.com/22Fariz22/shorturl/internal/worker/worker.go:58.8,59.12 1 0
github.com/22Fariz22/shorturl/internal/worker/worker.go:60.23,61.12 1 0
github.com/22Fariz22/shorturl/internal/worker/worker.go:62.33,63.13 1 0
github.com/22Fariz22/shorturl/internal/worker/worker.go:67.6,68.20 2 0
github.com/22Fariz22/shorturl/internal/worker/worker.go:63.13,65.7 1 0
github.com/22Fariz22/shorturl/internal/worker/worker.go:68.20,70.7 1 0
github.com/22Fariz22/shorturl/internal/worker/worker.go:78.23,79.19 1 0
github.com/22Fariz22/shorturl/internal/worker/worker.go:83.2,83.13 1 0
github.com/22Fariz22/shorturl/internal/worker/worker.go:79.19,82.3 2 0
github.com/22Fariz22/shorturl/internal/storage/storage.go:28.82,31.31 2 0
github.com/22Fariz22/shorturl/internal/storage/storage.go:45.2,45.12 1 0
github.com/22Fariz22/shorturl/internal/storage/storage.go:31.31,33.28 2 0
github.com/22Fariz22/shorturl/internal/storage/storage.go:33.28,34.63 1 0
github.com/22Fariz22/shorturl/internal/storage/storage.go:34.63,42.5 1 0
github.com/22Fariz22/shorturl/internal/storage/storage.go:49.75,54.31 4 0
github.com/22Fariz22/shorturl/internal/storage/storage.go:61.2,61.13 1 0
github.com/22Fariz22/shorturl/internal/storage/storage.go:54.31,55.25 1 0
github.com/22Fariz22/shorturl/internal/storage/storage.go:55.25,59.4 3 0
github.com/22Fariz22/shorturl/internal/storage/storage.go:65.60,69.30 3 0
github.com/22Fariz22/shorturl/internal/storage/storage.go:75.2,75.28 1 0
github.com/22Fariz22/shorturl/internal/storage/storage.go:69.30,70.18 1 0
github.com/22Fariz22/shorturl/internal/storage/storage.go:70.18,73.4 2 0
github.com/22Fariz22/shorturl/internal/storage/storage.go:79.101,92.9 6 0
github.com/22Fariz22/shorturl/internal/storage/storage.go:96.2,98.31 3 0
github.com/22Fariz22/shorturl/internal/storage/storage.go:92.9,95.3 2 0
github.com/22Fariz22/shorturl/internal/storage/storage.go:102.26,106.2 1 0
github.com/22Fariz22/shorturl/internal/usecase/file/file.go:27.71,30.2 2 0
github.com/22Fariz22/shorturl/internal/usecase/file/file.go:33.106,35.27 1 0
github.com/22Fariz22/shorturl/internal/usecase/file/file.go:50.2,50.12 1 0
github.com/22Fariz22/shorturl/internal/usecase/file/file.go:35.27,42.17 3 0
github.com/22Fariz22/shorturl/internal/usecase/file/file.go:46.3,48.59 3 0
github.com/22Fariz22/shorturl/internal/usecase/file/file.go:42.17,45.4 2 0
github.com/22Fariz22/shorturl/internal/usecase/file/file.go:60.56,62.16 2 0
github.com/22Fariz22/shorturl/internal/usecase/file/file.go:65.2,68.8 1 0
github.com/22Fariz22/shorturl/internal/usecase/file/file.go:62.16,64.3 1 0
github.com/22Fariz22/shorturl/internal/usecase/file/file.go:72.49,76.16 3 0
github.com/22Fariz22/shorturl/internal/usecase/file/file.go:80.2,84.3 1 0
github.com/22Fariz22/shorturl/internal/usecase/file/file.go:76.16,78.3 1 0
github.com/22Fariz22/shorturl/internal/usecase/file/file.go:88.41,91.21 2 0
github.com/22Fariz22/shorturl/internal/usecase/file/file.go:100.2,100.38 1 0
github.com/22Fariz22/shorturl/internal/usecase/file/file.go:103.2,103.12 1 0
github.com/22Fariz22/shorturl/internal/usecase/file/file.go:91.21,95.17 4 0
github.com/22Fariz22/shorturl/internal/usecase/file/file.go:98.3,98.64 1 0
github.com/22Fariz22/shorturl/internal/usecase/file/file.go:95.17,97.4 1 0
github.com/22Fariz22/shorturl/internal/usecase/file/file.go:100.38,102.3 1 0
github.com/22Fariz22/shorturl/internal/usecase/file/file.go:107.118,115.16 3 0
github.com/22Fariz22/shorturl/internal/usecase/file/file.go:119.2,122.16 4 0
github.com/22Fariz22/shorturl/internal/usecase/file/file.go:115.16,118.3 2 0
github.com/22Fariz22/shorturl/internal/usecase/file/file.go:126.91,129.2 2 0
github.com/22Fariz22/shorturl/internal/usecase/file/file.go:132.98,134.2 1 0
github.com/22Fariz22/shorturl/internal/usecase/file/file.go:137.60,139.2 1 0
github.com/22Fariz22/shorturl/internal/app/app.go:21.30,24.27 2 0
github.com/22Fariz22/shorturl/internal/app/app.go:32.2,57.12 19 0
github.com/22Fariz22/shorturl/internal/app/app.go:68.2,68.83 1 0
github.com/22Fariz22/shorturl/internal/app/app.go:24.27,26.3 1 0
github.com/22Fariz22/shorturl/internal/app/app.go:26.8,26.38 1 0
github.com/22Fariz22/shorturl/internal/app/app.go:26.38,28.3 1 0
github.com/22Fariz22/shorturl/internal/app/app.go:28.8,30.3 1 0
github.com/22Fariz22/shorturl/internal/app/app.go:57.12,58.35 1 0
github.com/22Fariz22/shorturl/internal/app/app.go:62.3,63.17 2 0
github.com/22Fariz22/shorturl/internal/app/app.go:58.35,61.4 2 0
github.com/22Fariz22/shorturl/internal/app/app.go:63.17,65.4 1 0
github.com/22Fariz22/shorturl/internal/app/app.go:68.83,70.3 1 0
github.com/22Fariz22/shorturl/internal/handler/handler.go:42.93,48.2 1 0
github.com/22Fariz22/shorturl/internal/handler/handler.go:51.73,52.27 1 0
github.com/22Fariz22/shorturl/internal/handler/handler.go:56.2,58.62 2 0
github.com/22Fariz22/shorturl/internal/handler/handler.go:64.2,69.36 4 0
github.com/22Fariz22/shorturl/internal/handler/handler.go:52.27,54.3 1 0
github.com/22Fariz22/shorturl/internal/handler/handler.go:58.62,62.3 3 0
github.com/22Fariz22/shorturl/internal/handler/handler.go:73.69,74.27 1 0
github.com/22Fariz22/shorturl/internal/handler/handler.go:78.2,88.16 6 0
github.com/22Fariz22/shorturl/internal/handler/handler.go:93.2,93.22 1 0
github.com/22Fariz22/shorturl/internal/handler/handler.go:101.2,102.16 2 0
github.com/22Fariz22/shorturl/internal/handler/handler.go:106.2,108.19 2 0
github.com/22Fariz22/shorturl/internal/handler/handler.go:114.2,114.15 1 0
github.com/22Fariz22/shorturl/internal/handler/handler.go:74.27,76.3 1 0
github.com/22Fariz22/shorturl/internal/handler/handler.go:88.16,91.3 2 0
github.com/22Fariz22/shorturl/internal/handler/handler.go:93.22,94.29 1 0
github.com/22Fariz22/shorturl/internal/handler/handler.go:94.29,99.4 1 0
github.com/22Fariz22/shorturl/internal/handler/handler.go:102.16,104.3 1 0
github.com/22Fariz22/shorturl/internal/handler/handler.go:108.19,110.3 1 0
github.com/22Fariz22/shorturl/internal/handler/handler.go:110.8,112.3 1 0
github.com/22Fariz22/shorturl/internal/handler/handler.go:118.81,119.27 1 0
github.com/22Fariz22/shorturl/internal/handler/handler.go:123.2,124.16 2 0
github.com/22Fariz22/shorturl/internal/handler/handler.go:129.2,137.16 6 0
github.com/22Fariz22/shorturl/internal/handler/handler.go:143.2,144.46 2 0
github.com/22Fariz22/shorturl/internal/handler/handler.go:119.27,121.3 1 0
github.com/22Fariz22/shorturl/internal/handler/handler.go:124.16,126.3 1 0
github.com/22Fariz22/shorturl/internal/handler/handler.go:137.16,142.3 4 0
github.com/22Fariz22/shorturl/internal/handler/handler.go:148.82,149.27 1 0
github.com/22Fariz22/shorturl/internal/handler/handler.go:153.2,160.9 6 0
github.com/22Fariz22/shorturl/internal/handler/handler.go:164.2,164.17 1 0
github.com/22Fariz22/shorturl/internal/handler/handler.go:168.2,169.64 2 0
github.com/22Fariz22/shorturl/internal/handler/handler.go:149.27,151.3 1 0
github.com/22Fariz22/shorturl/internal/handler/handler.go:160.9,163.3 2 0
github.com/22Fariz22/shorturl/internal/handler/handler.go:164.17,167.3 2 0
github.com/22Fariz22/shorturl/internal/handler/handler.go:173.65,174.27 1 0
github.com/22Fariz22/shorturl/internal/handler/handler.go:178.2,184.16 5 0
github.com/22Fariz22/shorturl/internal/handler/handler.go:189.2,189.60 1 0
github.com/22Fariz22/shorturl/internal/handler/handler.go:194.2,198.33 3 0
github.com/22Fariz22/shorturl/internal/handler/handler.go:217.2,218.16 2 0
github.com/22Fariz22/shorturl/internal/handler/handler.go:223.2,224.16 2 0
github.com/22Fariz22/shorturl/internal/handler/handler.go:227.2,229.14 3 0
github.com/22Fariz22/shorturl/internal/handler/handler.go:174.27,176.3 1 0
github.com/22Fariz22/shorturl/internal/handler/handler.go:184.16,188.3 3 0
github.com/22Fariz22/shorturl/internal/handler/handler.go:189.60,192.3 2 0
github.com/22Fariz22/shorturl/internal/handler/handler.go:198.33,215.3 5 0
github.com/22Fariz22/shorturl/internal/handler/handler.go:218.16,221.3 2 0
github.com/22Fariz22/shorturl/internal/handler/handler.go:224.16,226.3 1 0
github.com/22Fariz22/shorturl/internal/handler/handler.go:233.78,234.27 1 0
github.com/22Fariz22/shorturl/internal/handler/handler.go:238.2,239.16 2 0
github.com/22Fariz22/shorturl/internal/handler/handler.go:244.2,244.55 1 0
github.com/22Fariz22/shorturl/internal/handler/handler.go:249.2,260.16 5 0
github.com/22Fariz22/shorturl/internal/handler/handler.go:264.2,270.16 5 0
github.com/22Fariz22/shorturl/internal/handler/handler.go:285.2,287.14 3 0
github.com/22Fariz22/shorturl/internal/handler/handler.go:234.27,236.3 1 0
github.com/22Fariz22/shorturl/internal/handler/handler.go:239.16,242.3 2 0
github.com/22Fariz22/shorturl/internal/handler/handler.go:244.55,247.3 2 0
github.com/22Fariz22/shorturl/internal/handler/handler.go:260.16,262.3 1 0
github.com/22Fariz22/shorturl/internal/handler/handler.go:270.16,277.17 4 0
github.com/22Fariz22/shorturl/internal/handler/handler.go:280.3,283.9 4 0
github.com/22Fariz22/shorturl/internal/handler/handler.go:277.17,279.4 1 0
github.com/22Fariz22/shorturl/internal/handler/handler.go:291.35,292.41 1 0
github.com/22Fariz22/shorturl/internal/handler/handler.go:296.2,296.12 1 0
github.com/22Fariz22/shorturl/internal/handler/handler.go:292.41,295.3 2 0
github.com/22Fariz22/shorturl/internal/handler/handler.go:300.49,302.82 1 0
github.com/22Fariz22/shorturl/internal/handler/handler.go:302.82,303.72 1 0
github.com/22Fariz22/shorturl/internal/handler/handler.go:307.3,309.17 3 0
github.com/22Fariz22/shorturl/internal/handler/handler.go:313.3,320.34 3 0
github.com/22Fariz22/shorturl/internal/handler/handler.go:303.72,306.4 2 0
github.com/22Fariz22/shorturl/internal/handler/handler.go:309.17,312.4 2 0
github.com/22Fariz22/shorturl/internal/handler/handler.go:331.64,336.16 4 0
github.com/22Fariz22/shorturl/internal/handler/handler.go:340.2,340.30 1 0
github.com/22Fariz22/shorturl/internal/handler/handler.go:336.16,339.3 2 0
github.com/22Fariz22/shorturl/internal/handler/handler.go:344.23,351.2 5 0
github.com/22Fariz22/shorturl/internal/storage/storage.go:28.82,31.31 2 0
github.com/22Fariz22/shorturl/internal/storage/storage.go:45.2,45.12 1 0
github.com/22Fariz22/shorturl/internal/storage/storage.go:31.31,33.28 2 0
github.com/22Fariz22/shorturl/internal/storage/storage.go:33.28,34.63 1 0
github.com/22Fariz22/shorturl/internal/storage/storage.go:34.63,42.5 1 0
github.com/22Fariz22/shorturl/internal/storage/storage.go:49.75,54.31 4 0
github.com/22Fariz22/shorturl/internal/storage/storage.go:61.2,61.13 1 0
github.com/22Fariz22/shorturl/internal/storage/storage.go:54.31,55.25 1 0
github.com/22Fariz22/shorturl/internal/storage/storage.go:55.25,59.4 3 0
github.com/22Fariz22/shorturl/internal/storage/storage.go:65.60,69.30 3 0
github.com/22Fariz22/shorturl/internal/storage/storage.go:75.2,75.28 1 0
github.com/22Fariz22/shorturl/internal/storage/storage.go:69.30,70.18 1 0
github.com/22Fariz22/shorturl/internal/storage/storage.go:70.18,73.4 2 0
github.com/22Fariz22/shorturl/internal/storage/storage.go:79.101,92.9 6 0
github.com/22Fariz22/shorturl/internal/storage/storage.go:96.2,98.31 3 0
github.com/22Fariz22/shorturl/internal/storage/storage.go:92.9,95.3 2 0
github.com/22Fariz22/shorturl/internal/storage/storage.go:102.26,106.2 1 0
github.com/22Fariz22/shorturl/cmd/shortener/main.go:10.13,16.2 2 0
github.com/22Fariz22/shorturl/internal/config/config.go:33.26,41.39 7 0
github.com/22Fariz22/shorturl/internal/config/config.go:45.2,48.16 3 0
github.com/22Fariz22/shorturl/internal/config/config.go:52.2,59.3 1 0
github.com/22Fariz22/shorturl/internal/config/config.go:41.39,43.3 1 0
github.com/22Fariz22/shorturl/internal/config/config.go:48.16,50.3 1 0
github.com/22Fariz22/shorturl/internal/worker/worker.go:23.51,31.2 1 0
github.com/22Fariz22/shorturl/internal/worker/worker.go:40.80,41.9 1 0
github.com/22Fariz22/shorturl/internal/worker/worker.go:42.20,43.47 1 0
github.com/22Fariz22/shorturl/internal/worker/worker.go:47.4,48.13 1 0
github.com/22Fariz22/shorturl/internal/worker/worker.go:53.38,54.29 1 0
github.com/22Fariz22/shorturl/internal/worker/worker.go:54.29,56.13 2 0
github.com/22Fariz22/shorturl/internal/worker/worker.go:56.13,58.8 2 0
github.com/22Fariz22/shorturl/internal/worker/worker.go:58.8,59.12 1 0
github.com/22Fariz22/shorturl/internal/worker/worker.go:60.23,61.12 1 0
github.com/22Fariz22/shorturl/internal/worker/worker.go:62.33,63.13 1 0
github.com/22Fariz22/shorturl/internal/worker/worker.go:67.6,68.20 2 0
github.com/22Fariz22/shorturl/internal/worker/worker.go:63.13,65.7 1 0
github.com/22Fariz22/shorturl/internal/worker/worker.go:68.20,70.7 1 0
github.com/22Fariz22/shorturl/internal/worker/worker.go:78.23,79.19 1 0
github.com/22Fariz22/shorturl/internal/worker/worker.go:83.2,83.13 1 0
github.com/22Fariz22/shorturl/internal/worker/worker.go:79.19,82.3 2 0
github.com/22Fariz22/shorturl/internal/usecase/mocks/mock_interfaces.go:27.65,31.2 3 0
github.com/22Fariz22/shorturl/internal/usecase/mocks/mock_interfaces.go:34.63,36.2 1 0
github.com/22Fariz22/shorturl/internal/usecase/mocks/mock_interfaces.go:39.67,44.2 4 0
github.com/22Fariz22/shorturl/internal/usecase/mocks/mock_interfaces.go:47.83,50.2 2 0
github.com/22Fariz22/shorturl/internal/usecase/mocks/mock_interfaces.go:53.97,59.2 5 0
github.com/22Fariz22/shorturl/internal/usecase/mocks/mock_interfaces.go:62.83,65.2 2 0
github.com/22Fariz22/shorturl/internal/usecase/mocks/mock_interfaces.go:68.87,74.2 5 0
github.com/22Fariz22/shorturl/internal/usecase/mocks/mock_interfaces.go:77.83,80.2 2 0
github.com/22Fariz22/shorturl/internal/usecase/mocks/mock_interfaces.go:83.39,88.2 4 0
github.com/22Fariz22/shorturl/internal/usecase/mocks/mock_interfaces.go:91.59,94.2 2 0
github.com/22Fariz22/shorturl/internal/usecase/mocks/mock_interfaces.go:97.59,102.2 4 0
github.com/22Fariz22/shorturl/internal/usecase/mocks/mock_interfaces.go:105.75,108.2 2 0
github.com/22Fariz22/shorturl/internal/usecase/mocks/mock_interfaces.go:111.100,116.2 4 0
github.com/22Fariz22/shorturl/internal/usecase/mocks/mock_interfaces.go:119.92,122.2 2 0
github.com/22Fariz22/shorturl/internal/usecase/mocks/mock_interfaces.go:125.97,131.2 5 0
github.com/22Fariz22/shorturl/internal/usecase/mocks/mock_interfaces.go:134.96,137.2 2 0
github.com/22Fariz22/shorturl/internal/usecase/db/db.go:26.49,30.2 1 0
github.com/22Fariz22/shorturl/internal/usecase/db/db.go:33.39,38.16 4 0
github.com/22Fariz22/shorturl/internal/usecase/db/db.go:42.2,47.16 3 0
github.com/22Fariz22/shorturl/internal/usecase/db/db.go:51.2,51.12 1 0
github.com/22Fariz22/shorturl/internal/usecase/db/db.go:38.16,41.3 2 0
github.com/22Fariz22/shorturl/internal/usecase/db/db.go:47.16,50.3 2 0
github.com/22Fariz22/shorturl/internal/usecase/db/db.go:55.69,63.16 6 0
github.com/22Fariz22/shorturl/internal/usecase/db/db.go:67.2,72.16 4 0
github.com/22Fariz22/shorturl/internal/usecase/db/db.go:77.2,77.22 1 0
github.com/22Fariz22/shorturl/internal/usecase/db/db.go:89.2,91.16 3 0
github.com/22Fariz22/shorturl/internal/usecase/db/db.go:95.2,95.12 1 0
github.com/22Fariz22/shorturl/internal/usecase/db/db.go:63.16,66.3 2 0
github.com/22Fariz22/shorturl/internal/usecase/db/db.go:72.16,75.3 2 0
github.com/22Fariz22/shorturl/internal/usecase/db/db.go:77.22,83.17 4 0
github.com/22Fariz22/shorturl/internal/usecase/db/db.go:83.17,86.4 2 0
github.com/22Fariz22/shorturl/internal/usecase/db/db.go:91.16,94.3 2 0
github.com/22Fariz22/shorturl/internal/usecase/db/db.go:99.117,109.16 7 0
github.com/22Fariz22/shorturl/internal/usecase/db/db.go:112.2,112.13 1 0
github.com/22Fariz22/shorturl/internal/usecase/db/db.go:124.2,128.16 3 0
github.com/22Fariz22/shorturl/internal/usecase/db/db.go:132.2,134.29 3 0
github.com/22Fariz22/shorturl/internal/usecase/db/db.go:109.16,111.3 1 0
github.com/22Fariz22/shorturl/internal/usecase/db/db.go:112.13,116.17 2 0
github.com/22Fariz22/shorturl/internal/usecase/db/db.go:120.3,120.17 1 0
github.com/22Fariz22/shorturl/internal/usecase/db/db.go:116.17,119.4 2 0
github.com/22Fariz22/shorturl/internal/usecase/db/db.go:128.16,131.3 2 0
github.com/22Fariz22/shorturl/internal/usecase/db/db.go:138.104,139.27 1 0
github.com/22Fariz22/shorturl/internal/usecase/db/db.go:147.2,147.12 1 0
github.com/22Fariz22/shorturl/internal/usecase/db/db.go:139.27,142.17 2 0
github.com/22Fariz22/shorturl/internal/usecase/db/db.go:142.17,145.4 2 0
github.com/22Fariz22/shorturl/internal/usecase/db/db.go:151.89,153.16 2 0
github.com/22Fariz22/shorturl/internal/usecase/db/db.go:159.2,163.17 3 0
github.com/22Fariz22/shorturl/internal/usecase/db/db.go:172.2,172.20 1 0
github.com/22Fariz22/shorturl/internal/usecase/db/db.go:175.2,175.22 1 0
github.com/22Fariz22/shorturl/internal/usecase/db/db.go:153.16,158.3 2 0
github.com/22Fariz22/shorturl/internal/usecase/db/db.go:163.17,166.17 3 0
github.com/22Fariz22/shorturl/internal/usecase/db/db.go:169.3,169.25 1 0
github.com/22Fariz22/shorturl/internal/usecase/db/db.go:166.17,168.4 1 0
github.com/22Fariz22/shorturl/internal/usecase/db/db.go:172.20,174.3 1 0
github.com/22Fariz22/shorturl/internal/usecase/db/db.go:179.96,181.16 2 0
github.com/22Fariz22/shorturl/internal/usecase/db/db.go:185.2,189.18 3 0
github.com/22Fariz22/shorturl/internal/usecase/db/db.go:202.2,202.18 1 0
github.com/22Fariz22/shorturl/internal/usecase/db/db.go:181.16,184.3 2 0
github.com/22Fariz22/shorturl/internal/usecase/db/db.go:189.18,193.17 4 0
github.com/22Fariz22/shorturl/internal/usecase/db/db.go:198.3,200.28 2 0
github.com/22Fariz22/shorturl/internal/usecase/db/db.go:193.17,196.4 2 0
github.com/22Fariz22/shorturl/internal/usecase/db/db.go:206.58,208.2 1 0
github.com/22Fariz22/shorturl/internal/handler/handler.go:42.93,48.2 1 0
github.com/22Fariz22/shorturl/internal/handler/handler.go:51.73,52.27 1 0
github.com/22Fariz22/shorturl/internal/handler/handler.go:56.2,58.62 2 0
github.com/22Fariz22/shorturl/internal/handler/handler.go:64.2,69.36 4 0
github.com/22Fariz22/shorturl/internal/handler/handler.go:52.27,54.3 1 0
github.com/22Fariz22/shorturl/internal/handler/handler.go:58.62,62.3 3 0
github.com/22Fariz22/shorturl/internal/handler/handler.go:73.69,74.27 1 0
github.com/22Fariz22/shorturl/internal/handler/handler.go:78.2,88.16 6 0
github.com/22Fariz22/shorturl/internal/handler/handler.go:93.2,93.22 1 0
github.com/22Fariz22/shorturl/internal/handler/handler.go:101.2,102.16 2 0
github.com/22Fariz22/shorturl/internal/handler/handler.go:106.2,108.19 2 0
github.com/22Fariz22/shorturl/internal/handler/handler.go:114.2,114.15 1 0
github.com/22Fariz22/shorturl/internal/handler/handler.go:74.27,76.3 1 0
github.com/22Fariz22/shorturl/internal/handler/handler.go:88.16,91.3 2 0
github.com/22Fariz22/shorturl/internal/handler/handler.go:93.22,94.29 1 0
github.com/22Fariz22/shorturl/internal/handler/handler.go:94.29,99.4 1 0
github.com/22Fariz22/shorturl/internal/handler/handler.go:102.16,104.3 1 0
github.com/22Fariz22/shorturl/internal/handler/handler.go:108.19,110.3 1 0
github.com/22Fariz22/shorturl/internal/handler/handler.go:110.8,112.3 1 0
github.com/22Fariz22/shorturl/internal/handler/handler.go:118.81,119.27 1 0
github.com/22Fariz22/shorturl/internal/handler/handler.go:123.2,124.16 2 0
github.com/22Fariz22/shorturl/internal/handler/handler.go:129.2,137.16 6 0
github.com/22Fariz22/shorturl/internal/handler/handler.go:143.2,144.46 2 0
github.com/22Fariz22/shorturl/internal/handler/handler.go:119.27,121.3 1 0
github.com/22Fariz22/shorturl/internal/handler/handler.go:124.16,126.3 1 0
github.com/22Fariz22/shorturl/internal/handler/handler.go:137.16,142.3 4 0
github.com/22Fariz22/shorturl/internal/handler/handler.go:148.82,149.27 1 0
github.com/22Fariz22/shorturl/internal/handler/handler.go:153.2,160.9 6 0
github.com/22Fariz22/shorturl/internal/handler/handler.go:164.2,164.17 1 0
github.com/22Fariz22/shorturl/internal/handler/handler.go:168.2,169.64 2 0
github.com/22Fariz22/shorturl/internal/handler/handler.go:149.27,151.3 1 0
github.com/22Fariz22/shorturl/internal/handler/handler.go:160.9,163.3 2 0
github.com/22Fariz22/shorturl/internal/handler/handler.go:164.17,167.3 2 0
github.com/22Fariz22/shorturl/internal/handler/handler.go:173.65,174.27 1 0
github.com/22Fariz22/shorturl/internal/handler/handler.go:178.2,184.16 5 0
github.com/22Fariz22/shorturl/internal/handler/handler.go:189.2,189.60 1 0
github.com/22Fariz22/shorturl/internal/handler/handler.go:194.2,198.33 3 0
github.com/22Fariz22/shorturl/internal/handler/handler.go:217.2,218.16 2 0
github.com/22Fariz22/shorturl/internal/handler/handler.go:223.2,224.16 2 0
github.com/22Fariz22/shorturl/internal/handler/handler.go:227.2,229.14 3 0
github.com/22Fariz22/shorturl/internal/handler/handler.go:174.27,176.3 1 0
github.com/22Fariz22/shorturl/internal/handler/handler.go:184.16,188.3 3 0
github.com/22Fariz22/shorturl/internal/handler/handler.go:189.60,192.3 2 0
github.com/22Fariz22/shorturl/internal/handler/handler.go:198.33,215.3 5 0
github.com/22Fariz22/shorturl/internal/handler/handler.go:218.16,221.3 2 0
github.com/22Fariz22/shorturl/internal/handler/handler.go:224.16,226.3 1 0
github.com/22Fariz22/shorturl/internal/handler/handler.go:233.78,234.27 1 0
github.com/22Fariz22/shorturl/internal/handler/handler.go:238.2,239.16 2 0
github.com/22Fariz22/shorturl/internal/handler/handler.go:244.2,244.55 1 0
github.com/22Fariz22/shorturl/internal/handler/handler.go:249.2,260.16 5 0
github.com/22Fariz22/shorturl/internal/handler/handler.go:264.2,270.16 5 0
github.com/22Fariz22/shorturl/internal/handler/handler.go:285.2,287.14 3 0
github.com/22Fariz22/shorturl/internal/handler/handler.go:234.27,236.3 1 0
github.com/22Fariz22/shorturl/internal/handler/handler.go:239.16,242.3 2 0
github.com/22Fariz22/shorturl/internal/handler/handler.go:244.55,247.3 2 0
github.com/22Fariz22/shorturl/internal/handler/handler.go:260.16,262.3 1 0
github.com/22Fariz22/shorturl/internal/handler/handler.go:270.16,277.17 4 0
github.com/22Fariz22/shorturl/internal/handler/handler.go:280.3,283.9 4 0
github.com/22Fariz22/shorturl/internal/handler/handler.go:277.17,279.4 1 0
github.com/22Fariz22/shorturl/internal/handler/handler.go:291.35,292.41 1 0
github.com/22Fariz22/shorturl/internal/handler/handler.go:296.2,296.12 1 0
github.com/22Fariz22/shorturl/internal/handler/handler.go:292.41,295.3 2 0
github.com/22Fariz22/shorturl/internal/handler/handler.go:300.49,302.82 1 0
github.com/22Fariz22/shorturl/internal/handler/handler.go:302.82,303.72 1 0
github.com/22Fariz22/shorturl/internal/handler/handler.go:307.3,309.17 3 0
github.com/22Fariz22/shorturl/internal/handler/handler.go:313.3,320.34 3 0
github.com/22Fariz22/shorturl/internal/handler/handler.go:303.72,306.4 2 0
github.com/22Fariz22/shorturl/internal/handler/handler.go:309.17,312.4 2 0
github.com/22Fariz22/shorturl/internal/handler/handler.go:331.64,336.16 4 0
github.com/22Fariz22/shorturl/internal/handler/handler.go:340.2,340.30 1 0
github.com/22Fariz22/shorturl/internal/handler/handler.go:336.16,339.3 2 0
github.com/22Fariz22/shorturl/internal/handler/handler.go:344.23,351.2 5 0
github.com/22Fariz22/shorturl/internal/app/app.go:21.30,24.27 2 0
github.com/22Fariz22/shorturl/internal/app/app.go:32.2,57.12 19 0
github.com/22Fariz22/shorturl/internal/app/app.go:68.2,68.83 1 0
github.com/22Fariz22/shorturl/internal/app/app.go:24.27,26.3 1 0
github.com/22Fariz22/shorturl/internal/app/app.go:26.8,26.38 1 0
github.com/22Fariz22/shorturl/internal/app/app.go:26.38,28.3 1 0
github.com/22Fariz22/shorturl/internal/app/app.go:28.8,30.3 1 0
github.com/22Fariz22/shorturl/internal/app/app.go:57.12,58.35 1 0
github.com/22Fariz22/shorturl/internal/app/app.go:62.3,63.17 2 0
github.com/22Fariz22/shorturl/internal/app/app.go:58.35,61.4 2 0
github.com/22Fariz22/shorturl/internal/app/app.go:63.17,65.4 1 0
github.com/22Fariz22/shorturl/internal/app/app.go:68.83,70.3 1 0
github.com/22Fariz22/shorturl/internal/usecase/file/file.go:27.71,30.2 2 0
github.com/22Fariz22/shorturl/internal/usecase/file/file.go:33.106,35.27 1 0
github.com/22Fariz22/shorturl/internal/usecase/file/file.go:50.2,50.12 1 0
github.com/22Fariz22/shorturl/internal/usecase/file/file.go:35.27,42.17 3 0
github.com/22Fariz22/shorturl/internal/usecase/file/file.go:46.3,48.59 3 0
github.com/22Fariz22/shorturl/internal/usecase/file/file.go:42.17,45.4 2 0
github.com/22Fariz22/shorturl/internal/usecase/file/file.go:60.56,62.16 2 0
github.com/22Fariz22/shorturl/internal/usecase/file/file.go:65.2,68.8 1 0
github.com/22Fariz22/shorturl/internal/usecase/file/file.go:62.16,64.3 1 0
github.com/22Fariz22/shorturl/internal/usecase/file/file.go:72.49,76.16 3 0
github.com/22Fariz22/shorturl/internal/usecase/file/file.go:80.2,84.3 1 0
github.com/22Fariz22/shorturl/internal/usecase/file/file.go:76.16,78.3 1 0
github.com/22Fariz22/shorturl/internal/usecase/file/file.go:88.41,91.21 2 0
github.com/22Fariz22/shorturl/internal/usecase/file/file.go:100.2,100.38 1 0
github.com/22Fariz22/shorturl/internal/usecase/file/file.go:103.2,103.12 1 0
github.com/22Fariz22/shorturl/internal/usecase/file/file.go:91.21,95.17 4 0
github.com/22Fariz22/shorturl/internal/usecase/file/file.go:98.3,98.64 1 0
github.com/22Fariz22/shorturl/internal/usecase/file/file.go:95.17,97.4 1 0
github.com/22Fariz22/shorturl/internal/usecase/file/file.go:100.38,102.3 1 0
github.com/22Fariz22/shorturl/internal/usecase/file/file.go:107.118,115.16 3 0
github.com/22Fariz22/shorturl/internal/usecase/file/file.go:119.2,122.16 4 0
github.com/22Fariz22/shorturl/internal/usecase/file/file.go:115.16,118.3 2 0
github.com/22Fariz22/shorturl/internal/usecase/file/file.go:126.91,129.2 2 0
github.com/22Fariz22/shorturl/internal/usecase/file/file.go:132.98,134.2 1 0
github.com/22Fariz22/shorturl/internal/usecase/file/file.go:137.60,139.2 1 0
github.com/22Fariz22/shorturl/internal/usecase/memory/memory.go:21.43,23.2 1 0
github.com/22Fariz22/shorturl/internal/usecase/memory/memory.go:26.31,31.2 2 0
github.com/22Fariz22/shorturl/internal/usecase/memory/memory.go:34.120,38.2 3 0
github.com/22Fariz22/shorturl/internal/usecase/memory/memory.go:41.93,46.2 4 0
github.com/22Fariz22/shorturl/internal/usecase/memory/memory.go:49.100,51.2 1 0
github.com/22Fariz22/shorturl/internal/usecase/memory/memory.go:54.62,56.2 1 0
github.com/22Fariz22/shorturl/internal/usecase/memory/memory.go:59.108,60.27 1 0
github.com/22Fariz22/shorturl/internal/usecase/memory/memory.go:67.2,67.12 1 0
github.com/22Fariz22/shorturl/internal/usecase/memory/memory.go:60.27,66.3 2 0
github.com/22Fariz22/shorturl/internal/usecase/memory/memory.go:71.73,75.2 3 0
github.com/22Fariz22/shorturl/internal/cookies/cookies.go:24.81,36.16 3 0
github.com/22Fariz22/shorturl/internal/cookies/cookies.go:36.16,40.3 3 0
github.com/22Fariz22/shorturl/internal/cookies/cookies.go:46.81,48.16 2 0
github.com/22Fariz22/shorturl/internal/cookies/cookies.go:60.2,60.20 1 0
github.com/22Fariz22/shorturl/internal/cookies/cookies.go:48.16,49.10 1 0
github.com/22Fariz22/shorturl/internal/cookies/cookies.go:58.3,58.9 1 0
github.com/22Fariz22/shorturl/internal/cookies/cookies.go:50.41,51.60 1 0
github.com/22Fariz22/shorturl/internal/cookies/cookies.go:52.40,53.58 1 0
github.com/22Fariz22/shorturl/internal/cookies/cookies.go:54.11,56.65 2 0
github.com/22Fariz22/shorturl/internal/cookies/cookies.go:66.78,72.33 2 0
github.com/22Fariz22/shorturl/internal/cookies/cookies.go:77.2,79.12 3 0
github.com/22Fariz22/shorturl/internal/cookies/cookies.go:72.33,74.3 1 0
github.com/22Fariz22/shorturl/internal/cookies/cookies.go:83.57,86.16 2 0
github.com/22Fariz22/shorturl/internal/cookies/cookies.go:93.2,94.16 2 0
github.com/22Fariz22/shorturl/internal/cookies/cookies.go:99.2,99.27 1 0
github.com/22Fariz22/shorturl/internal/cookies/cookies.go:86.16,88.3 1 0
github.com/22Fariz22/shorturl/internal/cookies/cookies.go:94.16,96.3 1 0
github.com/22Fariz22/shorturl/internal/cookies/cookies.go:103.105,106.16 2 0
github.com/22Fariz22/shorturl/internal/cookies/cookies.go:111.2,112.16 2 0
github.com/22Fariz22/shorturl/internal/cookies/cookies.go:117.2,119.16 3 0
github.com/22Fariz22/shorturl/internal/cookies/cookies.go:128.2,140.28 4 0
github.com/22Fariz22/shorturl/internal/cookies/cookies.go:106.16,108.3 1 0
github.com/22Fariz22/shorturl/internal/cookies/cookies.go:112.16,114.3 1 0
github.com/22Fariz22/shorturl/internal/cookies/cookies.go:119.16,121.3 1 0
github.com/22Fariz22/shorturl/internal/cookies/cookies.go:144.84,147.16 2 0
github.com/22Fariz22/shorturl/internal/cookies/cookies.go:152.2,153.16 2 0
github.com/22Fariz22/shorturl/internal/cookies/cookies.go:158.2,159.16 2 0
github.com/22Fariz22/shorturl/internal/cookies/cookies.go:164.2,169.37 2 0
github.com/22Fariz22/shorturl/internal/cookies/cookies.go:174.2,180.16 4 0
github.com/22Fariz22/shorturl/internal/cookies/cookies.go:186.2,187.9 2 0
github.com/22Fariz22/shorturl/internal/cookies/cookies.go:192.2,192.26 1 0
github.com/22Fariz22/shorturl/internal/cookies/cookies.go:197.2,197.19 1 0
github.com/22Fariz22/shorturl/internal/cookies/cookies.go:147.16,149.3 1 0
github.com/22Fariz22/shorturl/internal/cookies/cookies.go:153.16,155.3 1 0
github.com/22Fariz22/shorturl/internal/cookies/cookies.go:159.16,161.3 1 0
github.com/22Fariz22/shorturl/internal/cookies/cookies.go:169.37,171.3 1 0
github.com/22Fariz22/shorturl/internal/cookies/cookies.go:180.16,182.3 1 0
github.com/22Fariz22/shorturl/internal/cookies/cookies.go:187.9,189.3 1 0
github.com/22Fariz22/shorturl/internal/cookies/cookies.go:192.26,194.3 1 0
github.com/22Fariz22/shorturl/internal/usecase/mocks/mock_interfaces.go:27.65,31.2 3 0
github.com/22Fariz22/shorturl/internal/usecase/mocks/mock_interfaces.go:34.63,36.2 1 0
github.com/22Fariz22/shorturl/internal/usecase/mocks/mock_interfaces.go:39.67,44.2 4 0
github.com/22Fariz22/shorturl/internal/usecase/mocks/mock_interfaces.go:47.83,50.2 2 0
github.com/22Fariz22/shorturl/internal/usecase/mocks/mock_interfaces.go:53.97,59.2 5 0
github.com/22Fariz22/shorturl/internal/usecase/mocks/mock_interfaces.go:62.83,65.2 2 0
github.com/22Fariz22/shorturl/internal/usecase/mocks/mock_interfaces.go:68.87,74.2 5 0
github.com/22Fariz22/shorturl/internal/usecase/mocks/mock_interfaces.go:77.83,80.2 2 0
github.com/22Fariz22/shorturl/internal/usecase/mocks/mock_interfaces.go:83.39,88.2 4 0
github.com/22Fariz22/shorturl/internal/usecase/mocks/mock_interfaces.go:91.59,94.2 2 0
github.com/22Fariz22/shorturl/internal/usecase/mocks/mock_interfaces.go:97.59,102.2 4 0
github.com/22Fariz22/shorturl/internal/usecase/mocks/mock_interfaces.go:105.75,108.2 2 0
github.com/22Fariz22/shorturl/internal/usecase/mocks/mock_interfaces.go:111.100,116.2 4 0
github.com/22Fariz22/shorturl/internal/usecase/mocks/mock_interfaces.go:119.92,122.2 2 0
github.com/22Fariz22/shorturl/internal/usecase/mocks/mock_interfaces.go:125.97,131.2 5 0
github.com/22Fariz22/shorturl/internal/usecase/mocks/mock_interfaces.go:134.96,137.2 2 0
github.com/22Fariz22/shorturl/internal/usecase/file/file.go:27.71,30.2 2 0
github.com/22Fariz22/shorturl/internal/usecase/file/file.go:33.106,35.27 1 0
github.com/22Fariz22/shorturl/internal/usecase/file/file.go:50.2,50.12 1 0
github.com/22Fariz22/shorturl/internal/usecase/file/file.go:35.27,42.17 3 0
github.com/22Fariz22/shorturl/internal/usecase/file/file.go:46.3,48.59 3 0
github.com/22Fariz22/shorturl/internal/usecase/file/file.go:42.17,45.4 2 0
github.com/22Fariz22/shorturl/internal/usecase/file/file.go:60.56,62.16 2 0
github.com/22Fariz22/shorturl/internal/usecase/file/file.go:65.2,68.8 1 0
github.com/22Fariz22/shorturl/internal/usecase/file/file.go:62.16,64.3 1 0
github.com/22Fariz22/shorturl/internal/usecase/file/file.go:72.49,76.16 3 0
github.com/22Fariz22/shorturl/internal/usecase/file/file.go:80.2,84.3 1 0
github.com/22Fariz22/shorturl/internal/usecase/file/file.go:76.16,78.3 1 0
github.com/22Fariz22/shorturl/internal/usecase/file/file.go:88.41,91.21 2 0
github.com/22Fariz22/shorturl/internal/usecase/file/file.go:100.2,100.38 1 0
github.com/22Fariz22/shorturl/internal/usecase/file/file.go:103.2,103.12 1 0
github.com/22Fariz22/shorturl/internal/usecase/file/file.go:91.21,95.17 4 0
github.com/22Fariz22/shorturl/internal/usecase/file/file.go:98.3,98.64 1 0
github.com/22Fariz22/shorturl/internal/usecase/file/file.go:95.17,97.4 1 0
github.com/22Fariz22/shorturl/internal/usecase/file/file.go:100.38,102.3 1 0
github.com/22Fariz22/shorturl/internal/usecase/file/file.go:107.118,115.16 3 0
github.com/22Fariz22/shorturl/internal/usecase/file/file.go:119.2,122.16 4 0
github.com/22Fariz22/shorturl/internal/usecase/file/file.go:115.16,118.3 2 0
github.com/22Fariz22/shorturl/internal/usecase/file/file.go:126.91,129.2 2 0
github.com/22Fariz22/shorturl/internal/usecase/file/file.go:132.98,134.2 1 0
github.com/22Fariz22/shorturl/internal/usecase/file/file.go:137.60,139.2 1 0
github.com/22Fariz22/shorturl/internal/usecase/memory/memory.go:21.43,23.2 1 0
github.com/22Fariz22/shorturl/internal/usecase/memory/memory.go:26.31,31.2 2 0
github.com/22Fariz22/shorturl/internal/usecase/memory/memory.go:34.120,38.2 3 0
github.com/22Fariz22/shorturl/internal/usecase/memory/memory.go:41.93,46.2 4 0
github.com/22Fariz22/shorturl/internal/usecase/memory/memory.go:49.100,51.2 1 0
github.com/22Fariz22/shorturl/internal/usecase/memory/memory.go:54.62,56.2 1 0
github.com/22Fariz22/shorturl/internal/usecase/memory/memory.go:59.108,60.27 1 0
github.com/22Fariz22/shorturl/internal/usecase/memory/memory.go:67.2,67.12 1 0
github.com/22Fariz22/shorturl/internal/usecase/memory/memory.go:60.27,66.3 2 0
github.com/22Fariz22/shorturl/internal/usecase/memory/memory.go:71.73,75.2 3 0
github.com/22Fariz22/shorturl/internal/handler/handler.go:42.93,48.2 1 0
github.com/22Fariz22/shorturl/internal/handler/handler.go:51.73,52.27 1 0
github.com/22Fariz22/shorturl/internal/handler/handler.go:56.2,58.62 2 0
github.com/22Fariz22/shorturl/internal/handler/handler.go:64.2,69.36 4 0
github.com/22Fariz22/shorturl/internal/handler/handler.go:52.27,54.3 1 0
github.com/22Fariz22/shorturl/internal/handler/handler.go:58.62,62.3 3 0
github.com/22Fariz22/shorturl/internal/handler/handler.go:73.69,74.27 1 0
github.com/22Fariz22/shorturl/internal/handler/handler.go:78.2,88.16 6 0
github.com/22Fariz22/shorturl/internal/handler/handler.go:93.2,93.22 1 0
github.com/22Fariz22/shorturl/internal/handler/handler.go:101.2,102.16 2 0
github.com/22Fariz22/shorturl/internal/handler/handler.go:106.2,108.19 2 0
github.com/22Fariz22/shorturl/internal/handler/handler.go:114.2,114.15 1 0
github.com/22Fariz22/shorturl/internal/handler/handler.go:74.27,76.3 1 0
github.com/22Fariz22/shorturl/internal/handler/handler.go:88.16,91.3 2 0
github.com/22Fariz22/shorturl/internal/handler/handler.go:93.22,94.29 1 0
github.com/22Fariz22/shorturl/internal/handler/handler.go:94.29,99.4 1 0
github.com/22Fariz22/shorturl/internal/handler/handler.go:102.16,104.3 1 0
github.com/22Fariz22/shorturl/internal/handler/handler.go:108.19,110.3 1 0
github.com/22Fariz22/shorturl/internal/handler/handler.go:110.8,112.3 1 0
github.com/22Fariz22/shorturl/internal/handler/handler.go:118.81,119.27 1 0
github.com/22Fariz22/shorturl/internal/handler/handler.go:123.2,124.16 2 0
github.com/22Fariz22/shorturl/internal/handler/handler.go:129.2,137.16 6 0
github.com/22Fariz22/shorturl/internal/handler/handler.go:143.2,144.46 2 0
github.com/22Fariz22/shorturl/internal/handler/handler.go:119.27,121.3 1 0
github.com/22Fariz22/shorturl/internal/handler/handler.go:124.16,126.3 1 0
github.com/22Fariz22/shorturl/internal/handler/handler.go:137.16,142.3 4 0
github.com/22Fariz22/shorturl/internal/handler/handler.go:148.82,149.27 1 0
github.com/22Fariz22/shorturl/internal/handler/handler.go:153.2,160.9 6 0
github.com/22Fariz22/shorturl/internal/handler/handler.go:164.2,164.17 1 0
github.com/22Fariz22/shorturl/internal/handler/handler.go:168.2,169.64 2 0
github.com/22Fariz22/shorturl/internal/handler/handler.go:149.27,151.3 1 0
github.com/22Fariz22/shorturl/internal/handler/handler.go:160.9,163.3 2 0
github.com/22Fariz22/shorturl/internal/handler/handler.go:164.17,167.3 2 0
github.com/22Fariz22/shorturl/internal/handler/handler.go:173.65,174.27 1 0
github.com/22Fariz22/shorturl/internal/handler/handler.go:178.2,184.16 5 0
github.com/22Fariz22/shorturl/internal/handler/handler.go:189.2,189.60 1 0
github.com/22Fariz22/shorturl/internal/handler/handler.go:194.2,198.33 3 0
github.com/22Fariz22/shorturl/internal/handler/handler.go:217.2,218.16 2 0
github.com/22Fariz22/shorturl/internal/handler/handler.go:223.2,224.16 2 0
github.com/22Fariz22/shorturl/internal/handler/handler.go:227.2,229.14 3 0
github.com/22Fariz22/shorturl/internal/handler/handler.go:174.27,176.3 1 0
github.com/22Fariz22/shorturl/internal/handler/handler.go:184.16,188.3 3 0
github.com/22Fariz22/shorturl/internal/handler/handler.go:189.60,192.3 2 0
github.com/22Fariz22/shorturl/internal/handler/handler.go:198.33,215.3 5 0
github.com/22Fariz22/shorturl/internal/handler/handler.go:218.16,221.3 2 0
github.com/22Fariz22/shorturl/internal/handler/handler.go:224.16,226.3 1 0
github.com/22Fariz22/shorturl/internal/handler/handler.go:233.78,234.27 1 0
github.com/22Fariz22/shorturl/internal/handler/handler.go:238.2,239.16 2 0
github.com/22Fariz22/shorturl/internal/handler/handler.go:244.2,244.55 1 0
github.com/22Fariz22/shorturl/internal/handler/handler.go:249.2,260.16 5 0
github.com/22Fariz22/shorturl/internal/handler/handler.go:264.2,270.16 5 0
github.com/22Fariz22/shorturl/internal/handler/handler.go:285.2,287.14 3 0
github.com/22Fariz22/shorturl/internal/handler/handler.go:234.27,236.3 1 0
github.com/22Fariz22/shorturl/internal/handler/handler.go:239.16,242.3 2 0
github.com/22Fariz22/shorturl/internal/handler/handler.go:244.55,247.3 2 0
github.com/22Fariz22/shorturl/internal/handler/handler.go:260.16,262.3 1 0
github.com/22Fariz22/shorturl/internal/handler/handler.go:270.16,277.17 4 0
github.com/22Fariz22/shorturl/internal/handler/handler.go:280.3,283.9 4 0
github.com/22Fariz22/shorturl/internal/handler/handler.go:277.17,279.4 1 0
github.com/22Fariz22/shorturl/internal/handler/handler.go:291.35,292.41 1 0
github.com/22Fariz22/shorturl/internal/handler/handler.go:296.2,296.12 1 0
github.com/22Fariz22/shorturl/internal/handler/handler.go:292.41,295.3 2 0
github.com/22Fariz22/shorturl/internal/handler/handler.go:300.49,302.82 1 0
github.com/22Fariz22/shorturl/internal/handler/handler.go:302.82,303.72 1 0
github.com/22Fariz22/shorturl/internal/handler/handler.go:307.3,309.17 3 0
github.com/22Fariz22/shorturl/internal/handler/handler.go:313.3,320.34 3 0
github.com/22Fariz22/shorturl/internal/handler/handler.go:303.72,306.4 2 0
github.com/22Fariz22/shorturl/internal/handler/handler.go:309.17,312.4 2 0
github.com/22Fariz22/shorturl/internal/handler/handler.go:331.64,336.16 4 0
github.com/22Fariz22/shorturl/internal/handler/handler.go:340.2,340.30 1 0
github.com/22Fariz22/shorturl/internal/handler/handler.go:336.16,339.3 2 0
github.com/22Fariz22/shorturl/internal/handler/handler.go:344.23,351.2 5 0
github.com/22Fariz22/shorturl/internal/storage/storage.go:28.82,31.31 2 0
github.com/22Fariz22/shorturl/internal/storage/storage.go:45.2,45.12 1 0
github.com/22Fariz22/shorturl/internal/storage/storage.go:31.31,33.28 2 0
github.com/22Fariz22/shorturl/internal/storage/storage.go:33.28,34.63 1 0
github.com/22Fariz22/shorturl/internal/storage/storage.go:34.63,42.5 1 0
github.com/22Fariz22/shorturl/internal/storage/storage.go:49.75,54.31 4 0
github.com/22Fariz22/shorturl/internal/storage/storage.go:61.2,61.13 1 0
github.com/22Fariz22/shorturl/internal/storage/storage.go:54.31,55.25 1 0
github.com/22Fariz22/shorturl/internal/storage/storage.go:55.25,59.4 3 0
github.com/22Fariz22/shorturl/internal/storage/storage.go:65.60,69.30 3 0
github.com/22Fariz22/shorturl/internal/storage/storage.go:75.2,75.28 1 0
github.com/22Fariz22/shorturl/internal/storage/storage.go:69.30,70.18 1 0
github.com/22Fariz22/shorturl/internal/storage/storage.go:70.18,73.4 2 0
github.com/22Fariz22/shorturl/internal/storage/storage.go:79.101,92.9 6 0
github.com/22Fariz22/shorturl/internal/storage/storage.go:96.2,98.31 3 0
github.com/22Fariz22/shorturl/internal/storage/storage.go:92.9,95.3 2 0
github.com/22Fariz22/shorturl/internal/storage/storage.go:102.26,106.2 1 0
github.com/22Fariz22/shorturl/internal/app/app.go:21.30,24.27 2 0
github.com/22Fariz22/shorturl/internal/app/app.go:32.2,57.12 19 0
github.com/22Fariz22/shorturl/internal/app/app.go:68.2,68.83 1 0
github.com/22Fariz22/shorturl/internal/app/app.go:24.27,26.3 1 0
github.com/22Fariz22/shorturl/internal/app/app.go:26.8,26.38 1 0
github.com/22Fariz22/shorturl/internal/app/app.go:26.38,28.3 1 0
github.com/22Fariz22/shorturl/internal/app/app.go:28.8,30.3 1 0
github.com/22Fariz22/shorturl/internal/app/app.go:57.12,58.35 1 0
github.com/22Fariz22/shorturl/internal/app/app.go:62.3,63.17 2 0
github.com/22Fariz22/shorturl/internal/app/app.go:58.35,61.4 2 0
github.com/22Fariz22/shorturl/internal/app/app.go:63.17,65.4 1 0
github.com/22Fariz22/shorturl/internal/app/app.go:68.83,70.3 1 0
github.com/22Fariz22/shorturl/cmd/shortener/main.go:10.13,16.2 2 0
github.com/22Fariz22/shorturl/internal/worker/worker.go:23.51,31.2 1 0
github.com/22Fariz22/shorturl/internal/worker/worker.go:40.80,41.9 1 0
github.com/22Fariz22/shorturl/internal/worker/worker.go:42.20,43.47 1 0
github.com/22Fariz22/shorturl/internal/worker/worker.go:47.4,48.13 1 0
github.com/22Fariz22/shorturl/internal/worker/worker.go:53.38,54.29 1 0
github.com/22Fariz22/shorturl/internal/worker/worker.go:54.29,56.13 2 0
github.com/22Fariz22/shorturl/internal/worker/worker.go:56.13,58.8 2 0
github.com/22Fariz22/shorturl/internal/worker/worker.go:58.8,59.12 1 0
github.com/22Fariz22/shorturl/internal/worker/worker.go:60.23,61.12 1 0
github.com/22Fariz22/shorturl/internal/worker/worker.go:62.33,63.13 1 0
github.com/22Fariz22/shorturl/internal/worker/worker.go:67.6,68.20 2 0
github.com/22Fariz22/shorturl/internal/worker/worker.go:63.13,65.7 1 0
github.com/22Fariz22/shorturl/internal/worker/worker.go:68.20,70.7 1 0
github.com/22Fariz22/shorturl/internal/worker/worker.go:78.23,79.19 1 0
github.com/22Fariz22/shorturl/internal/worker/worker.go:83.2,83.13 1 0
github.com/22Fariz22/shorturl/internal/worker/worker.go:79.19,82.3 2 0
github.com/22Fariz22/shorturl/internal/cookies/cookies.go:24.81,36.16 3 0
github.com/22Fariz22/shorturl/internal/cookies/cookies.go:36.16,40.3 3 0
github.com/22Fariz22/shorturl/internal/cookies/cookies.go:46.81,48.16 2 0
github.com/22Fariz22/shorturl/internal/cookies/cookies.go:60.2,60.20 1 0
github.com/22Fariz22/shorturl/internal/cookies/cookies.go:48.16,49.10 1 0
github.com/22Fariz22/shorturl/internal/cookies/cookies.go:58.3,58.9 1 0
github.com/22Fariz22/shorturl/internal/cookies/cookies.go:50.41,51.60 1 0
github.com/22Fariz22/shorturl/internal/cookies/cookies.go:52.40,53.58 1 0
github.com/22Fariz22/shorturl/internal/cookies/cookies.go:54.11,56.65 2 0
github.com/22Fariz22/shorturl/internal/cookies/cookies.go:66.78,72.33 2 0
github.com/22Fariz22/shorturl/internal/cookies/cookies.go:77.2,79.12 3 0
github.com/22Fariz22/shorturl/internal/cookies/cookies.go:72.33,74.3 1 0
github.com/22Fariz22/shorturl/internal/cookies/cookies.go:83.57,86.16 2 0
github.com/22Fariz22/shorturl/internal/cookies/cookies.go:93.2,94.16 2 0
github.com/22Fariz22/shorturl/internal/cookies/cookies.go:99.2,99.27 1 0
github.com/22Fariz22/shorturl/internal/cookies/cookies.go:86.16,88.3 1 0
github.com/22Fariz22/shorturl/internal/cookies/cookies.go:94.16,96.3 1 0
github.com/22Fariz22/shorturl/internal/cookies/cookies.go:103.105,106.16 2 0
github.com/22Fariz22/shorturl/internal/cookies/cookies.go:111.2,112.16 2 0
github.com/22Fariz22/shorturl/internal/cookies/cookies.go:117.2,119.16 3 0
github.com/22Fariz22/shorturl/internal/cookies/cookies.go:128.2,140.28 4 0
github.com/22Fariz22/shorturl/internal/cookies/cookies.go:106.16,108.3 1 0
github.com/22Fariz22/shorturl/internal/cookies/cookies.go:112.16,114.3 1 0
github.com/22Fariz22/shorturl/internal/cookies/cookies.go:119.16,121.3 1 0
github.com/22Fariz22/shorturl/internal/cookies/cookies.go:144.84,147.16 2 0
github.com/22Fariz22/shorturl/internal/cookies/cookies.go:152.2,153.16 2 0
github.com/22Fariz22/shorturl/internal/cookies/cookies.go:158.2,159.16 2 0
github.com/22Fariz22/shorturl/internal/cookies/cookies.go:164.2,169.37 2 0
github.com/22Fariz22/shorturl/internal/cookies/cookies.go:174.2,180.16 4 0
github.com/22Fariz22/shorturl/internal/cookies/cookies.go:186.2,187.9 2 0
github.com/22Fariz22/shorturl/internal/cookies/cookies.go:192.2,192.26 1 0
github.com/22Fariz22/shorturl/internal/cookies/cookies.go:197.2,197.19 1 0
github.com/22Fariz22/shorturl/internal/cookies/cookies.go:147.16,149.3 1 0
github.com/22Fariz22/shorturl/internal/cookies/cookies.go:153.16,155.3 1 0
github.com/22Fariz22/shorturl/internal/cookies/cookies.go:159.16,161.3 1 0
github.com/22Fariz22/shorturl/internal/cookies/cookies.go:169.37,171.3 1 0
github.com/22Fariz22/shorturl/internal/cookies/cookies.go:180.16,182.3 1 0
github.com/22Fariz22/shorturl/internal/cookies/cookies.go:187.9,189.3 1 0
github.com/22Fariz22/shorturl/internal/cookies/cookies.go:192.26,194.3 1 0
github.com/22Fariz22/shorturl/internal/usecase/db/db.go:26.49,30.2 1 0
github.com/22Fariz22/shorturl/internal/usecase/db/db.go:33.39,38.16 4 0
github.com/22Fariz22/shorturl/internal/usecase/db/db.go:42.2,47.16 3 0
github.com/22Fariz22/shorturl/internal/usecase/db/db.go:51.2,51.12 1 0
github.com/22Fariz22/shorturl/internal/usecase/db/db.go:38.16,41.3 2 0
github.com/22Fariz22/shorturl/internal/usecase/db/db.go:47.16,50.3 2 0
github.com/22Fariz22/shorturl/internal/usecase/db/db.go:55.69,63.16 6 0
github.com/22Fariz22/shorturl/internal/usecase/db/db.go:67.2,72.16 4 0
github.com/22Fariz22/shorturl/internal/usecase/db/db.go:77.2,77.22 1 0
github.com/22Fariz22/shorturl/internal/usecase/db/db.go:89.2,91.16 3 0
github.com/22Fariz22/shorturl/internal/usecase/db/db.go:95.2,95.12 1 0
github.com/22Fariz22/shorturl/internal/usecase/db/db.go:63.16,66.3 2 0
github.com/22Fariz22/shorturl/internal/usecase/db/db.go:72.16,75.3 2 0
github.com/22Fariz22/shorturl/internal/usecase/db/db.go:77.22,83.17 4 0
github.com/22Fariz22/shorturl/internal/usecase/db/db.go:83.17,86.4 2 0
github.com/22Fariz22/shorturl/internal/usecase/db/db.go:91.16,94.3 2 0
github.com/22Fariz22/shorturl/internal/usecase/db/db.go:99.117,109.16 7 0
github.com/22Fariz22/shorturl/internal/usecase/db/db.go:112.2,112.13 1 0
github.com/22Fariz22/shorturl/internal/usecase/db/db.go:124.2,128.16 3 0
github.com/22Fariz22/shorturl/internal/usecase/db/db.go:132.2,134.29 3 0
github.com/22Fariz22/shorturl/internal/usecase/db/db.go:109.16,111.3 1 0
github.com/22Fariz22/shorturl/internal/usecase/db/db.go:112.13,116.17 2 0
github.com/22Fariz22/shorturl/internal/usecase/db/db.go:120.3,120.17 1 0
github.com/22Fariz22/shorturl/internal/usecase/db/db.go:116.17,119.4 2 0
github.com/22Fariz22/shorturl/internal/usecase/db/db.go:128.16,131.3 2 0
github.com/22Fariz22/shorturl/internal/usecase/db/db.go:138.104,139.27 1 0
github.com/22Fariz22/shorturl/internal/usecase/db/db.go:147.2,147.12 1 0
github.com/22Fariz22/shorturl/internal/usecase/db/db.go:139.27,142.17 2 0
github.com/22Fariz22/shorturl/internal/usecase/db/db.go:142.17,145.4 2 0
github.com/22Fariz22/shorturl/internal/usecase/db/db.go:151.89,153.16 2 0
github.com/22Fariz22/shorturl/internal/usecase/db/db.go:159.2,163.17 3 0
github.com/22Fariz22/shorturl/internal/usecase/db/db.go:172.2,172.20 1 0
github.com/22Fariz22/shorturl/internal/usecase/db/db.go:175.2,175.22 1 0
github.com/22Fariz22/shorturl/internal/usecase/db/db.go:153.16,158.3 2 0
github.com/22Fariz22/shorturl/internal/usecase/db/db.go:163.17,166.17 3 0
github.com/22Fariz22/shorturl/internal/usecase/db/db.go:169.3,169.25 1 0
github.com/22Fariz22/shorturl/internal/usecase/db/db.go:166.17,168.4 1 0
github.com/22Fariz22/shorturl/internal/usecase/db/db.go:172.20,174.3 1 0
github.com/22Fariz22/shorturl/internal/usecase/db/db.go:179.96,181.16 2 0
github.com/22Fariz22/shorturl/internal/usecase/db/db.go:185.2,189.18 3 0
github.com/22Fariz22/shorturl/internal/usecase/db/db.go:202.2,202.18 1 0
github.com/22Fariz22/shorturl/internal/usecase/db/db.go:181.16,184.3 2 0
github.com/22Fariz22/shorturl/internal/usecase/db/db.go:189.18,193.17 4 0
github.com/22Fariz22/shorturl/internal/usecase/db/db.go:198.3,200.28 2 0
github.com/22Fariz22/shorturl/internal/usecase/db/db.go:193.17,196.4 2 0
github.com/22Fariz22/shorturl/internal/usecase/db/db.go:206.58,208.2 1 0
github.com/22Fariz22/shorturl/internal/config/config.go:33.26,41.39 7 0
github.com/22Fariz22/shorturl/internal/config/config.go:45.2,48.16 3 0
github.com/22Fariz22/shorturl/internal/config/config.go:52.2,59.3 1 0
github.com/22Fariz22/shorturl/internal/config/config.go:41.39,43.3 1 0
github.com/22Fariz22/shorturl/internal/config/config.go:48.16,50.3 1 0
github.com/22Fariz22/shorturl/internal/config/config.go:33.26,41.39 7 0
github.com/22Fariz22/shorturl/internal/config/config.go:45.2,48.16 3 0
github.com/22Fariz22/shorturl/internal/config/config.go:52.2,59.3 1 0
github.com/22Fariz22/shorturl/internal/config/config.go:41.39,43.3 1 0
github.com/22Fariz22/shorturl/internal/config/config.go:48.16,50.3 1 0
github.com/22Fariz22/shorturl/internal/usecase/db/db.go:26.49,30.2 1 0
github.com/22Fariz22/shorturl/internal/usecase/db/db.go:33.39,38.16 4 0
github.com/22Fariz22/shorturl/internal/usecase/db/db.go:42.2,47.16 3 0
github.com/22Fariz22/shorturl/internal/usecase/db/db.go:51.2,51.12 1 0
github.com/22Fariz22/shorturl/internal/usecase/db/db.go:38.16,41.3 2 0
github.com/22Fariz22/shorturl/internal/usecase/db/db.go:47.16,50.3 2 0
github.com/22Fariz22/shorturl/internal/usecase/db/db.go:55.69,63.16 6 0
github.com/22Fariz22/shorturl/internal/usecase/db/db.go:67.2,72.16 4 0
github.com/22Fariz22/shorturl/internal/usecase/db/db.go:77.2,77.22 1 0
github.com/22Fariz22/shorturl/internal/usecase/db/db.go:89.2,91.16 3 0
github.com/22Fariz22/shorturl/internal/usecase/db/db.go:95.2,95.12 1 0
github.com/22Fariz22/shorturl/internal/usecase/db/db.go:63.16,66.3 2 0
github.com/22Fariz22/shorturl/internal/usecase/db/db.go:72.16,75.3 2 0
github.com/22Fariz22/shorturl/internal/usecase/db/db.go:77.22,83.17 4 0
github.com/22Fariz22/shorturl/internal/usecase/db/db.go:83.17,86.4 2 0
github.com/22Fariz22/shorturl/internal/usecase/db/db.go:91.16,94.3 2 0
github.com/22Fariz22/shorturl/internal/usecase/db/db.go:99.117,109.16 7 0
github.com/22Fariz22/shorturl/internal/usecase/db/db.go:112.2,112.13 1 0
github.com/22Fariz22/shorturl/internal/usecase/db/db.go:124.2,128.16 3 0
github.com/22Fariz22/shorturl/internal/usecase/db/db.go:132.2,134.29 3 0
github.com/22Fariz22/shorturl/internal/usecase/db/db.go:109.16,111.3 1 0
github.com/22Fariz22/shorturl/internal/usecase/db/db.go:112.13,116.17 2 0
github.com/22Fariz22/shorturl/internal/usecase/db/db.go:120.3,120.17 1 0
github.com/22Fariz22/shorturl/internal/usecase/db/db.go:116.17,119.4 2 0
github.com/22Fariz22/shorturl/internal/usecase/db/db.go:128.16,131.3 2 0
github.com/22Fariz22/shorturl/internal/usecase/db/db.go:138.104,139.27 1 0
github.com/22Fariz22/shorturl/internal/usecase/db/db.go:147.2,147.12 1 0
github.com/22Fariz22/shorturl/internal/usecase/db/db.go:139.27,142.17 2 0
github.com/22Fariz22/shorturl/internal/usecase/db/db.go:142.17,145.4 2 0
github.com/22Fariz22/shorturl/internal/usecase/db/db.go:151.89,153.16 2 0
github.com/22Fariz22/shorturl/internal/usecase/db/db.go:159.2,163.17 3 0
github.com/22Fariz22/shorturl/internal/usecase/db/db.go:172.2,172.20 1 0
github.com/22Fariz22/shorturl/internal/usecase/db/db.go:175.2,175.22 1 0
github.com/22Fariz22/shorturl/internal/usecase/db/db.go:153.16,158.3 2 0
github.com/22Fariz22/shorturl/internal/usecase/db/db.go:163.17,166.17 3 0
github.com/22Fariz22/shorturl/internal/usecase/db/db.go:169.3,169.25 1 0
github.com/22Fariz22/shorturl/internal/usecase/db/db.go:166.17,168.4 1 0
github.com/22Fariz22/shorturl/internal/usecase/db/db.go:172.20,174.3 1 0
github.com/22Fariz22/shorturl/internal/usecase/db/db.go:179.96,181.16 2 0
github.com/22Fariz22/shorturl/internal/usecase/db/db.go:185.2,189.18 3 0
github.com/22Fariz22/shorturl/internal/usecase/db/db.go:202.2,202.18 1 0
github.com/22Fariz22/shorturl/internal/usecase/db/db.go:181.16,184.3 2 0
github.com/22Fariz22/shorturl/internal/usecase/db/db.go:189.18,193.17 4 0
github.com/22Fariz22/shorturl/internal/usecase/db/db.go:198.3,200.28 2 0
github.com/22Fariz22/shorturl/internal/usecase/db/db.go:193.17,196.4 2 0
github.com/22Fariz22/shorturl/internal/usecase/db/db.go:206.58,208.2 1 0
github.com/22Fariz22/shorturl/internal/storage/storage.go:28.82,31.31 2 1
github.com/22Fariz22/shorturl/internal/storage/storage.go:45.2,45.12 1 1
github.com/22Fariz22/shorturl/internal/storage/storage.go:31.31,33.28 2 1
github.com/22Fariz22/shorturl/internal/storage/storage.go:33.28,34.63 1 0
github.com/22Fariz22/shorturl/internal/storage/storage.go:34.63,42.5 1 0
github.com/22Fariz22/shorturl/internal/storage/storage.go:49.75,54.31 4 1
github.com/22Fariz22/shorturl/internal/storage/storage.go:61.2,61.13 1 1
github.com/22Fariz22/shorturl/internal/storage/storage.go:54.31,55.25 1 0
github.com/22Fariz22/shorturl/internal/storage/storage.go:55.25,59.4 3 0
github.com/22Fariz22/shorturl/internal/storage/storage.go:65.60,69.30 3 1
github.com/22Fariz22/shorturl/internal/storage/storage.go:75.2,75.28 1 1
github.com/22Fariz22/shorturl/internal/storage/storage.go:69.30,70.18 1 0
github.com/22Fariz22/shorturl/internal/storage/storage.go:70.18,73.4 2 0
github.com/22Fariz22/shorturl/internal/storage/storage.go:79.101,92.9 6 1
github.com/22Fariz22/shorturl/internal/storage/storage.go:96.2,98.31 3 0
github.com/22Fariz22/shorturl/internal/storage/storage.go:92.9,95.3 2 1
github.com/22Fariz22/shorturl/internal/storage/storage.go:102.26,106.2 1 1
github.com/22Fariz22/shorturl/cmd/shortener/main.go:10.13,16.2 2 0
github.com/22Fariz22/shorturl/internal/worker/worker.go:23.51,31.2 1 0
github.com/22Fariz22/shorturl/internal/worker/worker.go:40.80,41.9 1 0
github.com/22Fariz22/shorturl/internal/worker/worker.go:42.20,43.47 1 0
github.com/22Fariz22/shorturl/internal/worker/worker.go:47.4,48.13 1 0
github.com/22Fariz22/shorturl/internal/worker/worker.go:53.38,54.29 1 0
github.com/22Fariz22/shorturl/internal/worker/worker.go:54.29,56.13 2 0
github.com/22Fariz22/shorturl/internal/worker/worker.go:56.13,58.8 2 0
github.com/22Fariz22/shorturl/internal/worker/worker.go:58.8,59.12 1 0
github.com/22Fariz22/shorturl/internal/worker/worker.go:60.23,61.12 1 0
github.com/22Fariz22/shorturl/internal/worker/worker.go:62.33,63.13 1 0
github.com/22Fariz22/shorturl/internal/worker/worker.go:67.6,68.20 2 0
github.com/22Fariz22/shorturl/internal/worker/worker.go:63.13,65.7 1 0
github.com/22Fariz22/shorturl/internal/worker/worker.go:68.20,70.7 1 0
github.com/22Fariz22/shorturl/internal/worker/worker.go:78.23,79.19 1 0
github.com/22Fariz22/shorturl/internal/worker/worker.go:83.2,83.13 1 0
github.com/22Fariz22/shorturl/internal/worker/worker.go:79.19,82.3 2 0
github.com/22Fariz22/shorturl/internal/usecase/mocks/mock_interfaces.go:27.65,31.2 3 0
github.com/22Fariz22/shorturl/internal/usecase/mocks/mock_interfaces.go:34.63,36.2 1 0
github.com/22Fariz22/shorturl/internal/usecase/mocks/mock_interfaces.go:39.67,44.2 4 0
github.com/22Fariz22/shorturl/internal/usecase/mocks/mock_interfaces.go:47.83,50.2 2 0
github.com/22Fariz22/shorturl/internal/usecase/mocks/mock_interfaces.go:53.97,59.2 5 0
github.com/22Fariz22/shorturl/internal/usecase/mocks/mock_interfaces.go:62.83,65.2 2 0
github.com/22Fariz22/shorturl/internal/usecase/mocks/mock_interfaces.go:68.87,74.2 5 0
github.com/22Fariz22/shorturl/internal/usecase/mocks/mock_interfaces.go:77.83,80.2 2 0
github.com/22Fariz22/shorturl/internal/usecase/mocks/mock_interfaces.go:83.39,88.2 4 0
github.com/22Fariz22/shorturl/internal/usecase/mocks/mock_interfaces.go:91.59,94.2 2 0
github.com/22Fariz22/shorturl/internal/usecase/mocks/mock_interfaces.go:97.59,102.2 4 0
github.com/22Fariz22/shorturl/internal/usecase/mocks/mock_interfaces.go:105.75,108.2 2 0
github.com/22Fariz22/shorturl/internal/usecase/mocks/mock_interfaces.go:111.100,116.2 4 0
github.com/22Fariz22/shorturl/internal/usecase/mocks/mock_interfaces.go:119.92,122.2 2 0
github.com/22Fariz22/shorturl/internal/usecase/mocks/mock_interfaces.go:125.97,131.2 5 0
github.com/22Fariz22/shorturl/internal/usecase/mocks/mock_interfaces.go:134.96,137.2 2 0
github.com/22Fariz22/shorturl/internal/usecase/memory/memory.go:21.43,23.2 1 0
github.com/22Fariz22/shorturl/internal/usecase/memory/memory.go:26.31,31.2 2 1
github.com/22Fariz22/shorturl/internal/usecase/memory/memory.go:34.120,38.2 3 1
github.com/22Fariz22/shorturl/internal/usecase/memory/memory.go:41.93,46.2 4 1
github.com/22Fariz22/shorturl/internal/usecase/memory/memory.go:49.100,51.2 1 1
github.com/22Fariz22/shorturl/internal/usecase/memory/memory.go:54.62,56.2 1 0
github.com/22Fariz22/shorturl/internal/usecase/memory/memory.go:59.108,60.27 1 1
github.com/22Fariz22/shorturl/internal/usecase/memory/memory.go:67.2,67.12 1 1
github.com/22Fariz22/shorturl/internal/usecase/memory/memory.go:60.27,66.3 2 1
github.com/22Fariz22/shorturl/internal/usecase/memory/memory.go:71.73,75.2 3 1
github.com/22Fariz22/shorturl/internal/handler/handler.go:42.93,48.2 1 0
github.com/22Fariz22/shorturl/internal/handler/handler.go:51.73,52.27 1 0
github.com/22Fariz22/shorturl/internal/handler/handler.go:56.2,58.62 2 0
github.com/22Fariz22/shorturl/internal/handler/handler.go:64.2,69.36 4 0
github.com/22Fariz22/shorturl/internal/handler/handler.go:52.27,54.3 1 0
github.com/22Fariz22/shorturl/internal/handler/handler.go:58.62,62.3 3 0
github.com/22Fariz22/shorturl/internal/handler/handler.go:73.69,74.27 1 0
github.com/22Fariz22/shorturl/internal/handler/handler.go:78.2,88.16 6 0
github.com/22Fariz22/shorturl/internal/handler/handler.go:93.2,93.22 1 0
github.com/22Fariz22/shorturl/internal/handler/handler.go:101.2,102.16 2 0
github.com/22Fariz22/shorturl/internal/handler/handler.go:106.2,108.19 2 0
github.com/22Fariz22/shorturl/internal/handler/handler.go:114.2,114.15 1 0
github.com/22Fariz22/shorturl/internal/handler/handler.go:74.27,76.3 1 0
github.com/22Fariz22/shorturl/internal/handler/handler.go:88.16,91.3 2 0
github.com/22Fariz22/shorturl/internal/handler/handler.go:93.22,94.29 1 0
github.com/22Fariz22/shorturl/internal/handler/handler.go:94.29,99.4 1 0
github.com/22Fariz22/shorturl/internal/handler/handler.go:102.16,104.3 1 0
github.com/22Fariz22/shorturl/internal/handler/handler.go:108.19,110.3 1 0
github.com/22Fariz22/shorturl/internal/handler/handler.go:110.8,112.3 1 0
github.com/22Fariz22/shorturl/internal/handler/handler.go:118.81,119.27 1 0
github.com/22Fariz22/shorturl/internal/handler/handler.go:123.2,124.16 2 0
github.com/22Fariz22/shorturl/internal/handler/handler.go:129.2,137.16 6 0
github.com/22Fariz22/shorturl/internal/handler/handler.go:143.2,144.46 2 0
github.com/22Fariz22/shorturl/internal/handler/handler.go:119.27,121.3 1 0
github.com/22Fariz22/shorturl/internal/handler/handler.go:124.16,126.3 1 0
github.com/22Fariz22/shorturl/internal/handler/handler.go:137.16,142.3 4 0
github.com/22Fariz22/shorturl/internal/handler/handler.go:148.82,149.27 1 0
github.com/22Fariz22/shorturl/internal/handler/handler.go:153.2,160.9 6 0
github.com/22Fariz22/shorturl/internal/handler/handler.go:164.2,164.17 1 0
github.com/22Fariz22/shorturl/internal/handler/handler.go:168.2,169.64 2 0
github.com/22Fariz22/shorturl/internal/handler/handler.go:149.27,151.3 1 0
github.com/22Fariz22/shorturl/internal/handler/handler.go:160.9,163.3 2 0
github.com/22Fariz22/shorturl/internal/handler/handler.go:164.17,167.3 2 0
github.com/22Fariz22/shorturl/internal/handler/handler.go:173.65,174.27 1 0
github.com/22Fariz22/shorturl/internal/handler/handler.go:178.2,184.16 5 0
github.com/22Fariz22/shorturl/internal/handler/handler.go:189.2,189.60 1 0
github.com/22Fariz22/shorturl/internal/handler/handler.go:194.2,198.33 3 0
github.com/22Fariz22/shorturl/internal/handler/handler.go:217.2,218.16 2 0
github.com/22Fariz22/shorturl/internal/handler/handler.go:223.2,224.16 2 0
github.com/22Fariz22/shorturl/internal/handler/handler.go:227.2,229.14 3 0
github.com/22Fariz22/shorturl/internal/handler/handler.go:174.27,176.3 1 0
github.com/22Fariz22/shorturl/internal/handler/handler.go:184.16,188.3 3 0
github.com/22Fariz22/shorturl/internal/handler/handler.go:189.60,192.3 2 0
github.com/22Fariz22/shorturl/internal/handler/handler.go:198.33,215.3 5 0
github.com/22Fariz22/shorturl/internal/handler/handler.go:218.16,221.3 2 0
github.com/22Fariz22/shorturl/internal/handler/handler.go:224.16,226.3 1 0
github.com/22Fariz22/shorturl/internal/handler/handler.go:233.78,234.27 1 0
github.com/22Fariz22/shorturl/internal/handler/handler.go:238.2,239.16 2 0
github.com/22Fariz22/shorturl/internal/handler/handler.go:244.2,244.55 1 0
github.com/22Fariz22/shorturl/internal/handler/handler.go:249.2,260.16 5 0
github.com/22Fariz22/shorturl/internal/handler/handler.go:264.2,270.16 5 0
github.com/22Fariz22/shorturl/internal/handler/handler.go:285.2,287.14 3 0
github.com/22Fariz22/shorturl/internal/handler/handler.go:234.27,236.3 1 0
github.com/22Fariz22/shorturl/internal/handler/handler.go:239.16,242.3 2 0
github.com/22Fariz22/shorturl/internal/handler/handler.go:244.55,247.3 2 0
github.com/22Fariz22/shorturl/internal/handler/handler.go:260.16,262.3 1 0
github.com/22Fariz22/shorturl/internal/handler/handler.go:270.16,277.17 4 0
github.com/22Fariz22/shorturl/internal/handler/handler.go:280.3,283.9 4 0
github.com/22Fariz22/shorturl/internal/handler/handler.go:277.17,279.4 1 0
github.com/22Fariz22/shorturl/internal/handler/handler.go:291.35,292.41 1 0
github.com/22Fariz22/shorturl/internal/handler/handler.go:296.2,296.12 1 0
github.com/22Fariz22/shorturl/internal/handler/handler.go:292.41,295.3 2 0
github.com/22Fariz22/shorturl/internal/handler/handler.go:300.49,302.82 1 0
github.com/22Fariz22/shorturl/internal/handler/handler.go:302.82,303.72 1 0
github.com/22Fariz22/shorturl/internal/handler/handler.go:307.3,309.17 3 0
github.com/22Fariz22/shorturl/internal/handler/handler.go:313.3,320.34 3 0
github.com/22Fariz22/shorturl/internal/handler/handler.go:303.72,306.4 2 0
github.com/22Fariz22/shorturl/internal/handler/handler.go:309.17,312.4 2 0
github.com/22Fariz22/shorturl/internal/handler/handler.go:331.64,336.16 4 0
github.com/22Fariz22/shorturl/internal/handler/handler.go:340.2,340.30 1 0
github.com/22Fariz22/shorturl/internal/handler/handler.go:336.16,339.3 2 0
github.com/22Fariz22/shorturl/internal/handler/handler.go:344.23,351.2 5 0
github.com/22Fariz22/shorturl/internal/app/app.go:21.30,24.27 2 0
github.com/22Fariz22/shorturl/internal/app/app.go:32.2,57.12 19 0
github.com/22Fariz22/shorturl/internal/app/app.go:68.2,68.83 1 0
github.com/22Fariz22/shorturl/internal/app/app.go:24.27,26.3 1 0
github.com/22Fariz22/shorturl/internal/app/app.go:26.8,26.38 1 0
github.com/22Fariz22/shorturl/internal/app/app.go:26.38,28.3 1 0
github.com/22Fariz22/shorturl/internal/app/app.go:28.8,30.3 1 0
github.com/22Fariz22/shorturl/internal/app/app.go:57.12,58.35 1 0
github.com/22Fariz22/shorturl/internal/app/app.go:62.3,63.17 2 0
github.com/22Fariz22/shorturl/internal/app/app.go:58.35,61.4 2 0
github.com/22Fariz22/shorturl/internal/app/app.go:63.17,65.4 1 0
github.com/22Fariz22/shorturl/internal/app/app.go:68.83,70.3 1 0
github.com/22Fariz22/shorturl/internal/cookies/cookies.go:24.81,36.16 3 0
github.com/22Fariz22/shorturl/internal/cookies/cookies.go:36.16,40.3 3 0
github.com/22Fariz22/shorturl/internal/cookies/cookies.go:46.81,48.16 2 0
github.com/22Fariz22/shorturl/internal/cookies/cookies.go:60.2,60.20 1 0
github.com/22Fariz22/shorturl/internal/cookies/cookies.go:48.16,49.10 1 0
github.com/22Fariz22/shorturl/internal/cookies/cookies.go:58.3,58.9 1 0
github.com/22Fariz22/shorturl/internal/cookies/cookies.go:50.41,51.60 1 0
github.com/22Fariz22/shorturl/internal/cookies/cookies.go:52.40,53.58 1 0
github.com/22Fariz22/shorturl/internal/cookies/cookies.go:54.11,56.65 2 0
github.com/22Fariz22/shorturl/internal/cookies/cookies.go:66.78,72.33 2 0
github.com/22Fariz22/shorturl/internal/cookies/cookies.go:77.2,79.12 3 0
github.com/22Fariz22/shorturl/internal/cookies/cookies.go:72.33,74.3 1 0
github.com/22Fariz22/shorturl/internal/cookies/cookies.go:83.57,86.16 2 0
github.com/22Fariz22/shorturl/internal/cookies/cookies.go:93.2,94.16 2 0
github.com/22Fariz22/shorturl/internal/cookies/cookies.go:99.2,99.27 1 0
github.com/22Fariz22/shorturl/internal/cookies/cookies.go:86.16,88.3 1 0
github.com/22Fariz22/shorturl/internal/cookies/cookies.go:94.16,96.3 1 0
github.com/22Fariz22/shorturl/internal/cookies/cookies.go:103.105,106.16 2 0
github.com/22Fariz22/shorturl/internal/cookies/cookies.go:111.2,112.16 2 0
github.com/22Fariz22/shorturl/internal/cookies/cookies.go:117.2,119.16 3 0
github.com/22Fariz22/shorturl/internal/cookies/cookies.go:128.2,140.28 4 0
github.com/22Fariz22/shorturl/internal/cookies/cookies.go:106.16,108.3 1 0
github.com/22Fariz22/shorturl/internal/cookies/cookies.go:112.16,114.3 1 0
github.com/22Fariz22/shorturl/internal/cookies/cookies.go:119.16,121.3 1 0
github.com/22Fariz22/shorturl/internal/cookies/cookies.go:144.84,147.16 2 0
github.com/22Fariz22/shorturl/internal/cookies/cookies.go:152.2,153.16 2 0
github.com/22Fariz22/shorturl/internal/cookies/cookies.go:158.2,159.16 2 0
github.com/22Fariz22/shorturl/internal/cookies/cookies.go:164.2,169.37 2 0
github.com/22Fariz22/shorturl/internal/cookies/cookies.go:174.2,180.16 4 0
github.com/22Fariz22/shorturl/internal/cookies/cookies.go:186.2,187.9 2 0
github.com/22Fariz22/shorturl/internal/cookies/cookies.go:192.2,192.26 1 0
github.com/22Fariz22/shorturl/internal/cookies/cookies.go:197.2,197.19 1 0
github.com/22Fariz22/shorturl/internal/cookies/cookies.go:147.16,149.3 1 0
github.com/22Fariz22/shorturl/internal/cookies/cookies.go:153.16,155.3 1 0
github.com/22Fariz22/shorturl/internal/cookies/cookies.go:159.16,161.3 1 0
github.com/22Fariz22/shorturl/internal/cookies/cookies.go:169.37,171.3 1 0
github.com/22Fariz22/shorturl/internal/cookies/cookies.go:180.16,182.3 1 0
github.com/22Fariz22/shorturl/internal/cookies/cookies.go:187.9,189.3 1 0
github.com/22Fariz22/shorturl/internal/cookies/cookies.go:192.26,194.3 1 0
github.com/22Fariz22/shorturl/internal/usecase/file/file.go:27.71,30.2 2 0
github.com/22Fariz22/shorturl/internal/usecase/file/file.go:33.106,35.27 1 0
github.com/22Fariz22/shorturl/internal/usecase/file/file.go:50.2,50.12 1 0
github.com/22Fariz22/shorturl/internal/usecase/file/file.go:35.27,42.17 3 0
github.com/22Fariz22/shorturl/internal/usecase/file/file.go:46.3,48.59 3 0
github.com/22Fariz22/shorturl/internal/usecase/file/file.go:42.17,45.4 2 0
github.com/22Fariz22/shorturl/internal/usecase/file/file.go:60.56,62.16 2 0
github.com/22Fariz22/shorturl/internal/usecase/file/file.go:65.2,68.8 1 0
github.com/22Fariz22/shorturl/internal/usecase/file/file.go:62.16,64.3 1 0
github.com/22Fariz22/shorturl/internal/usecase/file/file.go:72.49,76.16 3 0
github.com/22Fariz22/shorturl/internal/usecase/file/file.go:80.2,84.3 1 0
github.com/22Fariz22/shorturl/internal/usecase/file/file.go:76.16,78.3 1 0
github.com/22Fariz22/shorturl/internal/usecase/file/file.go:88.41,91.21 2 0
github.com/22Fariz22/shorturl/internal/usecase/file/file.go:100.2,100.38 1 0
github.com/22Fariz22/shorturl/internal/usecase/file/file.go:103.2,103.12 1 0
github.com/22Fariz22/shorturl/internal/usecase/file/file.go:91.21,95.17 4 0
github.com/22Fariz22/shorturl/internal/usecase/file/file.go:98.3,98.64 1 0
github.com/22Fariz22/shorturl/internal/usecase/file/file.go:95.17,97.4 1 0
github.com/22Fariz22/shorturl/internal/usecase/file/file.go:100.38,102.3 1 0
github.com/22Fariz22/shorturl/internal/usecase/file/file.go:107.118,115.16 3 0
github.com/22Fariz22/shorturl/internal/usecase/file/file.go:119.2,122.16 4 0
github.com/22Fariz22/shorturl/internal/usecase/file/file.go:115.16,118.3 2 0
github.com/22Fariz22/shorturl/internal/usecase/file/file.go:126.91,129.2 2 0
github.com/22Fariz22/shorturl/internal/usecase/file/file.go:132.98,134.2 1 0
github.com/22Fariz22/shorturl/internal/usecase/file/file.go:137.60,139.2 1 0
