mode: set
github.com/22Fariz22/shorturl/internal/cookies/cookies.go:24.81,36.16 3 1
github.com/22Fariz22/shorturl/internal/cookies/cookies.go:36.16,40.3 3 0
github.com/22Fariz22/shorturl/internal/cookies/cookies.go:46.81,48.16 2 1
github.com/22Fariz22/shorturl/internal/cookies/cookies.go:48.16,49.10 1 1
github.com/22Fariz22/shorturl/internal/cookies/cookies.go:50.41,51.60 1 1
github.com/22Fariz22/shorturl/internal/cookies/cookies.go:52.40,53.58 1 0
github.com/22Fariz22/shorturl/internal/cookies/cookies.go:54.11,56.65 2 0
github.com/22Fariz22/shorturl/internal/cookies/cookies.go:58.3,58.9 1 1
github.com/22Fariz22/shorturl/internal/cookies/cookies.go:60.2,60.20 1 0
github.com/22Fariz22/shorturl/internal/cookies/cookies.go:65.78,68.33 2 1
github.com/22Fariz22/shorturl/internal/cookies/cookies.go:68.33,70.3 1 0
github.com/22Fariz22/shorturl/internal/cookies/cookies.go:72.2,74.12 3 1
github.com/22Fariz22/shorturl/internal/cookies/cookies.go:78.57,81.16 2 1
github.com/22Fariz22/shorturl/internal/cookies/cookies.go:81.16,83.3 1 1
github.com/22Fariz22/shorturl/internal/cookies/cookies.go:85.2,86.16 2 0
github.com/22Fariz22/shorturl/internal/cookies/cookies.go:86.16,88.3 1 0
github.com/22Fariz22/shorturl/internal/cookies/cookies.go:90.2,90.27 1 0
github.com/22Fariz22/shorturl/internal/cookies/cookies.go:94.105,96.16 2 1
github.com/22Fariz22/shorturl/internal/cookies/cookies.go:96.16,98.3 1 0
github.com/22Fariz22/shorturl/internal/cookies/cookies.go:100.2,101.16 2 1
github.com/22Fariz22/shorturl/internal/cookies/cookies.go:101.16,103.3 1 0
github.com/22Fariz22/shorturl/internal/cookies/cookies.go:105.2,107.16 3 1
github.com/22Fariz22/shorturl/internal/cookies/cookies.go:107.16,109.3 1 0
github.com/22Fariz22/shorturl/internal/cookies/cookies.go:111.2,117.28 4 1
github.com/22Fariz22/shorturl/internal/cookies/cookies.go:121.84,123.16 2 1
github.com/22Fariz22/shorturl/internal/cookies/cookies.go:123.16,125.3 1 1
github.com/22Fariz22/shorturl/internal/cookies/cookies.go:127.2,128.16 2 0
github.com/22Fariz22/shorturl/internal/cookies/cookies.go:128.16,130.3 1 0
github.com/22Fariz22/shorturl/internal/cookies/cookies.go:132.2,133.16 2 0
github.com/22Fariz22/shorturl/internal/cookies/cookies.go:133.16,135.3 1 0
github.com/22Fariz22/shorturl/internal/cookies/cookies.go:137.2,139.37 2 0
github.com/22Fariz22/shorturl/internal/cookies/cookies.go:139.37,141.3 1 0
github.com/22Fariz22/shorturl/internal/cookies/cookies.go:143.2,147.16 4 0
github.com/22Fariz22/shorturl/internal/cookies/cookies.go:147.16,149.3 1 0
github.com/22Fariz22/shorturl/internal/cookies/cookies.go:151.2,152.9 2 0
github.com/22Fariz22/shorturl/internal/cookies/cookies.go:152.9,154.3 1 0
github.com/22Fariz22/shorturl/internal/cookies/cookies.go:156.2,156.26 1 0
github.com/22Fariz22/shorturl/internal/cookies/cookies.go:156.26,158.3 1 0
github.com/22Fariz22/shorturl/internal/cookies/cookies.go:160.2,160.19 1 0
github.com/22Fariz22/shorturl/internal/storage/storage.go:29.102,30.31 1 1
github.com/22Fariz22/shorturl/internal/storage/storage.go:30.31,31.28 1 1
github.com/22Fariz22/shorturl/internal/storage/storage.go:31.28,32.63 1 1
github.com/22Fariz22/shorturl/internal/storage/storage.go:32.63,40.5 1 1
github.com/22Fariz22/shorturl/internal/storage/storage.go:43.2,43.12 1 1
github.com/22Fariz22/shorturl/internal/storage/storage.go:47.95,52.31 4 1
github.com/22Fariz22/shorturl/internal/storage/storage.go:52.31,53.25 1 1
github.com/22Fariz22/shorturl/internal/storage/storage.go:53.25,57.4 3 1
github.com/22Fariz22/shorturl/internal/storage/storage.go:59.2,59.13 1 1
github.com/22Fariz22/shorturl/internal/storage/storage.go:63.80,67.30 3 1
github.com/22Fariz22/shorturl/internal/storage/storage.go:67.30,68.18 1 1
github.com/22Fariz22/shorturl/internal/storage/storage.go:68.18,70.4 1 1
github.com/22Fariz22/shorturl/internal/storage/storage.go:72.2,72.28 1 1
github.com/22Fariz22/shorturl/internal/storage/storage.go:76.121,89.9 6 1
github.com/22Fariz22/shorturl/internal/storage/storage.go:89.9,92.3 2 1
github.com/22Fariz22/shorturl/internal/storage/storage.go:93.2,93.31 1 1
github.com/22Fariz22/shorturl/internal/storage/storage.go:97.90,101.30 3 0
github.com/22Fariz22/shorturl/internal/storage/storage.go:101.30,104.3 2 0
github.com/22Fariz22/shorturl/internal/storage/storage.go:106.2,106.37 1 0
github.com/22Fariz22/shorturl/internal/storage/storage.go:110.26,114.2 1 0
github.com/22Fariz22/shorturl/pkg/logger/logger.go:29.32,32.32 2 1
github.com/22Fariz22/shorturl/pkg/logger/logger.go:33.15,34.25 1 0
github.com/22Fariz22/shorturl/pkg/logger/logger.go:35.14,36.24 1 0
github.com/22Fariz22/shorturl/pkg/logger/logger.go:37.14,38.24 1 0
github.com/22Fariz22/shorturl/pkg/logger/logger.go:39.15,40.25 1 1
github.com/22Fariz22/shorturl/pkg/logger/logger.go:41.10,42.24 1 0
github.com/22Fariz22/shorturl/pkg/logger/logger.go:45.2,53.3 4 1
github.com/22Fariz22/shorturl/pkg/logger/logger.go:57.66,59.2 1 0
github.com/22Fariz22/shorturl/pkg/logger/logger.go:62.60,64.2 1 0
github.com/22Fariz22/shorturl/pkg/logger/logger.go:67.60,69.2 1 0
github.com/22Fariz22/shorturl/pkg/logger/logger.go:72.66,73.47 1 0
github.com/22Fariz22/shorturl/pkg/logger/logger.go:73.47,75.3 1 0
github.com/22Fariz22/shorturl/pkg/logger/logger.go:77.2,77.34 1 0
github.com/22Fariz22/shorturl/pkg/logger/logger.go:81.66,85.2 2 0
github.com/22Fariz22/shorturl/pkg/logger/logger.go:87.59,88.20 1 0
github.com/22Fariz22/shorturl/pkg/logger/logger.go:88.20,90.3 1 0
github.com/22Fariz22/shorturl/pkg/logger/logger.go:90.8,92.3 1 0
github.com/22Fariz22/shorturl/pkg/logger/logger.go:95.78,96.31 1 0
github.com/22Fariz22/shorturl/pkg/logger/logger.go:97.13,98.30 1 0
github.com/22Fariz22/shorturl/pkg/logger/logger.go:99.14,100.22 1 0
github.com/22Fariz22/shorturl/pkg/logger/logger.go:101.10,102.88 1 0
github.com/22Fariz22/shorturl/internal/config/config.go:39.26,52.30 11 1
github.com/22Fariz22/shorturl/internal/config/config.go:52.30,54.17 2 0
github.com/22Fariz22/shorturl/internal/config/config.go:54.17,56.4 1 0
github.com/22Fariz22/shorturl/internal/config/config.go:58.3,59.17 2 0
github.com/22Fariz22/shorturl/internal/config/config.go:59.17,61.4 1 0
github.com/22Fariz22/shorturl/internal/config/config.go:64.2,64.39 1 1
github.com/22Fariz22/shorturl/internal/config/config.go:64.39,66.3 1 0
github.com/22Fariz22/shorturl/internal/config/config.go:68.2,71.16 3 1
github.com/22Fariz22/shorturl/internal/config/config.go:71.16,73.3 1 0
github.com/22Fariz22/shorturl/internal/config/config.go:75.2,84.3 1 1
github.com/22Fariz22/shorturl/internal/config/config.go:89.58,91.16 2 0
github.com/22Fariz22/shorturl/internal/config/config.go:91.16,93.3 1 0
github.com/22Fariz22/shorturl/internal/config/config.go:94.2,95.16 2 0
github.com/22Fariz22/shorturl/internal/config/config.go:95.16,97.3 1 0
github.com/22Fariz22/shorturl/internal/config/config.go:98.2,98.12 1 0
github.com/22Fariz22/shorturl/internal/cookies/cookies.go:24.81,36.16 3 1
github.com/22Fariz22/shorturl/internal/cookies/cookies.go:36.16,40.3 3 0
github.com/22Fariz22/shorturl/internal/cookies/cookies.go:46.81,48.16 2 0
github.com/22Fariz22/shorturl/internal/cookies/cookies.go:48.16,49.10 1 0
github.com/22Fariz22/shorturl/internal/cookies/cookies.go:50.41,51.60 1 0
github.com/22Fariz22/shorturl/internal/cookies/cookies.go:52.40,53.58 1 0
github.com/22Fariz22/shorturl/internal/cookies/cookies.go:54.11,56.65 2 0
github.com/22Fariz22/shorturl/internal/cookies/cookies.go:58.3,58.9 1 0
github.com/22Fariz22/shorturl/internal/cookies/cookies.go:60.2,60.20 1 0
github.com/22Fariz22/shorturl/internal/cookies/cookies.go:65.78,68.33 2 1
github.com/22Fariz22/shorturl/internal/cookies/cookies.go:68.33,70.3 1 0
github.com/22Fariz22/shorturl/internal/cookies/cookies.go:72.2,74.12 3 1
github.com/22Fariz22/shorturl/internal/cookies/cookies.go:78.57,81.16 2 0
github.com/22Fariz22/shorturl/internal/cookies/cookies.go:81.16,83.3 1 0
github.com/22Fariz22/shorturl/internal/cookies/cookies.go:85.2,86.16 2 0
github.com/22Fariz22/shorturl/internal/cookies/cookies.go:86.16,88.3 1 0
github.com/22Fariz22/shorturl/internal/cookies/cookies.go:90.2,90.27 1 0
github.com/22Fariz22/shorturl/internal/cookies/cookies.go:94.105,96.16 2 1
github.com/22Fariz22/shorturl/internal/cookies/cookies.go:96.16,98.3 1 0
github.com/22Fariz22/shorturl/internal/cookies/cookies.go:100.2,101.16 2 1
github.com/22Fariz22/shorturl/internal/cookies/cookies.go:101.16,103.3 1 0
github.com/22Fariz22/shorturl/internal/cookies/cookies.go:105.2,107.16 3 1
github.com/22Fariz22/shorturl/internal/cookies/cookies.go:107.16,109.3 1 0
github.com/22Fariz22/shorturl/internal/cookies/cookies.go:111.2,117.28 4 1
github.com/22Fariz22/shorturl/internal/cookies/cookies.go:121.84,123.16 2 0
github.com/22Fariz22/shorturl/internal/cookies/cookies.go:123.16,125.3 1 0
github.com/22Fariz22/shorturl/internal/cookies/cookies.go:127.2,128.16 2 0
github.com/22Fariz22/shorturl/internal/cookies/cookies.go:128.16,130.3 1 0
github.com/22Fariz22/shorturl/internal/cookies/cookies.go:132.2,133.16 2 0
github.com/22Fariz22/shorturl/internal/cookies/cookies.go:133.16,135.3 1 0
github.com/22Fariz22/shorturl/internal/cookies/cookies.go:137.2,139.37 2 0
github.com/22Fariz22/shorturl/internal/cookies/cookies.go:139.37,141.3 1 0
github.com/22Fariz22/shorturl/internal/cookies/cookies.go:143.2,147.16 4 0
github.com/22Fariz22/shorturl/internal/cookies/cookies.go:147.16,149.3 1 0
github.com/22Fariz22/shorturl/internal/cookies/cookies.go:151.2,152.9 2 0
github.com/22Fariz22/shorturl/internal/cookies/cookies.go:152.9,154.3 1 0
github.com/22Fariz22/shorturl/internal/cookies/cookies.go:156.2,156.26 1 0
github.com/22Fariz22/shorturl/internal/cookies/cookies.go:156.26,158.3 1 0
github.com/22Fariz22/shorturl/internal/cookies/cookies.go:160.2,160.19 1 0
github.com/22Fariz22/shorturl/internal/handler/grpc.go:25.89,32.2 1 0
github.com/22Fariz22/shorturl/internal/handler/grpc.go:34.94,36.16 2 0
github.com/22Fariz22/shorturl/internal/handler/grpc.go:36.16,38.3 1 0
github.com/22Fariz22/shorturl/internal/handler/grpc.go:40.2,40.19 1 0
github.com/22Fariz22/shorturl/internal/handler/grpc.go:43.98,49.8 4 0
github.com/22Fariz22/shorturl/internal/handler/grpc.go:49.8,51.22 2 0
github.com/22Fariz22/shorturl/internal/handler/grpc.go:51.22,54.4 1 0
github.com/22Fariz22/shorturl/internal/handler/grpc.go:57.2,58.16 2 0
github.com/22Fariz22/shorturl/internal/handler/grpc.go:58.16,61.3 2 0
github.com/22Fariz22/shorturl/internal/handler/grpc.go:64.2,65.15 2 0
github.com/22Fariz22/shorturl/internal/handler/grpc.go:65.15,68.3 2 0
github.com/22Fariz22/shorturl/internal/handler/grpc.go:70.2,71.16 2 0
github.com/22Fariz22/shorturl/internal/handler/grpc.go:71.16,74.3 2 0
github.com/22Fariz22/shorturl/internal/handler/grpc.go:76.2,76.24 1 0
github.com/22Fariz22/shorturl/internal/handler/grpc.go:76.24,78.17 2 0
github.com/22Fariz22/shorturl/internal/handler/grpc.go:78.17,80.4 1 0
github.com/22Fariz22/shorturl/internal/handler/grpc.go:81.3,82.29 2 0
github.com/22Fariz22/shorturl/internal/handler/grpc.go:83.8,85.3 1 0
github.com/22Fariz22/shorturl/internal/handler/grpc.go:87.2,87.19 1 0
github.com/22Fariz22/shorturl/internal/handler/grpc.go:90.115,94.9 3 0
github.com/22Fariz22/shorturl/internal/handler/grpc.go:94.9,96.3 1 0
github.com/22Fariz22/shorturl/internal/handler/grpc.go:98.2,98.33 1 0
github.com/22Fariz22/shorturl/internal/handler/grpc.go:98.33,100.3 1 0
github.com/22Fariz22/shorturl/internal/handler/grpc.go:102.2,106.42 3 0
github.com/22Fariz22/shorturl/internal/handler/grpc.go:106.42,108.3 1 0
github.com/22Fariz22/shorturl/internal/handler/grpc.go:110.2,112.19 2 0
github.com/22Fariz22/shorturl/internal/handler/grpc.go:115.106,117.9 2 0
github.com/22Fariz22/shorturl/internal/handler/grpc.go:117.9,119.3 1 0
github.com/22Fariz22/shorturl/internal/handler/grpc.go:121.2,121.33 1 0
github.com/22Fariz22/shorturl/internal/handler/grpc.go:121.33,123.3 1 0
github.com/22Fariz22/shorturl/internal/handler/grpc.go:125.2,128.16 3 0
github.com/22Fariz22/shorturl/internal/handler/grpc.go:128.16,130.3 1 0
github.com/22Fariz22/shorturl/internal/handler/grpc.go:133.2,135.32 2 0
github.com/22Fariz22/shorturl/internal/handler/grpc.go:135.32,136.24 1 0
github.com/22Fariz22/shorturl/internal/handler/grpc.go:136.24,143.4 2 0
github.com/22Fariz22/shorturl/internal/handler/grpc.go:147.2,149.18 2 0
github.com/22Fariz22/shorturl/internal/handler/grpc.go:152.130,154.9 2 0
github.com/22Fariz22/shorturl/internal/handler/grpc.go:154.9,156.3 1 0
github.com/22Fariz22/shorturl/internal/handler/grpc.go:158.2,158.33 1 0
github.com/22Fariz22/shorturl/internal/handler/grpc.go:158.33,160.3 1 0
github.com/22Fariz22/shorturl/internal/handler/grpc.go:161.2,167.16 4 0
github.com/22Fariz22/shorturl/internal/handler/grpc.go:167.16,170.3 2 0
github.com/22Fariz22/shorturl/internal/handler/grpc.go:172.2,174.18 3 0
github.com/22Fariz22/shorturl/internal/handler/grpc.go:177.108,179.9 2 0
github.com/22Fariz22/shorturl/internal/handler/grpc.go:179.9,181.3 1 0
github.com/22Fariz22/shorturl/internal/handler/grpc.go:183.2,188.18 4 0
github.com/22Fariz22/shorturl/internal/handler/grpc.go:191.102,193.9 2 0
github.com/22Fariz22/shorturl/internal/handler/grpc.go:193.9,195.3 1 0
github.com/22Fariz22/shorturl/internal/handler/grpc.go:197.2,197.33 1 0
github.com/22Fariz22/shorturl/internal/handler/grpc.go:197.33,199.3 1 0
github.com/22Fariz22/shorturl/internal/handler/grpc.go:201.2,210.47 4 0
github.com/22Fariz22/shorturl/internal/handler/grpc.go:210.47,229.3 5 0
github.com/22Fariz22/shorturl/internal/handler/grpc.go:232.2,233.16 2 0
github.com/22Fariz22/shorturl/internal/handler/grpc.go:233.16,235.3 1 0
github.com/22Fariz22/shorturl/internal/handler/grpc.go:238.2,240.19 2 0
github.com/22Fariz22/shorturl/internal/handler/grpc.go:243.118,245.9 2 0
github.com/22Fariz22/shorturl/internal/handler/grpc.go:245.9,247.3 1 0
github.com/22Fariz22/shorturl/internal/handler/grpc.go:249.2,249.33 1 0
github.com/22Fariz22/shorturl/internal/handler/grpc.go:249.33,251.3 1 0
github.com/22Fariz22/shorturl/internal/handler/grpc.go:253.2,259.16 4 0
github.com/22Fariz22/shorturl/internal/handler/grpc.go:259.16,260.14 1 0
github.com/22Fariz22/shorturl/internal/handler/grpc.go:260.14,263.4 2 0
github.com/22Fariz22/shorturl/internal/handler/grpc.go:264.3,264.68 1 0
github.com/22Fariz22/shorturl/internal/handler/grpc.go:266.2,268.58 2 0
github.com/22Fariz22/shorturl/internal/handler/handler.go:46.113,53.2 1 1
github.com/22Fariz22/shorturl/internal/handler/handler.go:56.65,67.16 5 1
github.com/22Fariz22/shorturl/internal/handler/handler.go:67.16,71.3 3 0
github.com/22Fariz22/shorturl/internal/handler/handler.go:74.2,75.15 2 1
github.com/22Fariz22/shorturl/internal/handler/handler.go:75.15,79.3 3 0
github.com/22Fariz22/shorturl/internal/handler/handler.go:81.2,82.16 2 1
github.com/22Fariz22/shorturl/internal/handler/handler.go:82.16,86.3 3 0
github.com/22Fariz22/shorturl/internal/handler/handler.go:88.2,88.24 1 1
github.com/22Fariz22/shorturl/internal/handler/handler.go:88.24,91.17 3 0
github.com/22Fariz22/shorturl/internal/handler/handler.go:91.17,95.4 3 0
github.com/22Fariz22/shorturl/internal/handler/handler.go:96.3,97.19 2 0
github.com/22Fariz22/shorturl/internal/handler/handler.go:98.8,101.3 2 1
github.com/22Fariz22/shorturl/internal/handler/handler.go:103.2,104.16 2 0
github.com/22Fariz22/shorturl/internal/handler/handler.go:104.16,108.3 3 0
github.com/22Fariz22/shorturl/internal/handler/handler.go:110.2,112.18 3 0
github.com/22Fariz22/shorturl/internal/handler/handler.go:117.73,118.27 1 1
github.com/22Fariz22/shorturl/internal/handler/handler.go:118.27,120.3 1 0
github.com/22Fariz22/shorturl/internal/handler/handler.go:122.2,124.62 2 1
github.com/22Fariz22/shorturl/internal/handler/handler.go:124.62,129.3 3 0
github.com/22Fariz22/shorturl/internal/handler/handler.go:131.2,136.36 3 1
github.com/22Fariz22/shorturl/internal/handler/handler.go:140.69,141.27 1 0
github.com/22Fariz22/shorturl/internal/handler/handler.go:141.27,143.3 1 0
github.com/22Fariz22/shorturl/internal/handler/handler.go:145.2,155.16 5 0
github.com/22Fariz22/shorturl/internal/handler/handler.go:155.16,158.3 2 0
github.com/22Fariz22/shorturl/internal/handler/handler.go:160.2,160.22 1 0
github.com/22Fariz22/shorturl/internal/handler/handler.go:160.22,161.29 1 0
github.com/22Fariz22/shorturl/internal/handler/handler.go:161.29,166.4 1 0
github.com/22Fariz22/shorturl/internal/handler/handler.go:168.2,169.16 2 0
github.com/22Fariz22/shorturl/internal/handler/handler.go:169.16,171.3 1 0
github.com/22Fariz22/shorturl/internal/handler/handler.go:173.2,176.19 2 0
github.com/22Fariz22/shorturl/internal/handler/handler.go:176.19,178.3 1 0
github.com/22Fariz22/shorturl/internal/handler/handler.go:178.8,181.3 1 0
github.com/22Fariz22/shorturl/internal/handler/handler.go:183.2,183.15 1 0
github.com/22Fariz22/shorturl/internal/handler/handler.go:187.81,188.27 1 0
github.com/22Fariz22/shorturl/internal/handler/handler.go:188.27,190.3 1 0
github.com/22Fariz22/shorturl/internal/handler/handler.go:192.2,193.16 2 0
github.com/22Fariz22/shorturl/internal/handler/handler.go:193.16,195.3 1 0
github.com/22Fariz22/shorturl/internal/handler/handler.go:198.2,205.16 4 0
github.com/22Fariz22/shorturl/internal/handler/handler.go:205.16,209.3 3 0
github.com/22Fariz22/shorturl/internal/handler/handler.go:212.2,213.46 2 0
github.com/22Fariz22/shorturl/internal/handler/handler.go:217.82,218.27 1 0
github.com/22Fariz22/shorturl/internal/handler/handler.go:218.27,220.3 1 0
github.com/22Fariz22/shorturl/internal/handler/handler.go:222.2,229.9 4 0
github.com/22Fariz22/shorturl/internal/handler/handler.go:229.9,232.3 2 0
github.com/22Fariz22/shorturl/internal/handler/handler.go:234.2,234.17 1 0
github.com/22Fariz22/shorturl/internal/handler/handler.go:234.17,237.3 2 0
github.com/22Fariz22/shorturl/internal/handler/handler.go:238.2,241.64 2 0
github.com/22Fariz22/shorturl/internal/handler/handler.go:245.65,246.27 1 0
github.com/22Fariz22/shorturl/internal/handler/handler.go:246.27,248.3 1 0
github.com/22Fariz22/shorturl/internal/handler/handler.go:250.2,255.16 4 0
github.com/22Fariz22/shorturl/internal/handler/handler.go:255.16,259.3 3 0
github.com/22Fariz22/shorturl/internal/handler/handler.go:260.2,260.60 1 0
github.com/22Fariz22/shorturl/internal/handler/handler.go:260.60,263.3 2 0
github.com/22Fariz22/shorturl/internal/handler/handler.go:265.2,269.33 3 0
github.com/22Fariz22/shorturl/internal/handler/handler.go:269.33,286.3 5 0
github.com/22Fariz22/shorturl/internal/handler/handler.go:288.2,289.16 2 0
github.com/22Fariz22/shorturl/internal/handler/handler.go:289.16,292.3 2 0
github.com/22Fariz22/shorturl/internal/handler/handler.go:294.2,295.16 2 0
github.com/22Fariz22/shorturl/internal/handler/handler.go:295.16,297.3 1 0
github.com/22Fariz22/shorturl/internal/handler/handler.go:298.2,302.14 3 0
github.com/22Fariz22/shorturl/internal/handler/handler.go:306.78,307.27 1 0
github.com/22Fariz22/shorturl/internal/handler/handler.go:307.27,309.3 1 0
github.com/22Fariz22/shorturl/internal/handler/handler.go:311.2,314.16 3 0
github.com/22Fariz22/shorturl/internal/handler/handler.go:314.16,317.3 2 0
github.com/22Fariz22/shorturl/internal/handler/handler.go:319.2,319.55 1 0
github.com/22Fariz22/shorturl/internal/handler/handler.go:319.55,322.3 2 0
github.com/22Fariz22/shorturl/internal/handler/handler.go:324.2,335.16 5 0
github.com/22Fariz22/shorturl/internal/handler/handler.go:335.16,337.3 1 0
github.com/22Fariz22/shorturl/internal/handler/handler.go:339.2,341.16 2 0
github.com/22Fariz22/shorturl/internal/handler/handler.go:341.16,346.17 3 0
github.com/22Fariz22/shorturl/internal/handler/handler.go:346.17,348.4 1 0
github.com/22Fariz22/shorturl/internal/handler/handler.go:349.3,353.9 4 0
github.com/22Fariz22/shorturl/internal/handler/handler.go:355.2,357.14 3 0
github.com/22Fariz22/shorturl/internal/handler/handler.go:361.35,362.41 1 0
github.com/22Fariz22/shorturl/internal/handler/handler.go:362.41,365.3 2 0
github.com/22Fariz22/shorturl/internal/handler/handler.go:366.2,366.12 1 0
github.com/22Fariz22/shorturl/internal/handler/handler.go:370.49,372.82 1 0
github.com/22Fariz22/shorturl/internal/handler/handler.go:372.82,373.72 1 0
github.com/22Fariz22/shorturl/internal/handler/handler.go:373.72,376.4 2 0
github.com/22Fariz22/shorturl/internal/handler/handler.go:377.3,379.17 3 0
github.com/22Fariz22/shorturl/internal/handler/handler.go:379.17,382.4 2 0
github.com/22Fariz22/shorturl/internal/handler/handler.go:383.3,390.34 3 0
github.com/22Fariz22/shorturl/internal/handler/handler.go:401.64,405.16 3 1
github.com/22Fariz22/shorturl/internal/handler/handler.go:405.16,408.3 2 0
github.com/22Fariz22/shorturl/internal/handler/handler.go:409.2,409.30 1 0
github.com/22Fariz22/shorturl/internal/handler/handler.go:413.23,420.2 5 0
github.com/22Fariz22/shorturl/internal/usecase/db/db.go:25.91,30.16 4 0
github.com/22Fariz22/shorturl/internal/usecase/db/db.go:30.16,33.3 2 0
github.com/22Fariz22/shorturl/internal/usecase/db/db.go:35.2,35.25 1 0
github.com/22Fariz22/shorturl/internal/usecase/db/db.go:39.49,43.2 1 0
github.com/22Fariz22/shorturl/internal/usecase/db/db.go:46.57,51.16 4 0
github.com/22Fariz22/shorturl/internal/usecase/db/db.go:51.16,54.3 2 0
github.com/22Fariz22/shorturl/internal/usecase/db/db.go:55.2,60.16 3 0
github.com/22Fariz22/shorturl/internal/usecase/db/db.go:60.16,63.3 2 0
github.com/22Fariz22/shorturl/internal/usecase/db/db.go:64.2,64.12 1 0
github.com/22Fariz22/shorturl/internal/usecase/db/db.go:68.89,73.16 4 0
github.com/22Fariz22/shorturl/internal/usecase/db/db.go:73.16,76.3 2 0
github.com/22Fariz22/shorturl/internal/usecase/db/db.go:77.2,81.16 3 0
github.com/22Fariz22/shorturl/internal/usecase/db/db.go:81.16,84.3 2 0
github.com/22Fariz22/shorturl/internal/usecase/db/db.go:86.2,86.22 1 0
github.com/22Fariz22/shorturl/internal/usecase/db/db.go:86.22,90.17 2 0
github.com/22Fariz22/shorturl/internal/usecase/db/db.go:90.17,93.4 2 0
github.com/22Fariz22/shorturl/internal/usecase/db/db.go:96.2,97.16 2 0
github.com/22Fariz22/shorturl/internal/usecase/db/db.go:97.16,100.3 2 0
github.com/22Fariz22/shorturl/internal/usecase/db/db.go:101.2,101.12 1 0
github.com/22Fariz22/shorturl/internal/usecase/db/db.go:105.137,114.16 5 0
github.com/22Fariz22/shorturl/internal/usecase/db/db.go:114.16,116.3 1 0
github.com/22Fariz22/shorturl/internal/usecase/db/db.go:117.2,117.13 1 0
github.com/22Fariz22/shorturl/internal/usecase/db/db.go:117.13,121.17 2 0
github.com/22Fariz22/shorturl/internal/usecase/db/db.go:121.17,124.4 2 0
github.com/22Fariz22/shorturl/internal/usecase/db/db.go:125.3,125.17 1 0
github.com/22Fariz22/shorturl/internal/usecase/db/db.go:129.2,133.16 3 0
github.com/22Fariz22/shorturl/internal/usecase/db/db.go:133.16,136.3 2 0
github.com/22Fariz22/shorturl/internal/usecase/db/db.go:137.2,137.29 1 0
github.com/22Fariz22/shorturl/internal/usecase/db/db.go:141.124,142.27 1 0
github.com/22Fariz22/shorturl/internal/usecase/db/db.go:142.27,145.17 2 0
github.com/22Fariz22/shorturl/internal/usecase/db/db.go:145.17,148.4 2 0
github.com/22Fariz22/shorturl/internal/usecase/db/db.go:150.2,150.12 1 0
github.com/22Fariz22/shorturl/internal/usecase/db/db.go:154.109,156.16 2 0
github.com/22Fariz22/shorturl/internal/usecase/db/db.go:156.16,159.3 2 0
github.com/22Fariz22/shorturl/internal/usecase/db/db.go:160.2,164.17 3 0
github.com/22Fariz22/shorturl/internal/usecase/db/db.go:164.17,167.17 3 0
github.com/22Fariz22/shorturl/internal/usecase/db/db.go:167.17,169.4 1 0
github.com/22Fariz22/shorturl/internal/usecase/db/db.go:170.3,170.25 1 0
github.com/22Fariz22/shorturl/internal/usecase/db/db.go:173.2,173.20 1 0
github.com/22Fariz22/shorturl/internal/usecase/db/db.go:173.20,175.3 1 0
github.com/22Fariz22/shorturl/internal/usecase/db/db.go:176.2,176.22 1 0
github.com/22Fariz22/shorturl/internal/usecase/db/db.go:180.116,182.16 2 0
github.com/22Fariz22/shorturl/internal/usecase/db/db.go:182.16,185.3 2 0
github.com/22Fariz22/shorturl/internal/usecase/db/db.go:186.2,190.18 3 0
github.com/22Fariz22/shorturl/internal/usecase/db/db.go:190.18,194.17 4 0
github.com/22Fariz22/shorturl/internal/usecase/db/db.go:194.17,197.4 2 0
github.com/22Fariz22/shorturl/internal/usecase/db/db.go:199.3,201.28 2 0
github.com/22Fariz22/shorturl/internal/usecase/db/db.go:203.2,203.18 1 0
github.com/22Fariz22/shorturl/internal/usecase/db/db.go:207.78,209.2 1 0
github.com/22Fariz22/shorturl/internal/usecase/mocks/mock_interfaces.go:28.65,32.2 3 1
github.com/22Fariz22/shorturl/internal/usecase/mocks/mock_interfaces.go:35.63,37.2 1 1
github.com/22Fariz22/shorturl/internal/usecase/mocks/mock_interfaces.go:40.90,45.2 4 1
github.com/22Fariz22/shorturl/internal/usecase/mocks/mock_interfaces.go:48.89,51.2 2 1
github.com/22Fariz22/shorturl/internal/usecase/mocks/mock_interfaces.go:54.120,60.2 5 0
github.com/22Fariz22/shorturl/internal/usecase/mocks/mock_interfaces.go:63.89,66.2 2 0
github.com/22Fariz22/shorturl/internal/usecase/mocks/mock_interfaces.go:69.110,75.2 5 0
github.com/22Fariz22/shorturl/internal/usecase/mocks/mock_interfaces.go:78.89,81.2 2 0
github.com/22Fariz22/shorturl/internal/usecase/mocks/mock_interfaces.go:84.60,89.2 4 0
github.com/22Fariz22/shorturl/internal/usecase/mocks/mock_interfaces.go:92.75,95.2 2 0
github.com/22Fariz22/shorturl/internal/usecase/mocks/mock_interfaces.go:98.82,103.2 4 1
github.com/22Fariz22/shorturl/internal/usecase/mocks/mock_interfaces.go:106.81,109.2 2 1
github.com/22Fariz22/shorturl/internal/usecase/mocks/mock_interfaces.go:112.123,117.2 4 0
github.com/22Fariz22/shorturl/internal/usecase/mocks/mock_interfaces.go:120.98,123.2 2 0
github.com/22Fariz22/shorturl/internal/usecase/mocks/mock_interfaces.go:126.120,132.2 5 0
github.com/22Fariz22/shorturl/internal/usecase/mocks/mock_interfaces.go:135.102,138.2 2 0
github.com/22Fariz22/shorturl/internal/usecase/mocks/mock_interfaces.go:141.91,148.2 6 1
github.com/22Fariz22/shorturl/internal/usecase/mocks/mock_interfaces.go:151.78,154.2 2 1
github.com/22Fariz22/shorturl/internal/worker/worker.go:24.71,33.2 1 1
github.com/22Fariz22/shorturl/internal/worker/worker.go:42.100,43.9 1 1
github.com/22Fariz22/shorturl/internal/worker/worker.go:44.20,45.47 1 0
github.com/22Fariz22/shorturl/internal/worker/worker.go:49.4,50.13 1 1
github.com/22Fariz22/shorturl/internal/worker/worker.go:55.38,56.29 1 0
github.com/22Fariz22/shorturl/internal/worker/worker.go:56.29,58.13 2 0
github.com/22Fariz22/shorturl/internal/worker/worker.go:58.13,60.8 2 0
github.com/22Fariz22/shorturl/internal/worker/worker.go:60.8,61.12 1 0
github.com/22Fariz22/shorturl/internal/worker/worker.go:62.23,63.12 1 0
github.com/22Fariz22/shorturl/internal/worker/worker.go:64.33,65.13 1 0
github.com/22Fariz22/shorturl/internal/worker/worker.go:65.13,67.7 1 0
github.com/22Fariz22/shorturl/internal/worker/worker.go:69.6,70.20 2 0
github.com/22Fariz22/shorturl/internal/worker/worker.go:70.20,72.7 1 0
github.com/22Fariz22/shorturl/internal/worker/worker.go:80.23,81.19 1 0
github.com/22Fariz22/shorturl/internal/worker/worker.go:81.19,84.3 2 0
github.com/22Fariz22/shorturl/internal/worker/worker.go:85.2,85.13 1 0
github.com/22Fariz22/shorturl/pkg/logger/logger.go:29.32,32.32 2 1
github.com/22Fariz22/shorturl/pkg/logger/logger.go:33.15,34.25 1 0
github.com/22Fariz22/shorturl/pkg/logger/logger.go:35.14,36.24 1 0
github.com/22Fariz22/shorturl/pkg/logger/logger.go:37.14,38.24 1 0
github.com/22Fariz22/shorturl/pkg/logger/logger.go:39.15,40.25 1 1
github.com/22Fariz22/shorturl/pkg/logger/logger.go:41.10,42.24 1 0
github.com/22Fariz22/shorturl/pkg/logger/logger.go:45.2,53.3 4 1
github.com/22Fariz22/shorturl/pkg/logger/logger.go:57.66,59.2 1 0
github.com/22Fariz22/shorturl/pkg/logger/logger.go:62.60,64.2 1 0
github.com/22Fariz22/shorturl/pkg/logger/logger.go:67.60,69.2 1 0
github.com/22Fariz22/shorturl/pkg/logger/logger.go:72.66,73.47 1 0
github.com/22Fariz22/shorturl/pkg/logger/logger.go:73.47,75.3 1 0
github.com/22Fariz22/shorturl/pkg/logger/logger.go:77.2,77.34 1 0
github.com/22Fariz22/shorturl/pkg/logger/logger.go:81.66,85.2 2 0
github.com/22Fariz22/shorturl/pkg/logger/logger.go:87.59,88.20 1 0
github.com/22Fariz22/shorturl/pkg/logger/logger.go:88.20,90.3 1 0
github.com/22Fariz22/shorturl/pkg/logger/logger.go:90.8,92.3 1 0
github.com/22Fariz22/shorturl/pkg/logger/logger.go:95.78,96.31 1 0
github.com/22Fariz22/shorturl/pkg/logger/logger.go:97.13,98.30 1 0
github.com/22Fariz22/shorturl/pkg/logger/logger.go:99.14,100.22 1 0
github.com/22Fariz22/shorturl/pkg/logger/logger.go:101.10,102.88 1 0
github.com/22Fariz22/shorturl/pkg/proto/services.pb.go:36.23,38.29 2 0
github.com/22Fariz22/shorturl/pkg/proto/services.pb.go:38.29,42.3 3 0
github.com/22Fariz22/shorturl/pkg/proto/services.pb.go:45.31,47.2 1 0
github.com/22Fariz22/shorturl/pkg/proto/services.pb.go:49.29,49.30 0 0
github.com/22Fariz22/shorturl/pkg/proto/services.pb.go:51.51,53.41 2 0
github.com/22Fariz22/shorturl/pkg/proto/services.pb.go:53.41,55.34 2 0
github.com/22Fariz22/shorturl/pkg/proto/services.pb.go:55.34,57.4 1 0
github.com/22Fariz22/shorturl/pkg/proto/services.pb.go:58.3,58.12 1 0
github.com/22Fariz22/shorturl/pkg/proto/services.pb.go:60.2,60.24 1 0
github.com/22Fariz22/shorturl/pkg/proto/services.pb.go:64.42,66.2 1 0
github.com/22Fariz22/shorturl/pkg/proto/services.pb.go:68.35,69.14 1 0
github.com/22Fariz22/shorturl/pkg/proto/services.pb.go:69.14,71.3 1 0
github.com/22Fariz22/shorturl/pkg/proto/services.pb.go:72.2,72.11 1 0
github.com/22Fariz22/shorturl/pkg/proto/services.pb.go:75.30,76.14 1 0
github.com/22Fariz22/shorturl/pkg/proto/services.pb.go:76.14,78.3 1 0
github.com/22Fariz22/shorturl/pkg/proto/services.pb.go:79.2,79.11 1 0
github.com/22Fariz22/shorturl/pkg/proto/services.pb.go:82.35,83.14 1 0
github.com/22Fariz22/shorturl/pkg/proto/services.pb.go:83.14,85.3 1 0
github.com/22Fariz22/shorturl/pkg/proto/services.pb.go:86.2,86.11 1 0
github.com/22Fariz22/shorturl/pkg/proto/services.pb.go:89.41,90.14 1 0
github.com/22Fariz22/shorturl/pkg/proto/services.pb.go:90.14,92.3 1 0
github.com/22Fariz22/shorturl/pkg/proto/services.pb.go:93.2,93.11 1 0
github.com/22Fariz22/shorturl/pkg/proto/services.pb.go:96.33,97.14 1 0
github.com/22Fariz22/shorturl/pkg/proto/services.pb.go:97.14,99.3 1 0
github.com/22Fariz22/shorturl/pkg/proto/services.pb.go:100.2,100.14 1 0
github.com/22Fariz22/shorturl/pkg/proto/services.pb.go:112.33,114.29 2 0
github.com/22Fariz22/shorturl/pkg/proto/services.pb.go:114.29,118.3 3 0
github.com/22Fariz22/shorturl/pkg/proto/services.pb.go:121.41,123.2 1 0
github.com/22Fariz22/shorturl/pkg/proto/services.pb.go:125.39,125.40 0 0
github.com/22Fariz22/shorturl/pkg/proto/services.pb.go:127.61,129.41 2 0
github.com/22Fariz22/shorturl/pkg/proto/services.pb.go:129.41,131.34 2 0
github.com/22Fariz22/shorturl/pkg/proto/services.pb.go:131.34,133.4 1 0
github.com/22Fariz22/shorturl/pkg/proto/services.pb.go:134.3,134.12 1 0
github.com/22Fariz22/shorturl/pkg/proto/services.pb.go:136.2,136.24 1 0
github.com/22Fariz22/shorturl/pkg/proto/services.pb.go:140.52,142.2 1 0
github.com/22Fariz22/shorturl/pkg/proto/services.pb.go:144.41,145.14 1 0
github.com/22Fariz22/shorturl/pkg/proto/services.pb.go:145.14,147.3 1 0
github.com/22Fariz22/shorturl/pkg/proto/services.pb.go:148.2,148.10 1 0
github.com/22Fariz22/shorturl/pkg/proto/services.pb.go:151.42,152.14 1 0
github.com/22Fariz22/shorturl/pkg/proto/services.pb.go:152.14,154.3 1 0
github.com/22Fariz22/shorturl/pkg/proto/services.pb.go:155.2,155.10 1 0
github.com/22Fariz22/shorturl/pkg/proto/services.pb.go:166.29,168.29 2 0
github.com/22Fariz22/shorturl/pkg/proto/services.pb.go:168.29,172.3 3 0
github.com/22Fariz22/shorturl/pkg/proto/services.pb.go:175.37,177.2 1 0
github.com/22Fariz22/shorturl/pkg/proto/services.pb.go:179.35,179.36 0 0
github.com/22Fariz22/shorturl/pkg/proto/services.pb.go:181.57,183.41 2 0
github.com/22Fariz22/shorturl/pkg/proto/services.pb.go:183.41,185.34 2 0
github.com/22Fariz22/shorturl/pkg/proto/services.pb.go:185.34,187.4 1 0
github.com/22Fariz22/shorturl/pkg/proto/services.pb.go:188.3,188.12 1 0
github.com/22Fariz22/shorturl/pkg/proto/services.pb.go:190.2,190.24 1 0
github.com/22Fariz22/shorturl/pkg/proto/services.pb.go:194.48,196.2 1 0
github.com/22Fariz22/shorturl/pkg/proto/services.pb.go:198.43,199.14 1 0
github.com/22Fariz22/shorturl/pkg/proto/services.pb.go:199.14,201.3 1 0
github.com/22Fariz22/shorturl/pkg/proto/services.pb.go:202.2,202.11 1 0
github.com/22Fariz22/shorturl/pkg/proto/services.pb.go:213.31,215.29 2 0
github.com/22Fariz22/shorturl/pkg/proto/services.pb.go:215.29,219.3 3 0
github.com/22Fariz22/shorturl/pkg/proto/services.pb.go:222.39,224.2 1 0
github.com/22Fariz22/shorturl/pkg/proto/services.pb.go:226.37,226.38 0 0
github.com/22Fariz22/shorturl/pkg/proto/services.pb.go:228.59,230.41 2 0
github.com/22Fariz22/shorturl/pkg/proto/services.pb.go:230.41,232.34 2 0
github.com/22Fariz22/shorturl/pkg/proto/services.pb.go:232.34,234.4 1 0
github.com/22Fariz22/shorturl/pkg/proto/services.pb.go:235.3,235.12 1 0
github.com/22Fariz22/shorturl/pkg/proto/services.pb.go:237.2,237.24 1 0
github.com/22Fariz22/shorturl/pkg/proto/services.pb.go:241.50,243.2 1 0
github.com/22Fariz22/shorturl/pkg/proto/services.pb.go:245.40,246.14 1 0
github.com/22Fariz22/shorturl/pkg/proto/services.pb.go:246.14,248.3 1 0
github.com/22Fariz22/shorturl/pkg/proto/services.pb.go:249.2,249.11 1 0
github.com/22Fariz22/shorturl/pkg/proto/services.pb.go:260.37,262.29 2 0
github.com/22Fariz22/shorturl/pkg/proto/services.pb.go:262.29,266.3 3 0
github.com/22Fariz22/shorturl/pkg/proto/services.pb.go:269.45,271.2 1 0
github.com/22Fariz22/shorturl/pkg/proto/services.pb.go:273.43,273.44 0 0
github.com/22Fariz22/shorturl/pkg/proto/services.pb.go:275.65,277.41 2 0
github.com/22Fariz22/shorturl/pkg/proto/services.pb.go:277.41,279.34 2 0
github.com/22Fariz22/shorturl/pkg/proto/services.pb.go:279.34,281.4 1 0
github.com/22Fariz22/shorturl/pkg/proto/services.pb.go:282.3,282.12 1 0
github.com/22Fariz22/shorturl/pkg/proto/services.pb.go:284.2,284.24 1 0
github.com/22Fariz22/shorturl/pkg/proto/services.pb.go:288.56,290.2 1 0
github.com/22Fariz22/shorturl/pkg/proto/services.pb.go:292.58,293.14 1 0
github.com/22Fariz22/shorturl/pkg/proto/services.pb.go:293.14,295.3 1 0
github.com/22Fariz22/shorturl/pkg/proto/services.pb.go:296.2,296.12 1 0
github.com/22Fariz22/shorturl/pkg/proto/services.pb.go:307.27,309.29 2 0
github.com/22Fariz22/shorturl/pkg/proto/services.pb.go:309.29,313.3 3 0
github.com/22Fariz22/shorturl/pkg/proto/services.pb.go:316.35,318.2 1 0
github.com/22Fariz22/shorturl/pkg/proto/services.pb.go:320.33,320.34 0 0
github.com/22Fariz22/shorturl/pkg/proto/services.pb.go:322.55,324.41 2 0
github.com/22Fariz22/shorturl/pkg/proto/services.pb.go:324.41,326.34 2 0
github.com/22Fariz22/shorturl/pkg/proto/services.pb.go:326.34,328.4 1 0
github.com/22Fariz22/shorturl/pkg/proto/services.pb.go:329.3,329.12 1 0
github.com/22Fariz22/shorturl/pkg/proto/services.pb.go:331.2,331.24 1 0
github.com/22Fariz22/shorturl/pkg/proto/services.pb.go:335.46,337.2 1 0
github.com/22Fariz22/shorturl/pkg/proto/services.pb.go:339.34,340.14 1 0
github.com/22Fariz22/shorturl/pkg/proto/services.pb.go:340.14,342.3 1 0
github.com/22Fariz22/shorturl/pkg/proto/services.pb.go:343.2,343.11 1 0
github.com/22Fariz22/shorturl/pkg/proto/services.pb.go:355.29,357.29 2 0
github.com/22Fariz22/shorturl/pkg/proto/services.pb.go:357.29,361.3 3 0
github.com/22Fariz22/shorturl/pkg/proto/services.pb.go:364.37,366.2 1 0
github.com/22Fariz22/shorturl/pkg/proto/services.pb.go:368.35,368.36 0 0
github.com/22Fariz22/shorturl/pkg/proto/services.pb.go:370.57,372.41 2 0
github.com/22Fariz22/shorturl/pkg/proto/services.pb.go:372.41,374.34 2 0
github.com/22Fariz22/shorturl/pkg/proto/services.pb.go:374.34,376.4 1 0
github.com/22Fariz22/shorturl/pkg/proto/services.pb.go:377.3,377.12 1 0
github.com/22Fariz22/shorturl/pkg/proto/services.pb.go:379.2,379.24 1 0
github.com/22Fariz22/shorturl/pkg/proto/services.pb.go:383.48,385.2 1 0
github.com/22Fariz22/shorturl/pkg/proto/services.pb.go:387.47,388.14 1 0
github.com/22Fariz22/shorturl/pkg/proto/services.pb.go:388.14,390.3 1 0
github.com/22Fariz22/shorturl/pkg/proto/services.pb.go:391.2,391.11 1 0
github.com/22Fariz22/shorturl/pkg/proto/services.pb.go:394.45,395.14 1 0
github.com/22Fariz22/shorturl/pkg/proto/services.pb.go:395.14,397.3 1 0
github.com/22Fariz22/shorturl/pkg/proto/services.pb.go:398.2,398.11 1 0
github.com/22Fariz22/shorturl/pkg/proto/services.pb.go:410.28,412.29 2 0
github.com/22Fariz22/shorturl/pkg/proto/services.pb.go:412.29,416.3 3 0
github.com/22Fariz22/shorturl/pkg/proto/services.pb.go:419.36,421.2 1 0
github.com/22Fariz22/shorturl/pkg/proto/services.pb.go:423.34,423.35 0 0
github.com/22Fariz22/shorturl/pkg/proto/services.pb.go:425.56,427.41 2 0
github.com/22Fariz22/shorturl/pkg/proto/services.pb.go:427.41,429.34 2 0
github.com/22Fariz22/shorturl/pkg/proto/services.pb.go:429.34,431.4 1 0
github.com/22Fariz22/shorturl/pkg/proto/services.pb.go:432.3,432.12 1 0
github.com/22Fariz22/shorturl/pkg/proto/services.pb.go:434.2,434.24 1 0
github.com/22Fariz22/shorturl/pkg/proto/services.pb.go:438.47,440.2 1 0
github.com/22Fariz22/shorturl/pkg/proto/services.pb.go:442.46,443.14 1 0
github.com/22Fariz22/shorturl/pkg/proto/services.pb.go:443.14,445.3 1 0
github.com/22Fariz22/shorturl/pkg/proto/services.pb.go:446.2,446.11 1 0
github.com/22Fariz22/shorturl/pkg/proto/services.pb.go:449.41,450.14 1 0
github.com/22Fariz22/shorturl/pkg/proto/services.pb.go:450.14,452.3 1 0
github.com/22Fariz22/shorturl/pkg/proto/services.pb.go:453.2,453.11 1 0
github.com/22Fariz22/shorturl/pkg/proto/services.pb.go:464.33,466.29 2 0
github.com/22Fariz22/shorturl/pkg/proto/services.pb.go:466.29,470.3 3 0
github.com/22Fariz22/shorturl/pkg/proto/services.pb.go:473.41,475.2 1 0
github.com/22Fariz22/shorturl/pkg/proto/services.pb.go:477.39,477.40 0 0
github.com/22Fariz22/shorturl/pkg/proto/services.pb.go:479.61,481.41 2 0
github.com/22Fariz22/shorturl/pkg/proto/services.pb.go:481.41,483.34 2 0
github.com/22Fariz22/shorturl/pkg/proto/services.pb.go:483.34,485.4 1 0
github.com/22Fariz22/shorturl/pkg/proto/services.pb.go:486.3,486.12 1 0
github.com/22Fariz22/shorturl/pkg/proto/services.pb.go:488.2,488.24 1 0
github.com/22Fariz22/shorturl/pkg/proto/services.pb.go:492.52,494.2 1 0
github.com/22Fariz22/shorturl/pkg/proto/services.pb.go:496.57,497.14 1 0
github.com/22Fariz22/shorturl/pkg/proto/services.pb.go:497.14,499.3 1 0
github.com/22Fariz22/shorturl/pkg/proto/services.pb.go:500.2,500.12 1 0
github.com/22Fariz22/shorturl/pkg/proto/services.pb.go:511.32,513.29 2 0
github.com/22Fariz22/shorturl/pkg/proto/services.pb.go:513.29,517.3 3 0
github.com/22Fariz22/shorturl/pkg/proto/services.pb.go:520.40,522.2 1 0
github.com/22Fariz22/shorturl/pkg/proto/services.pb.go:524.38,524.39 0 0
github.com/22Fariz22/shorturl/pkg/proto/services.pb.go:526.60,528.41 2 0
github.com/22Fariz22/shorturl/pkg/proto/services.pb.go:528.41,530.34 2 0
github.com/22Fariz22/shorturl/pkg/proto/services.pb.go:530.34,532.4 1 0
github.com/22Fariz22/shorturl/pkg/proto/services.pb.go:533.3,533.12 1 0
github.com/22Fariz22/shorturl/pkg/proto/services.pb.go:535.2,535.24 1 0
github.com/22Fariz22/shorturl/pkg/proto/services.pb.go:539.51,541.2 1 0
github.com/22Fariz22/shorturl/pkg/proto/services.pb.go:543.57,544.14 1 0
github.com/22Fariz22/shorturl/pkg/proto/services.pb.go:544.14,546.3 1 0
github.com/22Fariz22/shorturl/pkg/proto/services.pb.go:547.2,547.12 1 0
github.com/22Fariz22/shorturl/pkg/proto/services.pb.go:558.26,560.29 2 0
github.com/22Fariz22/shorturl/pkg/proto/services.pb.go:560.29,564.3 3 0
github.com/22Fariz22/shorturl/pkg/proto/services.pb.go:567.34,569.2 1 0
github.com/22Fariz22/shorturl/pkg/proto/services.pb.go:571.32,571.33 0 0
github.com/22Fariz22/shorturl/pkg/proto/services.pb.go:573.54,575.41 2 0
github.com/22Fariz22/shorturl/pkg/proto/services.pb.go:575.41,577.34 2 0
github.com/22Fariz22/shorturl/pkg/proto/services.pb.go:577.34,579.4 1 0
github.com/22Fariz22/shorturl/pkg/proto/services.pb.go:580.3,580.12 1 0
github.com/22Fariz22/shorturl/pkg/proto/services.pb.go:582.2,582.24 1 0
github.com/22Fariz22/shorturl/pkg/proto/services.pb.go:586.45,588.2 1 0
github.com/22Fariz22/shorturl/pkg/proto/services.pb.go:590.34,591.14 1 0
github.com/22Fariz22/shorturl/pkg/proto/services.pb.go:591.14,593.3 1 0
github.com/22Fariz22/shorturl/pkg/proto/services.pb.go:594.2,594.11 1 0
github.com/22Fariz22/shorturl/pkg/proto/services.pb.go:605.46,607.29 2 0
github.com/22Fariz22/shorturl/pkg/proto/services.pb.go:607.29,611.3 3 0
github.com/22Fariz22/shorturl/pkg/proto/services.pb.go:614.54,616.2 1 0
github.com/22Fariz22/shorturl/pkg/proto/services.pb.go:618.52,618.53 0 0
github.com/22Fariz22/shorturl/pkg/proto/services.pb.go:620.74,622.41 2 0
github.com/22Fariz22/shorturl/pkg/proto/services.pb.go:622.41,624.34 2 0
github.com/22Fariz22/shorturl/pkg/proto/services.pb.go:624.34,626.4 1 0
github.com/22Fariz22/shorturl/pkg/proto/services.pb.go:627.3,627.12 1 0
github.com/22Fariz22/shorturl/pkg/proto/services.pb.go:629.2,629.24 1 0
github.com/22Fariz22/shorturl/pkg/proto/services.pb.go:633.65,635.2 1 0
github.com/22Fariz22/shorturl/pkg/proto/services.pb.go:637.57,638.14 1 0
github.com/22Fariz22/shorturl/pkg/proto/services.pb.go:638.14,640.3 1 0
github.com/22Fariz22/shorturl/pkg/proto/services.pb.go:641.2,641.11 1 0
github.com/22Fariz22/shorturl/pkg/proto/services.pb.go:653.33,655.29 2 0
github.com/22Fariz22/shorturl/pkg/proto/services.pb.go:655.29,659.3 3 0
github.com/22Fariz22/shorturl/pkg/proto/services.pb.go:662.41,664.2 1 0
github.com/22Fariz22/shorturl/pkg/proto/services.pb.go:666.39,666.40 0 0
github.com/22Fariz22/shorturl/pkg/proto/services.pb.go:668.61,670.41 2 0
github.com/22Fariz22/shorturl/pkg/proto/services.pb.go:670.41,672.34 2 0
github.com/22Fariz22/shorturl/pkg/proto/services.pb.go:672.34,674.4 1 0
github.com/22Fariz22/shorturl/pkg/proto/services.pb.go:675.3,675.12 1 0
github.com/22Fariz22/shorturl/pkg/proto/services.pb.go:677.2,677.24 1 0
github.com/22Fariz22/shorturl/pkg/proto/services.pb.go:681.52,683.2 1 0
github.com/22Fariz22/shorturl/pkg/proto/services.pb.go:685.46,686.14 1 0
github.com/22Fariz22/shorturl/pkg/proto/services.pb.go:686.14,688.3 1 0
github.com/22Fariz22/shorturl/pkg/proto/services.pb.go:689.2,689.11 1 0
github.com/22Fariz22/shorturl/pkg/proto/services.pb.go:692.49,693.14 1 0
github.com/22Fariz22/shorturl/pkg/proto/services.pb.go:693.14,695.3 1 0
github.com/22Fariz22/shorturl/pkg/proto/services.pb.go:696.2,696.11 1 0
github.com/22Fariz22/shorturl/pkg/proto/services.pb.go:707.37,709.29 2 0
github.com/22Fariz22/shorturl/pkg/proto/services.pb.go:709.29,713.3 3 0
github.com/22Fariz22/shorturl/pkg/proto/services.pb.go:716.45,718.2 1 0
github.com/22Fariz22/shorturl/pkg/proto/services.pb.go:720.43,720.44 0 0
github.com/22Fariz22/shorturl/pkg/proto/services.pb.go:722.65,724.41 2 0
github.com/22Fariz22/shorturl/pkg/proto/services.pb.go:724.41,726.34 2 0
github.com/22Fariz22/shorturl/pkg/proto/services.pb.go:726.34,728.4 1 0
github.com/22Fariz22/shorturl/pkg/proto/services.pb.go:729.3,729.12 1 0
github.com/22Fariz22/shorturl/pkg/proto/services.pb.go:731.2,731.24 1 0
github.com/22Fariz22/shorturl/pkg/proto/services.pb.go:735.56,737.2 1 0
github.com/22Fariz22/shorturl/pkg/proto/services.pb.go:739.59,740.14 1 0
github.com/22Fariz22/shorturl/pkg/proto/services.pb.go:740.14,742.3 1 0
github.com/22Fariz22/shorturl/pkg/proto/services.pb.go:743.2,743.12 1 0
github.com/22Fariz22/shorturl/pkg/proto/services.pb.go:754.49,756.29 2 0
github.com/22Fariz22/shorturl/pkg/proto/services.pb.go:756.29,760.3 3 0
github.com/22Fariz22/shorturl/pkg/proto/services.pb.go:763.57,765.2 1 0
github.com/22Fariz22/shorturl/pkg/proto/services.pb.go:767.55,767.56 0 0
github.com/22Fariz22/shorturl/pkg/proto/services.pb.go:769.77,771.41 2 0
github.com/22Fariz22/shorturl/pkg/proto/services.pb.go:771.41,773.34 2 0
github.com/22Fariz22/shorturl/pkg/proto/services.pb.go:773.34,775.4 1 0
github.com/22Fariz22/shorturl/pkg/proto/services.pb.go:776.3,776.12 1 0
github.com/22Fariz22/shorturl/pkg/proto/services.pb.go:778.2,778.24 1 0
github.com/22Fariz22/shorturl/pkg/proto/services.pb.go:782.68,784.2 1 0
github.com/22Fariz22/shorturl/pkg/proto/services.pb.go:786.57,787.14 1 0
github.com/22Fariz22/shorturl/pkg/proto/services.pb.go:787.14,789.3 1 0
github.com/22Fariz22/shorturl/pkg/proto/services.pb.go:790.2,790.11 1 0
github.com/22Fariz22/shorturl/pkg/proto/services.pb.go:907.57,908.54 1 0
github.com/22Fariz22/shorturl/pkg/proto/services.pb.go:908.54,910.3 1 0
github.com/22Fariz22/shorturl/pkg/proto/services.pb.go:911.2,911.50 1 0
github.com/22Fariz22/shorturl/pkg/proto/services.pb.go:961.13,961.53 1 1
github.com/22Fariz22/shorturl/pkg/proto/services.pb.go:962.43,963.42 1 1
github.com/22Fariz22/shorturl/pkg/proto/services.pb.go:963.42,965.3 1 0
github.com/22Fariz22/shorturl/pkg/proto/services.pb.go:966.2,966.30 1 1
github.com/22Fariz22/shorturl/pkg/proto/services.pb.go:966.30,967.95 1 0
github.com/22Fariz22/shorturl/pkg/proto/services.pb.go:967.95,968.28 1 0
github.com/22Fariz22/shorturl/pkg/proto/services.pb.go:969.11,970.20 1 0
github.com/22Fariz22/shorturl/pkg/proto/services.pb.go:971.11,972.24 1 0
github.com/22Fariz22/shorturl/pkg/proto/services.pb.go:973.11,974.28 1 0
github.com/22Fariz22/shorturl/pkg/proto/services.pb.go:975.12,976.15 1 0
github.com/22Fariz22/shorturl/pkg/proto/services.pb.go:979.3,979.95 1 0
github.com/22Fariz22/shorturl/pkg/proto/services.pb.go:979.95,980.38 1 0
github.com/22Fariz22/shorturl/pkg/proto/services.pb.go:981.11,982.20 1 0
github.com/22Fariz22/shorturl/pkg/proto/services.pb.go:983.11,984.24 1 0
github.com/22Fariz22/shorturl/pkg/proto/services.pb.go:985.11,986.28 1 0
github.com/22Fariz22/shorturl/pkg/proto/services.pb.go:987.12,988.15 1 0
github.com/22Fariz22/shorturl/pkg/proto/services.pb.go:991.3,991.95 1 0
github.com/22Fariz22/shorturl/pkg/proto/services.pb.go:991.95,992.34 1 0
github.com/22Fariz22/shorturl/pkg/proto/services.pb.go:993.11,994.20 1 0
github.com/22Fariz22/shorturl/pkg/proto/services.pb.go:995.11,996.24 1 0
github.com/22Fariz22/shorturl/pkg/proto/services.pb.go:997.11,998.28 1 0
github.com/22Fariz22/shorturl/pkg/proto/services.pb.go:999.12,1000.15 1 0
github.com/22Fariz22/shorturl/pkg/proto/services.pb.go:1003.3,1003.95 1 0
github.com/22Fariz22/shorturl/pkg/proto/services.pb.go:1003.95,1004.36 1 0
github.com/22Fariz22/shorturl/pkg/proto/services.pb.go:1005.11,1006.20 1 0
github.com/22Fariz22/shorturl/pkg/proto/services.pb.go:1007.11,1008.24 1 0
github.com/22Fariz22/shorturl/pkg/proto/services.pb.go:1009.11,1010.28 1 0
github.com/22Fariz22/shorturl/pkg/proto/services.pb.go:1011.12,1012.15 1 0
github.com/22Fariz22/shorturl/pkg/proto/services.pb.go:1015.3,1015.95 1 0
github.com/22Fariz22/shorturl/pkg/proto/services.pb.go:1015.95,1016.42 1 0
github.com/22Fariz22/shorturl/pkg/proto/services.pb.go:1017.11,1018.20 1 0
github.com/22Fariz22/shorturl/pkg/proto/services.pb.go:1019.11,1020.24 1 0
github.com/22Fariz22/shorturl/pkg/proto/services.pb.go:1021.11,1022.28 1 0
github.com/22Fariz22/shorturl/pkg/proto/services.pb.go:1023.12,1024.15 1 0
github.com/22Fariz22/shorturl/pkg/proto/services.pb.go:1027.3,1027.95 1 0
github.com/22Fariz22/shorturl/pkg/proto/services.pb.go:1027.95,1028.32 1 0
github.com/22Fariz22/shorturl/pkg/proto/services.pb.go:1029.11,1030.20 1 0
github.com/22Fariz22/shorturl/pkg/proto/services.pb.go:1031.11,1032.24 1 0
github.com/22Fariz22/shorturl/pkg/proto/services.pb.go:1033.11,1034.28 1 0
github.com/22Fariz22/shorturl/pkg/proto/services.pb.go:1035.12,1036.15 1 0
github.com/22Fariz22/shorturl/pkg/proto/services.pb.go:1039.3,1039.95 1 0
github.com/22Fariz22/shorturl/pkg/proto/services.pb.go:1039.95,1040.34 1 0
github.com/22Fariz22/shorturl/pkg/proto/services.pb.go:1041.11,1042.20 1 0
github.com/22Fariz22/shorturl/pkg/proto/services.pb.go:1043.11,1044.24 1 0
github.com/22Fariz22/shorturl/pkg/proto/services.pb.go:1045.11,1046.28 1 0
github.com/22Fariz22/shorturl/pkg/proto/services.pb.go:1047.12,1048.15 1 0
github.com/22Fariz22/shorturl/pkg/proto/services.pb.go:1051.3,1051.95 1 0
github.com/22Fariz22/shorturl/pkg/proto/services.pb.go:1051.95,1052.33 1 0
github.com/22Fariz22/shorturl/pkg/proto/services.pb.go:1053.11,1054.20 1 0
github.com/22Fariz22/shorturl/pkg/proto/services.pb.go:1055.11,1056.24 1 0
github.com/22Fariz22/shorturl/pkg/proto/services.pb.go:1057.11,1058.28 1 0
github.com/22Fariz22/shorturl/pkg/proto/services.pb.go:1059.12,1060.15 1 0
github.com/22Fariz22/shorturl/pkg/proto/services.pb.go:1063.3,1063.95 1 0
github.com/22Fariz22/shorturl/pkg/proto/services.pb.go:1063.95,1064.38 1 0
github.com/22Fariz22/shorturl/pkg/proto/services.pb.go:1065.11,1066.20 1 0
github.com/22Fariz22/shorturl/pkg/proto/services.pb.go:1067.11,1068.24 1 0
github.com/22Fariz22/shorturl/pkg/proto/services.pb.go:1069.11,1070.28 1 0
github.com/22Fariz22/shorturl/pkg/proto/services.pb.go:1071.12,1072.15 1 0
github.com/22Fariz22/shorturl/pkg/proto/services.pb.go:1075.3,1075.95 1 0
github.com/22Fariz22/shorturl/pkg/proto/services.pb.go:1075.95,1076.37 1 0
github.com/22Fariz22/shorturl/pkg/proto/services.pb.go:1077.11,1078.20 1 0
github.com/22Fariz22/shorturl/pkg/proto/services.pb.go:1079.11,1080.24 1 0
github.com/22Fariz22/shorturl/pkg/proto/services.pb.go:1081.11,1082.28 1 0
github.com/22Fariz22/shorturl/pkg/proto/services.pb.go:1083.12,1084.15 1 0
github.com/22Fariz22/shorturl/pkg/proto/services.pb.go:1087.3,1087.96 1 0
github.com/22Fariz22/shorturl/pkg/proto/services.pb.go:1087.96,1088.31 1 0
github.com/22Fariz22/shorturl/pkg/proto/services.pb.go:1089.11,1090.20 1 0
github.com/22Fariz22/shorturl/pkg/proto/services.pb.go:1091.11,1092.24 1 0
github.com/22Fariz22/shorturl/pkg/proto/services.pb.go:1093.11,1094.28 1 0
github.com/22Fariz22/shorturl/pkg/proto/services.pb.go:1095.12,1096.15 1 0
github.com/22Fariz22/shorturl/pkg/proto/services.pb.go:1099.3,1099.96 1 0
github.com/22Fariz22/shorturl/pkg/proto/services.pb.go:1099.96,1100.51 1 0
github.com/22Fariz22/shorturl/pkg/proto/services.pb.go:1101.11,1102.20 1 0
github.com/22Fariz22/shorturl/pkg/proto/services.pb.go:1103.11,1104.24 1 0
github.com/22Fariz22/shorturl/pkg/proto/services.pb.go:1105.11,1106.28 1 0
github.com/22Fariz22/shorturl/pkg/proto/services.pb.go:1107.12,1108.15 1 0
github.com/22Fariz22/shorturl/pkg/proto/services.pb.go:1111.3,1111.96 1 0
github.com/22Fariz22/shorturl/pkg/proto/services.pb.go:1111.96,1112.38 1 0
github.com/22Fariz22/shorturl/pkg/proto/services.pb.go:1113.11,1114.20 1 0
github.com/22Fariz22/shorturl/pkg/proto/services.pb.go:1115.11,1116.24 1 0
github.com/22Fariz22/shorturl/pkg/proto/services.pb.go:1117.11,1118.28 1 0
github.com/22Fariz22/shorturl/pkg/proto/services.pb.go:1119.12,1120.15 1 0
github.com/22Fariz22/shorturl/pkg/proto/services.pb.go:1123.3,1123.96 1 0
github.com/22Fariz22/shorturl/pkg/proto/services.pb.go:1123.96,1124.42 1 0
github.com/22Fariz22/shorturl/pkg/proto/services.pb.go:1125.11,1126.20 1 0
github.com/22Fariz22/shorturl/pkg/proto/services.pb.go:1127.11,1128.24 1 0
github.com/22Fariz22/shorturl/pkg/proto/services.pb.go:1129.11,1130.28 1 0
github.com/22Fariz22/shorturl/pkg/proto/services.pb.go:1131.12,1132.15 1 0
github.com/22Fariz22/shorturl/pkg/proto/services.pb.go:1135.3,1135.96 1 0
github.com/22Fariz22/shorturl/pkg/proto/services.pb.go:1135.96,1136.54 1 0
github.com/22Fariz22/shorturl/pkg/proto/services.pb.go:1137.11,1138.20 1 0
github.com/22Fariz22/shorturl/pkg/proto/services.pb.go:1139.11,1140.24 1 0
github.com/22Fariz22/shorturl/pkg/proto/services.pb.go:1141.11,1142.28 1 0
github.com/22Fariz22/shorturl/pkg/proto/services.pb.go:1143.12,1144.15 1 0
github.com/22Fariz22/shorturl/pkg/proto/services.pb.go:1148.2,1165.45 6 1
github.com/22Fariz22/shorturl/pkg/proto/services_grpc.pb.go:51.68,53.2 1 0
github.com/22Fariz22/shorturl/pkg/proto/services_grpc.pb.go:55.121,58.16 3 0
github.com/22Fariz22/shorturl/pkg/proto/services_grpc.pb.go:58.16,60.3 1 0
github.com/22Fariz22/shorturl/pkg/proto/services_grpc.pb.go:61.2,61.17 1 0
github.com/22Fariz22/shorturl/pkg/proto/services_grpc.pb.go:64.133,67.16 3 0
github.com/22Fariz22/shorturl/pkg/proto/services_grpc.pb.go:67.16,69.3 1 0
github.com/22Fariz22/shorturl/pkg/proto/services_grpc.pb.go:70.2,70.17 1 0
github.com/22Fariz22/shorturl/pkg/proto/services_grpc.pb.go:73.129,76.16 3 0
github.com/22Fariz22/shorturl/pkg/proto/services_grpc.pb.go:76.16,78.3 1 0
github.com/22Fariz22/shorturl/pkg/proto/services_grpc.pb.go:79.2,79.17 1 0
github.com/22Fariz22/shorturl/pkg/proto/services_grpc.pb.go:82.151,85.16 3 0
github.com/22Fariz22/shorturl/pkg/proto/services_grpc.pb.go:85.16,87.3 1 0
github.com/22Fariz22/shorturl/pkg/proto/services_grpc.pb.go:88.2,88.17 1 0
github.com/22Fariz22/shorturl/pkg/proto/services_grpc.pb.go:91.128,94.16 3 0
github.com/22Fariz22/shorturl/pkg/proto/services_grpc.pb.go:94.16,96.3 1 0
github.com/22Fariz22/shorturl/pkg/proto/services_grpc.pb.go:97.2,97.17 1 0
github.com/22Fariz22/shorturl/pkg/proto/services_grpc.pb.go:100.120,103.16 3 0
github.com/22Fariz22/shorturl/pkg/proto/services_grpc.pb.go:103.16,105.3 1 0
github.com/22Fariz22/shorturl/pkg/proto/services_grpc.pb.go:106.2,106.17 1 0
github.com/22Fariz22/shorturl/pkg/proto/services_grpc.pb.go:109.140,112.16 3 0
github.com/22Fariz22/shorturl/pkg/proto/services_grpc.pb.go:112.16,114.3 1 0
github.com/22Fariz22/shorturl/pkg/proto/services_grpc.pb.go:115.2,115.17 1 0
github.com/22Fariz22/shorturl/pkg/proto/services_grpc.pb.go:118.120,121.16 3 0
github.com/22Fariz22/shorturl/pkg/proto/services_grpc.pb.go:121.16,123.3 1 0
github.com/22Fariz22/shorturl/pkg/proto/services_grpc.pb.go:124.2,124.17 1 0
github.com/22Fariz22/shorturl/pkg/proto/services_grpc.pb.go:146.99,148.2 1 0
github.com/22Fariz22/shorturl/pkg/proto/services_grpc.pb.go:149.111,151.2 1 0
github.com/22Fariz22/shorturl/pkg/proto/services_grpc.pb.go:152.107,154.2 1 0
github.com/22Fariz22/shorturl/pkg/proto/services_grpc.pb.go:155.129,157.2 1 0
github.com/22Fariz22/shorturl/pkg/proto/services_grpc.pb.go:158.106,160.2 1 0
github.com/22Fariz22/shorturl/pkg/proto/services_grpc.pb.go:161.98,163.2 1 0
github.com/22Fariz22/shorturl/pkg/proto/services_grpc.pb.go:164.118,166.2 1 0
github.com/22Fariz22/shorturl/pkg/proto/services_grpc.pb.go:167.98,169.2 1 0
github.com/22Fariz22/shorturl/pkg/proto/services_grpc.pb.go:170.76,170.77 0 0
github.com/22Fariz22/shorturl/pkg/proto/services_grpc.pb.go:179.74,181.2 1 0
github.com/22Fariz22/shorturl/pkg/proto/services_grpc.pb.go:183.159,185.32 2 0
github.com/22Fariz22/shorturl/pkg/proto/services_grpc.pb.go:185.32,187.3 1 0
github.com/22Fariz22/shorturl/pkg/proto/services_grpc.pb.go:188.2,188.24 1 0
github.com/22Fariz22/shorturl/pkg/proto/services_grpc.pb.go:188.24,190.3 1 0
github.com/22Fariz22/shorturl/pkg/proto/services_grpc.pb.go:191.2,195.77 2 0
github.com/22Fariz22/shorturl/pkg/proto/services_grpc.pb.go:195.77,197.3 1 0
github.com/22Fariz22/shorturl/pkg/proto/services_grpc.pb.go:198.2,198.44 1 0
github.com/22Fariz22/shorturl/pkg/proto/services_grpc.pb.go:201.167,203.32 2 0
github.com/22Fariz22/shorturl/pkg/proto/services_grpc.pb.go:203.32,205.3 1 0
github.com/22Fariz22/shorturl/pkg/proto/services_grpc.pb.go:206.2,206.24 1 0
github.com/22Fariz22/shorturl/pkg/proto/services_grpc.pb.go:206.24,208.3 1 0
github.com/22Fariz22/shorturl/pkg/proto/services_grpc.pb.go:209.2,213.77 2 0
github.com/22Fariz22/shorturl/pkg/proto/services_grpc.pb.go:213.77,215.3 1 0
github.com/22Fariz22/shorturl/pkg/proto/services_grpc.pb.go:216.2,216.44 1 0
github.com/22Fariz22/shorturl/pkg/proto/services_grpc.pb.go:219.163,221.32 2 0
github.com/22Fariz22/shorturl/pkg/proto/services_grpc.pb.go:221.32,223.3 1 0
github.com/22Fariz22/shorturl/pkg/proto/services_grpc.pb.go:224.2,224.24 1 0
github.com/22Fariz22/shorturl/pkg/proto/services_grpc.pb.go:224.24,226.3 1 0
github.com/22Fariz22/shorturl/pkg/proto/services_grpc.pb.go:227.2,231.77 2 0
github.com/22Fariz22/shorturl/pkg/proto/services_grpc.pb.go:231.77,233.3 1 0
github.com/22Fariz22/shorturl/pkg/proto/services_grpc.pb.go:234.2,234.44 1 0
github.com/22Fariz22/shorturl/pkg/proto/services_grpc.pb.go:237.175,239.32 2 0
github.com/22Fariz22/shorturl/pkg/proto/services_grpc.pb.go:239.32,241.3 1 0
github.com/22Fariz22/shorturl/pkg/proto/services_grpc.pb.go:242.2,242.24 1 0
github.com/22Fariz22/shorturl/pkg/proto/services_grpc.pb.go:242.24,244.3 1 0
github.com/22Fariz22/shorturl/pkg/proto/services_grpc.pb.go:245.2,249.77 2 0
github.com/22Fariz22/shorturl/pkg/proto/services_grpc.pb.go:249.77,251.3 1 0
github.com/22Fariz22/shorturl/pkg/proto/services_grpc.pb.go:252.2,252.44 1 0
github.com/22Fariz22/shorturl/pkg/proto/services_grpc.pb.go:255.176,257.32 2 0
github.com/22Fariz22/shorturl/pkg/proto/services_grpc.pb.go:257.32,259.3 1 0
github.com/22Fariz22/shorturl/pkg/proto/services_grpc.pb.go:260.2,260.24 1 0
github.com/22Fariz22/shorturl/pkg/proto/services_grpc.pb.go:260.24,262.3 1 0
github.com/22Fariz22/shorturl/pkg/proto/services_grpc.pb.go:263.2,267.77 2 0
github.com/22Fariz22/shorturl/pkg/proto/services_grpc.pb.go:267.77,269.3 1 0
github.com/22Fariz22/shorturl/pkg/proto/services_grpc.pb.go:270.2,270.44 1 0
github.com/22Fariz22/shorturl/pkg/proto/services_grpc.pb.go:273.159,275.32 2 0
github.com/22Fariz22/shorturl/pkg/proto/services_grpc.pb.go:275.32,277.3 1 0
github.com/22Fariz22/shorturl/pkg/proto/services_grpc.pb.go:278.2,278.24 1 0
github.com/22Fariz22/shorturl/pkg/proto/services_grpc.pb.go:278.24,280.3 1 0
github.com/22Fariz22/shorturl/pkg/proto/services_grpc.pb.go:281.2,285.77 2 0
github.com/22Fariz22/shorturl/pkg/proto/services_grpc.pb.go:285.77,287.3 1 0
github.com/22Fariz22/shorturl/pkg/proto/services_grpc.pb.go:288.2,288.44 1 0
github.com/22Fariz22/shorturl/pkg/proto/services_grpc.pb.go:291.172,293.32 2 0
github.com/22Fariz22/shorturl/pkg/proto/services_grpc.pb.go:293.32,295.3 1 0
github.com/22Fariz22/shorturl/pkg/proto/services_grpc.pb.go:296.2,296.24 1 0
github.com/22Fariz22/shorturl/pkg/proto/services_grpc.pb.go:296.24,298.3 1 0
github.com/22Fariz22/shorturl/pkg/proto/services_grpc.pb.go:299.2,303.77 2 0
github.com/22Fariz22/shorturl/pkg/proto/services_grpc.pb.go:303.77,305.3 1 0
github.com/22Fariz22/shorturl/pkg/proto/services_grpc.pb.go:306.2,306.44 1 0
github.com/22Fariz22/shorturl/pkg/proto/services_grpc.pb.go:309.158,311.32 2 0
github.com/22Fariz22/shorturl/pkg/proto/services_grpc.pb.go:311.32,313.3 1 0
github.com/22Fariz22/shorturl/pkg/proto/services_grpc.pb.go:314.2,314.24 1 0
github.com/22Fariz22/shorturl/pkg/proto/services_grpc.pb.go:314.24,316.3 1 0
github.com/22Fariz22/shorturl/pkg/proto/services_grpc.pb.go:317.2,321.77 2 0
github.com/22Fariz22/shorturl/pkg/proto/services_grpc.pb.go:321.77,323.3 1 0
github.com/22Fariz22/shorturl/pkg/proto/services_grpc.pb.go:324.2,324.44 1 0
github.com/22Fariz22/shorturl/internal/config/config.go:39.26,52.30 11 0
github.com/22Fariz22/shorturl/internal/config/config.go:52.30,54.17 2 0
github.com/22Fariz22/shorturl/internal/config/config.go:54.17,56.4 1 0
github.com/22Fariz22/shorturl/internal/config/config.go:58.3,59.17 2 0
github.com/22Fariz22/shorturl/internal/config/config.go:59.17,61.4 1 0
github.com/22Fariz22/shorturl/internal/config/config.go:64.2,64.39 1 0
github.com/22Fariz22/shorturl/internal/config/config.go:64.39,66.3 1 0
github.com/22Fariz22/shorturl/internal/config/config.go:68.2,71.16 3 0
github.com/22Fariz22/shorturl/internal/config/config.go:71.16,73.3 1 0
github.com/22Fariz22/shorturl/internal/config/config.go:75.2,84.3 1 0
github.com/22Fariz22/shorturl/internal/config/config.go:89.58,91.16 2 0
github.com/22Fariz22/shorturl/internal/config/config.go:91.16,93.3 1 0
github.com/22Fariz22/shorturl/internal/config/config.go:94.2,95.16 2 0
github.com/22Fariz22/shorturl/internal/config/config.go:95.16,97.3 1 0
github.com/22Fariz22/shorturl/internal/config/config.go:98.2,98.12 1 0
github.com/22Fariz22/shorturl/internal/storage/storage.go:29.102,30.31 1 1
github.com/22Fariz22/shorturl/internal/storage/storage.go:30.31,31.28 1 0
github.com/22Fariz22/shorturl/internal/storage/storage.go:31.28,32.63 1 0
github.com/22Fariz22/shorturl/internal/storage/storage.go:32.63,40.5 1 0
github.com/22Fariz22/shorturl/internal/storage/storage.go:43.2,43.12 1 1
github.com/22Fariz22/shorturl/internal/storage/storage.go:47.95,52.31 4 1
github.com/22Fariz22/shorturl/internal/storage/storage.go:52.31,53.25 1 0
github.com/22Fariz22/shorturl/internal/storage/storage.go:53.25,57.4 3 0
github.com/22Fariz22/shorturl/internal/storage/storage.go:59.2,59.13 1 1
github.com/22Fariz22/shorturl/internal/storage/storage.go:63.80,67.30 3 1
github.com/22Fariz22/shorturl/internal/storage/storage.go:67.30,68.18 1 0
github.com/22Fariz22/shorturl/internal/storage/storage.go:68.18,70.4 1 0
github.com/22Fariz22/shorturl/internal/storage/storage.go:72.2,72.28 1 1
github.com/22Fariz22/shorturl/internal/storage/storage.go:76.121,89.9 6 1
github.com/22Fariz22/shorturl/internal/storage/storage.go:89.9,92.3 2 1
github.com/22Fariz22/shorturl/internal/storage/storage.go:93.2,93.31 1 0
github.com/22Fariz22/shorturl/internal/storage/storage.go:97.90,101.30 3 0
github.com/22Fariz22/shorturl/internal/storage/storage.go:101.30,104.3 2 0
github.com/22Fariz22/shorturl/internal/storage/storage.go:106.2,106.37 1 0
github.com/22Fariz22/shorturl/internal/storage/storage.go:110.26,114.2 1 1
github.com/22Fariz22/shorturl/internal/usecase/file/file.go:28.91,31.2 2 1
github.com/22Fariz22/shorturl/internal/usecase/file/file.go:34.126,36.27 1 1
github.com/22Fariz22/shorturl/internal/usecase/file/file.go:36.27,43.17 3 1
github.com/22Fariz22/shorturl/internal/usecase/file/file.go:43.17,46.4 2 0
github.com/22Fariz22/shorturl/internal/usecase/file/file.go:47.3,49.62 3 1
github.com/22Fariz22/shorturl/internal/usecase/file/file.go:51.2,51.12 1 1
github.com/22Fariz22/shorturl/internal/usecase/file/file.go:61.56,63.16 2 1
github.com/22Fariz22/shorturl/internal/usecase/file/file.go:63.16,65.3 1 0
github.com/22Fariz22/shorturl/internal/usecase/file/file.go:66.2,69.8 1 1
github.com/22Fariz22/shorturl/internal/usecase/file/file.go:73.49,77.16 3 0
github.com/22Fariz22/shorturl/internal/usecase/file/file.go:77.16,79.3 1 0
github.com/22Fariz22/shorturl/internal/usecase/file/file.go:81.2,85.3 1 0
github.com/22Fariz22/shorturl/internal/usecase/file/file.go:89.59,92.21 2 1
github.com/22Fariz22/shorturl/internal/usecase/file/file.go:92.21,96.17 4 1
github.com/22Fariz22/shorturl/internal/usecase/file/file.go:96.17,98.4 1 0
github.com/22Fariz22/shorturl/internal/usecase/file/file.go:99.3,99.67 1 1
github.com/22Fariz22/shorturl/internal/usecase/file/file.go:101.2,101.38 1 1
github.com/22Fariz22/shorturl/internal/usecase/file/file.go:101.38,103.3 1 0
github.com/22Fariz22/shorturl/internal/usecase/file/file.go:104.2,104.12 1 1
github.com/22Fariz22/shorturl/internal/usecase/file/file.go:108.138,116.16 3 1
github.com/22Fariz22/shorturl/internal/usecase/file/file.go:116.16,119.3 2 0
github.com/22Fariz22/shorturl/internal/usecase/file/file.go:120.2,123.16 4 1
github.com/22Fariz22/shorturl/internal/usecase/file/file.go:127.111,130.2 2 1
github.com/22Fariz22/shorturl/internal/usecase/file/file.go:133.118,135.2 1 1
github.com/22Fariz22/shorturl/internal/usecase/file/file.go:138.80,140.2 1 0
github.com/22Fariz22/shorturl/internal/usecase/file/file.go:142.93,144.2 1 0
github.com/22Fariz22/shorturl/pkg/logger/logger.go:29.32,32.32 2 1
github.com/22Fariz22/shorturl/pkg/logger/logger.go:33.15,34.25 1 0
github.com/22Fariz22/shorturl/pkg/logger/logger.go:35.14,36.24 1 0
github.com/22Fariz22/shorturl/pkg/logger/logger.go:37.14,38.24 1 0
github.com/22Fariz22/shorturl/pkg/logger/logger.go:39.15,40.25 1 1
github.com/22Fariz22/shorturl/pkg/logger/logger.go:41.10,42.24 1 0
github.com/22Fariz22/shorturl/pkg/logger/logger.go:45.2,53.3 4 1
github.com/22Fariz22/shorturl/pkg/logger/logger.go:57.66,59.2 1 0
github.com/22Fariz22/shorturl/pkg/logger/logger.go:62.60,64.2 1 0
github.com/22Fariz22/shorturl/pkg/logger/logger.go:67.60,69.2 1 0
github.com/22Fariz22/shorturl/pkg/logger/logger.go:72.66,73.47 1 0
github.com/22Fariz22/shorturl/pkg/logger/logger.go:73.47,75.3 1 0
github.com/22Fariz22/shorturl/pkg/logger/logger.go:77.2,77.34 1 0
github.com/22Fariz22/shorturl/pkg/logger/logger.go:81.66,85.2 2 0
github.com/22Fariz22/shorturl/pkg/logger/logger.go:87.59,88.20 1 0
github.com/22Fariz22/shorturl/pkg/logger/logger.go:88.20,90.3 1 0
github.com/22Fariz22/shorturl/pkg/logger/logger.go:90.8,92.3 1 0
github.com/22Fariz22/shorturl/pkg/logger/logger.go:95.78,96.31 1 0
github.com/22Fariz22/shorturl/pkg/logger/logger.go:97.13,98.30 1 0
github.com/22Fariz22/shorturl/pkg/logger/logger.go:99.14,100.22 1 0
github.com/22Fariz22/shorturl/pkg/logger/logger.go:101.10,102.88 1 0
github.com/22Fariz22/shorturl/internal/storage/storage.go:29.102,30.31 1 1
github.com/22Fariz22/shorturl/internal/storage/storage.go:30.31,31.28 1 1
github.com/22Fariz22/shorturl/internal/storage/storage.go:31.28,32.63 1 0
github.com/22Fariz22/shorturl/internal/storage/storage.go:32.63,40.5 1 0
github.com/22Fariz22/shorturl/internal/storage/storage.go:43.2,43.12 1 1
github.com/22Fariz22/shorturl/internal/storage/storage.go:47.95,52.31 4 1
github.com/22Fariz22/shorturl/internal/storage/storage.go:52.31,53.25 1 0
github.com/22Fariz22/shorturl/internal/storage/storage.go:53.25,57.4 3 0
github.com/22Fariz22/shorturl/internal/storage/storage.go:59.2,59.13 1 1
github.com/22Fariz22/shorturl/internal/storage/storage.go:63.80,67.30 3 1
github.com/22Fariz22/shorturl/internal/storage/storage.go:67.30,68.18 1 0
github.com/22Fariz22/shorturl/internal/storage/storage.go:68.18,70.4 1 0
github.com/22Fariz22/shorturl/internal/storage/storage.go:72.2,72.28 1 1
github.com/22Fariz22/shorturl/internal/storage/storage.go:76.121,89.9 6 1
github.com/22Fariz22/shorturl/internal/storage/storage.go:89.9,92.3 2 1
github.com/22Fariz22/shorturl/internal/storage/storage.go:93.2,93.31 1 0
github.com/22Fariz22/shorturl/internal/storage/storage.go:97.90,101.30 3 0
github.com/22Fariz22/shorturl/internal/storage/storage.go:101.30,104.3 2 0
github.com/22Fariz22/shorturl/internal/storage/storage.go:106.2,106.37 1 0
github.com/22Fariz22/shorturl/internal/storage/storage.go:110.26,114.2 1 1
github.com/22Fariz22/shorturl/internal/usecase/memory/memory.go:18.61,20.2 1 0
github.com/22Fariz22/shorturl/internal/usecase/memory/memory.go:23.31,28.2 2 1
github.com/22Fariz22/shorturl/internal/usecase/memory/memory.go:31.140,34.2 2 1
github.com/22Fariz22/shorturl/internal/usecase/memory/memory.go:37.113,40.2 2 1
github.com/22Fariz22/shorturl/internal/usecase/memory/memory.go:43.120,45.2 1 1
github.com/22Fariz22/shorturl/internal/usecase/memory/memory.go:48.82,50.2 1 0
github.com/22Fariz22/shorturl/internal/usecase/memory/memory.go:53.128,54.27 1 1
github.com/22Fariz22/shorturl/internal/usecase/memory/memory.go:54.27,60.3 2 1
github.com/22Fariz22/shorturl/internal/usecase/memory/memory.go:61.2,61.12 1 1
github.com/22Fariz22/shorturl/internal/usecase/memory/memory.go:65.93,68.2 2 1
github.com/22Fariz22/shorturl/internal/usecase/memory/memory.go:70.95,72.2 1 0
github.com/22Fariz22/shorturl/pkg/logger/logger.go:29.32,32.32 2 1
github.com/22Fariz22/shorturl/pkg/logger/logger.go:33.15,34.25 1 0
github.com/22Fariz22/shorturl/pkg/logger/logger.go:35.14,36.24 1 0
github.com/22Fariz22/shorturl/pkg/logger/logger.go:37.14,38.24 1 0
github.com/22Fariz22/shorturl/pkg/logger/logger.go:39.15,40.25 1 1
github.com/22Fariz22/shorturl/pkg/logger/logger.go:41.10,42.24 1 0
github.com/22Fariz22/shorturl/pkg/logger/logger.go:45.2,53.3 4 1
github.com/22Fariz22/shorturl/pkg/logger/logger.go:57.66,59.2 1 0
github.com/22Fariz22/shorturl/pkg/logger/logger.go:62.60,64.2 1 0
github.com/22Fariz22/shorturl/pkg/logger/logger.go:67.60,69.2 1 0
github.com/22Fariz22/shorturl/pkg/logger/logger.go:72.66,73.47 1 0
github.com/22Fariz22/shorturl/pkg/logger/logger.go:73.47,75.3 1 0
github.com/22Fariz22/shorturl/pkg/logger/logger.go:77.2,77.34 1 0
github.com/22Fariz22/shorturl/pkg/logger/logger.go:81.66,85.2 2 0
github.com/22Fariz22/shorturl/pkg/logger/logger.go:87.59,88.20 1 0
github.com/22Fariz22/shorturl/pkg/logger/logger.go:88.20,90.3 1 0
github.com/22Fariz22/shorturl/pkg/logger/logger.go:90.8,92.3 1 0
github.com/22Fariz22/shorturl/pkg/logger/logger.go:95.78,96.31 1 0
github.com/22Fariz22/shorturl/pkg/logger/logger.go:97.13,98.30 1 0
github.com/22Fariz22/shorturl/pkg/logger/logger.go:99.14,100.22 1 0
github.com/22Fariz22/shorturl/pkg/logger/logger.go:101.10,102.88 1 0
github.com/22Fariz22/shorturl/internal/worker/worker.go:24.71,33.2 1 0
github.com/22Fariz22/shorturl/internal/worker/worker.go:42.100,43.9 1 0
github.com/22Fariz22/shorturl/internal/worker/worker.go:44.20,45.47 1 0
github.com/22Fariz22/shorturl/internal/worker/worker.go:49.4,50.13 1 0
github.com/22Fariz22/shorturl/internal/worker/worker.go:55.38,56.29 1 0
github.com/22Fariz22/shorturl/internal/worker/worker.go:56.29,58.13 2 0
github.com/22Fariz22/shorturl/internal/worker/worker.go:58.13,60.8 2 0
github.com/22Fariz22/shorturl/internal/worker/worker.go:60.8,61.12 1 0
github.com/22Fariz22/shorturl/internal/worker/worker.go:62.23,63.12 1 0
github.com/22Fariz22/shorturl/internal/worker/worker.go:64.33,65.13 1 0
github.com/22Fariz22/shorturl/internal/worker/worker.go:65.13,67.7 1 0
github.com/22Fariz22/shorturl/internal/worker/worker.go:69.6,70.20 2 0
github.com/22Fariz22/shorturl/internal/worker/worker.go:70.20,72.7 1 0
github.com/22Fariz22/shorturl/internal/worker/worker.go:80.23,81.19 1 0
github.com/22Fariz22/shorturl/internal/worker/worker.go:81.19,84.3 2 0
github.com/22Fariz22/shorturl/internal/worker/worker.go:85.2,85.13 1 0
github.com/22Fariz22/shorturl/pkg/logger/logger.go:29.32,32.32 2 0
github.com/22Fariz22/shorturl/pkg/logger/logger.go:33.15,34.25 1 0
github.com/22Fariz22/shorturl/pkg/logger/logger.go:35.14,36.24 1 0
github.com/22Fariz22/shorturl/pkg/logger/logger.go:37.14,38.24 1 0
github.com/22Fariz22/shorturl/pkg/logger/logger.go:39.15,40.25 1 0
github.com/22Fariz22/shorturl/pkg/logger/logger.go:41.10,42.24 1 0
github.com/22Fariz22/shorturl/pkg/logger/logger.go:45.2,53.3 4 0
github.com/22Fariz22/shorturl/pkg/logger/logger.go:57.66,59.2 1 0
github.com/22Fariz22/shorturl/pkg/logger/logger.go:62.60,64.2 1 0
github.com/22Fariz22/shorturl/pkg/logger/logger.go:67.60,69.2 1 0
github.com/22Fariz22/shorturl/pkg/logger/logger.go:72.66,73.47 1 0
github.com/22Fariz22/shorturl/pkg/logger/logger.go:73.47,75.3 1 0
github.com/22Fariz22/shorturl/pkg/logger/logger.go:77.2,77.34 1 0
github.com/22Fariz22/shorturl/pkg/logger/logger.go:81.66,85.2 2 0
github.com/22Fariz22/shorturl/pkg/logger/logger.go:87.59,88.20 1 0
github.com/22Fariz22/shorturl/pkg/logger/logger.go:88.20,90.3 1 0
github.com/22Fariz22/shorturl/pkg/logger/logger.go:90.8,92.3 1 0
github.com/22Fariz22/shorturl/pkg/logger/logger.go:95.78,96.31 1 0
github.com/22Fariz22/shorturl/pkg/logger/logger.go:97.13,98.30 1 0
github.com/22Fariz22/shorturl/pkg/logger/logger.go:99.14,100.22 1 0
github.com/22Fariz22/shorturl/pkg/logger/logger.go:101.10,102.88 1 0
